C:\USERS\LUKAS_000\DOCUMENTS\E3PRJ3.GIT\DESIGN OG IMPLEMENTERING\IMPLEMENTERING\MIDI-GENERATOR\MIDI-GENERATOR\DEBUG\CCABSGEN.OBJ
C:\USERS\LUKAS_000\DOCUMENTS\E3PRJ3.GIT\DESIGN OG IMPLEMENTERING\IMPLEMENTERING\MIDI-GENERATOR\MIDI-GENERATOR\DEBUG\CCRELGEN.OBJ
C:\USERS\LUKAS_000\DOCUMENTS\E3PRJ3.GIT\DESIGN OG IMPLEMENTERING\IMPLEMENTERING\MIDI-GENERATOR\MIDI-GENERATOR\DEBUG\CONTNOTEGEN.OBJ
C:\USERS\LUKAS_000\DOCUMENTS\E3PRJ3.GIT\DESIGN OG IMPLEMENTERING\IMPLEMENTERING\MIDI-GENERATOR\MIDI-GENERATOR\DEBUG\MIDIGEN.OBJ
C:\USERS\LUKAS_000\DOCUMENTS\E3PRJ3.GIT\DESIGN OG IMPLEMENTERING\IMPLEMENTERING\MIDI-GENERATOR\MIDI-GENERATOR\DEBUG\SINGLENOTEGEN.OBJ
C:\USERS\LUKAS_000\DOCUMENTS\E3PRJ3.GIT\DESIGN OG IMPLEMENTERING\IMPLEMENTERING\MIDI-GENERATOR\MIDI-GENERATOR\DEBUG\TEST.OBJ
C:\USERS\LUKAS_000\DOCUMENTS\E3PRJ3.GIT\DESIGN OG IMPLEMENTERING\IMPLEMENTERING\MIDI-GENERATOR\MIDI-GENERATOR\DEBUG\VC110.PDB
C:\USERS\LUKAS_000\DOCUMENTS\E3PRJ3.GIT\DESIGN OG IMPLEMENTERING\IMPLEMENTERING\MIDI-GENERATOR\DEBUG\MIDI-GENERATOR.ILK
C:\USERS\LUKAS_000\DOCUMENTS\E3PRJ3.GIT\DESIGN OG IMPLEMENTERING\IMPLEMENTERING\MIDI-GENERATOR\DEBUG\MIDI-GENERATOR.EXE
C:\USERS\LUKAS_000\DOCUMENTS\E3PRJ3.GIT\DESIGN OG IMPLEMENTERING\IMPLEMENTERING\MIDI-GENERATOR\DEBUG\MIDI-GENERATOR.PDB
C:\Users\Lukas_000\Documents\E3PRJ3.git\Design og implementering\Implementering\MIDI-generator\MIDI-generator\Debug\CCAbsGen.obj
C:\Users\Lukas_000\Documents\E3PRJ3.git\Design og implementering\Implementering\MIDI-generator\MIDI-generator\Debug\CCRelGen.obj
C:\Users\Lukas_000\Documents\E3PRJ3.git\Design og implementering\Implementering\MIDI-generator\MIDI-generator\Debug\contNoteGen.obj
C:\Users\Lukas_000\Documents\E3PRJ3.git\Design og implementering\Implementering\MIDI-generator\MIDI-generator\Debug\MIDIGen.obj
C:\Users\Lukas_000\Documents\E3PRJ3.git\Design og implementering\Implementering\MIDI-generator\MIDI-generator\Debug\singleNoteGen.obj
C:\Users\Lukas_000\Documents\E3PRJ3.git\Design og implementering\Implementering\MIDI-generator\MIDI-generator\Debug\test.obj
C:\Users\Lukas_000\Documents\E3PRJ3.git\Design og implementering\Implementering\MIDI-generator\MIDI-generator\Debug\cl.command.1.tlog
C:\Users\Lukas_000\Documents\E3PRJ3.git\Design og implementering\Implementering\MIDI-generator\MIDI-generator\Debug\CL.read.1.tlog
C:\Users\Lukas_000\Documents\E3PRJ3.git\Design og implementering\Implementering\MIDI-generator\MIDI-generator\Debug\CL.write.1.tlog
C:\Users\Lukas_000\Documents\E3PRJ3.git\Design og implementering\Implementering\MIDI-generator\MIDI-generator\Debug\link-cvtres.read.1.tlog
C:\Users\Lukas_000\Documents\E3PRJ3.git\Design og implementering\Implementering\MIDI-generator\MIDI-generator\Debug\link-cvtres.write.1.tlog
C:\Users\Lukas_000\Documents\E3PRJ3.git\Design og implementering\Implementering\MIDI-generator\MIDI-generator\Debug\link-rc.read.1.tlog
C:\Users\Lukas_000\Documents\E3PRJ3.git\Design og implementering\Implementering\MIDI-generator\MIDI-generator\Debug\link-rc.write.1.tlog
C:\Users\Lukas_000\Documents\E3PRJ3.git\Design og implementering\Implementering\MIDI-generator\MIDI-generator\Debug\link.command.1.tlog
C:\Users\Lukas_000\Documents\E3PRJ3.git\Design og implementering\Implementering\MIDI-generator\MIDI-generator\Debug\link.read.1.tlog
C:\Users\Lukas_000\Documents\E3PRJ3.git\Design og implementering\Implementering\MIDI-generator\MIDI-generator\Debug\link.write.1.tlog
C:\Users\Lukas_000\Documents\E3PRJ3.git\Design og implementering\Implementering\MIDI-generator\MIDI-generator\Debug\vc110.idb
C:\Users\Lukas_000\Documents\E3PRJ3.git\Design og implementering\Implementering\MIDI-generator\MIDI-generator\Debug\vc110.pdb
C:\Users\Lukas_000\Documents\E3PRJ3.git\Design og implementering\Implementering\MIDI-generator\Debug\MIDI-generator.pdb
C:\Users\Lukas_000\Documents\E3PRJ3.git\Design og implementering\Implementering\MIDI-generator\Debug\MIDI-generator.exe
C:\Users\Lukas_000\Documents\E3PRJ3.git\Design og implementering\Implementering\MIDI-generator\Debug\MIDI-generator.ilk
