ARM GAS  C:\Users\Jeppe\AppData\Local\Temp\cclHbPyn.s 			page 1


   1              		.cpu cortex-m0
   2              		.fpu softvfp
   3              		.eabi_attribute 20, 1
   4              		.eabi_attribute 21, 1
   5              		.eabi_attribute 23, 3
   6              		.eabi_attribute 24, 1
   7              		.eabi_attribute 25, 1
   8              		.eabi_attribute 26, 1
   9              		.eabi_attribute 30, 6
  10              		.eabi_attribute 34, 0
  11              		.eabi_attribute 18, 4
  12              		.code	16
  13              		.file	"main.c"
  14              		.text
  15              	.Ltext0:
  16              		.cfi_sections	.debug_frame
  17              		.comm	rawData,1,1
  18              		.section	.rodata
  19              		.align	2
  20              	.LC0:
  21 0000 0A0D4932 		.ascii	"\012\015I2C_Slave Flexiforce 301A connected\012\015"
  21      435F536C 
  21      61766520 
  21      466C6578 
  21      69666F72 
  22 0027 00       		.ascii	"\000"
  23              		.align	2
  24              	.LC2:
  25 0028 0A0D466C 		.ascii	"\012\015Flexiforce initialized.\012\015\000"
  25      65786966 
  25      6F726365 
  25      20696E69 
  25      7469616C 
  26              		.align	2
  27              	.LC4:
  28 0044 0A0D3130 		.ascii	"\012\01510 reads will now be performed.\012Please w"
  28      20726561 
  28      64732077 
  28      696C6C20 
  28      6E6F7720 
  29 006e 6169742E 		.ascii	"ait.\012\015\000"
  29      0A0D00
  30 0075 000000   		.align	2
  31              	.LC7:
  32 0078 0A0D5261 		.ascii	"\012\015RawData: %d\012\015\000"
  32      77446174 
  32      613A2025 
  32      640A0D00 
  33              		.align	2
  34              	.LC9:
  35 0088 0A0D6572 		.ascii	"\012\015erroes++\012\015\000"
  35      726F6573 
  35      2B2B0A0D 
  35      00
  36 0095 000000   		.align	2
  37              	.LC11:
  38 0098 46696E69 		.ascii	"Finished reading.\012Errors: %d\012\000"
ARM GAS  C:\Users\Jeppe\AppData\Local\Temp\cclHbPyn.s 			page 2


  38      73686564 
  38      20726561 
  38      64696E67 
  38      2E0A4572 
  39 00b6 0000     		.section	.text.main,"ax",%progbits
  40              		.align	2
  41              		.global	main
  42              		.code	16
  43              		.thumb_func
  44              		.type	main, %function
  45              	main:
  46              	.LFB33:
  47              		.file 1 ".\\main.c"
   1:.\main.c      **** /* ========================================
   2:.\main.c      ****  *
   3:.\main.c      ****  * Copyright YOUR COMPANY, THE YEAR
   4:.\main.c      ****  * All Rights Reserved
   5:.\main.c      ****  * UNPUBLISHED, LICENSED SOFTWARE.
   6:.\main.c      ****  *
   7:.\main.c      ****  * CONFIDENTIAL AND PROPRIETARY INFORMATION
   8:.\main.c      ****  * WHICH IS THE PROPERTY OF your company.
   9:.\main.c      ****  *
  10:.\main.c      ****  * ========================================
  11:.\main.c      **** */
  12:.\main.c      **** #include <project.h>
  13:.\main.c      **** #include "stdlib.h"
  14:.\main.c      **** #include <stdio.h>
  15:.\main.c      **** 
  16:.\main.c      **** #define FLEXI_ADDRESS 2
  17:.\main.c      **** #define X0_REG 0x00
  18:.\main.c      **** #define PWR_CTRL_REG 0x2D
  19:.\main.c      **** #define PWR_MODE (1<<3)
  20:.\main.c      **** uint8 rawData;
  21:.\main.c      **** 
  22:.\main.c      **** int main()
  23:.\main.c      **** {
  48              		.loc 1 23 0
  49              		.cfi_startproc
  50 0000 80B5     		push	{r7, lr}
  51              	.LCFI0:
  52              		.cfi_def_cfa_offset 8
  53              		.cfi_offset 7, -8
  54              		.cfi_offset 14, -4
  55 0002 9CB0     		sub	sp, sp, #112
  56              	.LCFI1:
  57              		.cfi_def_cfa_offset 120
  58 0004 00AF     		add	r7, sp, #0
  59              	.LCFI2:
  60              		.cfi_def_cfa_register 7
  24:.\main.c      ****     UART_1_Start();
  61              		.loc 1 24 0
  62 0006 FFF7FEFF 		bl	UART_1_Start
  25:.\main.c      ****     UART_1_UartPutString("\n\rI2C_Slave Flexiforce 301A connected\n\r");
  63              		.loc 1 25 0
  64 000a 464B     		ldr	r3, .L11
  65 000c 181C     		mov	r0, r3
  66 000e FFF7FEFF 		bl	UART_1_UartPutString
ARM GAS  C:\Users\Jeppe\AppData\Local\Temp\cclHbPyn.s 			page 3


  26:.\main.c      ****     I2C_1_Start(); 
  67              		.loc 1 26 0
  68 0012 FFF7FEFF 		bl	I2C_1_Start
  27:.\main.c      ****     I2C_1_I2CMasterClearStatus();
  69              		.loc 1 27 0
  70 0016 FFF7FEFF 		bl	I2C_1_I2CMasterClearStatus
  28:.\main.c      ****     char dataString[4]; 
  29:.\main.c      ****     
  30:.\main.c      ****     if(I2C_1_I2CMasterSendStart(FLEXI_ADDRESS, I2C_1_I2C_WRITE_XFER_MODE) == I2C_1_I2C_MSTR_NO_ERRO
  71              		.loc 1 30 0
  72 001a 0220     		mov	r0, #2
  73 001c 0021     		mov	r1, #0
  74 001e FFF7FEFF 		bl	I2C_1_I2CMasterSendStart
  75 0022 031C     		mov	r3, r0
  76 0024 002B     		cmp	r3, #0
  77 0026 0FD1     		bne	.L2
  31:.\main.c      ****         && I2C_1_I2CMasterWriteByte(PWR_CTRL_REG) == I2C_1_I2C_MSTR_NO_ERROR
  78              		.loc 1 31 0
  79 0028 2D20     		mov	r0, #45
  80 002a FFF7FEFF 		bl	I2C_1_I2CMasterWriteByte
  81 002e 031C     		mov	r3, r0
  82 0030 002B     		cmp	r3, #0
  83 0032 09D1     		bne	.L2
  32:.\main.c      ****         && I2C_1_I2CMasterWriteByte(PWR_MODE) == I2C_1_I2C_MSTR_NO_ERROR) 
  84              		.loc 1 32 0
  85 0034 0820     		mov	r0, #8
  86 0036 FFF7FEFF 		bl	I2C_1_I2CMasterWriteByte
  87 003a 031C     		mov	r3, r0
  88 003c 002B     		cmp	r3, #0
  89 003e 03D1     		bne	.L2
  33:.\main.c      ****     UART_1_UartPutString("\n\rFlexiforce initialized.\n\r");
  90              		.loc 1 33 0
  91 0040 394B     		ldr	r3, .L11+4
  92 0042 181C     		mov	r0, r3
  93 0044 FFF7FEFF 		bl	UART_1_UartPutString
  94              	.L2:
  34:.\main.c      ****     UART_1_UartPutString("\n\r10 reads will now be performed.\nPlease wait.\n\r");
  95              		.loc 1 34 0
  96 0048 384B     		ldr	r3, .L11+8
  97 004a 181C     		mov	r0, r3
  98 004c FFF7FEFF 		bl	UART_1_UartPutString
  35:.\main.c      ****     
  36:.\main.c      ****     I2C_1_I2CMasterSendStop();
  99              		.loc 1 36 0
 100 0050 FFF7FEFF 		bl	I2C_1_I2CMasterSendStop
  37:.\main.c      ****     int errors = 0;
 101              		.loc 1 37 0
 102 0054 0023     		mov	r3, #0
 103 0056 FB66     		str	r3, [r7, #108]
  38:.\main.c      ****     int i;
  39:.\main.c      ****     for(i = 0; i < 10; i++){
 104              		.loc 1 39 0
 105 0058 0023     		mov	r3, #0
 106 005a BB66     		str	r3, [r7, #104]
 107 005c 4FE0     		b	.L3
 108              	.L9:
  40:.\main.c      ****         if (I2C_1_I2CMasterSendStart(FLEXI_ADDRESS, I2C_1_I2C_WRITE_XFER_MODE) == I2C_1_I2C_MSTR_NO
ARM GAS  C:\Users\Jeppe\AppData\Local\Temp\cclHbPyn.s 			page 4


 109              		.loc 1 40 0
 110 005e 0220     		mov	r0, #2
 111 0060 0021     		mov	r1, #0
 112 0062 FFF7FEFF 		bl	I2C_1_I2CMasterSendStart
 113 0066 031C     		mov	r3, r0
 114 0068 002B     		cmp	r3, #0
 115 006a 40D1     		bne	.L4
  41:.\main.c      ****         { 
  42:.\main.c      ****           
  43:.\main.c      ****             if(I2C_1_I2CMasterWriteByte(X0_REG) == I2C_1_I2C_MSTR_NO_ERROR)
 116              		.loc 1 43 0
 117 006c 0020     		mov	r0, #0
 118 006e FFF7FEFF 		bl	I2C_1_I2CMasterWriteByte
 119 0072 031C     		mov	r3, r0
 120 0074 002B     		cmp	r3, #0
 121 0076 32D1     		bne	.L5
  44:.\main.c      ****             {
  45:.\main.c      ****                 
  46:.\main.c      ****                 if(I2C_1_I2CMasterSendRestart(FLEXI_ADDRESS, I2C_1_I2C_READ_XFER_MODE) == I2C_1_I2C
 122              		.loc 1 46 0
 123 0078 0220     		mov	r0, #2
 124 007a 0121     		mov	r1, #1
 125 007c FFF7FEFF 		bl	I2C_1_I2CMasterSendRestart
 126 0080 031C     		mov	r3, r0
 127 0082 002B     		cmp	r3, #0
 128 0084 25D1     		bne	.L6
 129              	.LBB2:
  47:.\main.c      ****                 {
  48:.\main.c      ****                     rawData = I2C_1_I2CMasterReadByte(I2C_1_I2C_NAK_DATA);
 130              		.loc 1 48 0
 131 0086 0120     		mov	r0, #1
 132 0088 FFF7FEFF 		bl	I2C_1_I2CMasterReadByte
 133 008c 031C     		mov	r3, r0
 134 008e DAB2     		uxtb	r2, r3
 135 0090 274B     		ldr	r3, .L11+12
 136 0092 1A70     		strb	r2, [r3]
  49:.\main.c      ****                     I2C_1_I2CMasterSendStop();
 137              		.loc 1 49 0
 138 0094 FFF7FEFF 		bl	I2C_1_I2CMasterSendStop
  50:.\main.c      ****                     
  51:.\main.c      ****                     char rawDataTest[32];
  52:.\main.c      ****                     sprintf(rawDataTest,  "\n\rRawData: %d\n\r", rawData);
 139              		.loc 1 52 0
 140 0098 254B     		ldr	r3, .L11+12
 141 009a 1B78     		ldrb	r3, [r3]
 142 009c 391C     		mov	r1, r7
 143 009e 254A     		ldr	r2, .L11+16
 144 00a0 081C     		mov	r0, r1
 145 00a2 111C     		mov	r1, r2
 146 00a4 1A1C     		mov	r2, r3
 147 00a6 FFF7FEFF 		bl	sprintf
  53:.\main.c      ****                     UART_1_UartPutString(rawDataTest);
 148              		.loc 1 53 0
 149 00aa 3B1C     		mov	r3, r7
 150 00ac 181C     		mov	r0, r3
 151 00ae FFF7FEFF 		bl	UART_1_UartPutString
  54:.\main.c      ****                     
ARM GAS  C:\Users\Jeppe\AppData\Local\Temp\cclHbPyn.s 			page 5


  55:.\main.c      ****                   if((rawData != 4)&&(rawData !=11)&&(rawData !=22))errors++;
 152              		.loc 1 55 0
 153 00b2 1F4B     		ldr	r3, .L11+12
 154 00b4 1B78     		ldrb	r3, [r3]
 155 00b6 042B     		cmp	r3, #4
 156 00b8 1ED0     		beq	.L8
 157              		.loc 1 55 0 is_stmt 0 discriminator 1
 158 00ba 1D4B     		ldr	r3, .L11+12
 159 00bc 1B78     		ldrb	r3, [r3]
 160 00be 0B2B     		cmp	r3, #11
 161 00c0 1AD0     		beq	.L8
 162 00c2 1B4B     		ldr	r3, .L11+12
 163 00c4 1B78     		ldrb	r3, [r3]
 164 00c6 162B     		cmp	r3, #22
 165 00c8 16D0     		beq	.L8
 166 00ca FB6E     		ldr	r3, [r7, #108]
 167 00cc 0133     		add	r3, r3, #1
 168 00ce FB66     		str	r3, [r7, #108]
 169 00d0 12E0     		b	.L8
 170              	.L6:
 171              	.LBE2:
  56:.\main.c      ****                     
  57:.\main.c      ****                 }else{
  58:.\main.c      ****                     I2C_1_I2CMasterSendStop(); /* Send Stop */
 172              		.loc 1 58 0 is_stmt 1
 173 00d2 FFF7FEFF 		bl	I2C_1_I2CMasterSendStop
  59:.\main.c      ****                     errors++;
 174              		.loc 1 59 0
 175 00d6 FB6E     		ldr	r3, [r7, #108]
 176 00d8 0133     		add	r3, r3, #1
 177 00da FB66     		str	r3, [r7, #108]
 178 00dc 0CE0     		b	.L8
 179              	.L5:
  60:.\main.c      ****                     //UART_1_UartPutString("\n\rElse stop\n\r");
  61:.\main.c      ****                 }
  62:.\main.c      ****             } else {
  63:.\main.c      ****                 errors++;
 180              		.loc 1 63 0
 181 00de FB6E     		ldr	r3, [r7, #108]
 182 00e0 0133     		add	r3, r3, #1
 183 00e2 FB66     		str	r3, [r7, #108]
  64:.\main.c      ****                 UART_1_UartPutString("\n\rerroes++\n\r");
 184              		.loc 1 64 0
 185 00e4 144B     		ldr	r3, .L11+20
 186 00e6 181C     		mov	r0, r3
 187 00e8 FFF7FEFF 		bl	UART_1_UartPutString
 188 00ec 04E0     		b	.L8
 189              	.L4:
  65:.\main.c      ****             }
  66:.\main.c      ****         }
  67:.\main.c      ****         else
  68:.\main.c      ****         {
  69:.\main.c      ****             I2C_1_I2CMasterSendStop(); /* Send Stop */
 190              		.loc 1 69 0
 191 00ee FFF7FEFF 		bl	I2C_1_I2CMasterSendStop
  70:.\main.c      ****             errors++;
 192              		.loc 1 70 0
ARM GAS  C:\Users\Jeppe\AppData\Local\Temp\cclHbPyn.s 			page 6


 193 00f2 FB6E     		ldr	r3, [r7, #108]
 194 00f4 0133     		add	r3, r3, #1
 195 00f6 FB66     		str	r3, [r7, #108]
 196              	.L8:
  39:.\main.c      ****     for(i = 0; i < 10; i++){
 197              		.loc 1 39 0
 198 00f8 BB6E     		ldr	r3, [r7, #104]
 199 00fa 0133     		add	r3, r3, #1
 200 00fc BB66     		str	r3, [r7, #104]
 201              	.L3:
  39:.\main.c      ****     for(i = 0; i < 10; i++){
 202              		.loc 1 39 0 is_stmt 0 discriminator 1
 203 00fe BB6E     		ldr	r3, [r7, #104]
 204 0100 092B     		cmp	r3, #9
 205 0102 ACDD     		ble	.L9
  71:.\main.c      ****             
  72:.\main.c      ****         }
  73:.\main.c      ****         
  74:.\main.c      ****     }
  75:.\main.c      ****     char errorString[67];
  76:.\main.c      ****     sprintf(errorString,  "Finished reading.\nErrors: %d\n", errors);
 206              		.loc 1 76 0 is_stmt 1
 207 0104 391C     		mov	r1, r7
 208 0106 2031     		add	r1, r1, #32
 209 0108 0C4A     		ldr	r2, .L11+24
 210 010a FB6E     		ldr	r3, [r7, #108]
 211 010c 081C     		mov	r0, r1
 212 010e 111C     		mov	r1, r2
 213 0110 1A1C     		mov	r2, r3
 214 0112 FFF7FEFF 		bl	sprintf
  77:.\main.c      ****     UART_1_UartPutString(errorString);
 215              		.loc 1 77 0
 216 0116 3B1C     		mov	r3, r7
 217 0118 2033     		add	r3, r3, #32
 218 011a 181C     		mov	r0, r3
 219 011c FFF7FEFF 		bl	UART_1_UartPutString
 220              	.L10:
  78:.\main.c      ****     while(1);
 221              		.loc 1 78 0 discriminator 1
 222 0120 FEE7     		b	.L10
 223              	.L12:
 224 0122 C046     		.align	2
 225              	.L11:
 226 0124 00000000 		.word	.LC0
 227 0128 28000000 		.word	.LC2
 228 012c 44000000 		.word	.LC4
 229 0130 00000000 		.word	rawData
 230 0134 78000000 		.word	.LC7
 231 0138 88000000 		.word	.LC9
 232 013c 98000000 		.word	.LC11
 233              		.cfi_endproc
 234              	.LFE33:
 235              		.size	main, .-main
 236              		.text
 237              	.Letext0:
 238              		.file 2 "./Generated_Source/PSoC4/cytypes.h"
 239              		.section	.debug_info,"",%progbits
ARM GAS  C:\Users\Jeppe\AppData\Local\Temp\cclHbPyn.s 			page 7


 240              	.Ldebug_info0:
 241 0000 43010000 		.4byte	0x143
 242 0004 0200     		.2byte	0x2
 243 0006 00000000 		.4byte	.Ldebug_abbrev0
 244 000a 04       		.byte	0x4
 245 000b 01       		.uleb128 0x1
 246 000c 28000000 		.4byte	.LASF17
 247 0010 01       		.byte	0x1
 248 0011 1C010000 		.4byte	.LASF18
 249 0015 25010000 		.4byte	.LASF19
 250 0019 00000000 		.4byte	.Ldebug_ranges0+0
 251 001d 00000000 		.4byte	0
 252 0021 00000000 		.4byte	0
 253 0025 00000000 		.4byte	.Ldebug_line0
 254 0029 02       		.uleb128 0x2
 255 002a 01       		.byte	0x1
 256 002b 06       		.byte	0x6
 257 002c 03010000 		.4byte	.LASF0
 258 0030 02       		.uleb128 0x2
 259 0031 01       		.byte	0x1
 260 0032 08       		.byte	0x8
 261 0033 B8000000 		.4byte	.LASF1
 262 0037 02       		.uleb128 0x2
 263 0038 02       		.byte	0x2
 264 0039 05       		.byte	0x5
 265 003a D4000000 		.4byte	.LASF2
 266 003e 02       		.uleb128 0x2
 267 003f 02       		.byte	0x2
 268 0040 07       		.byte	0x7
 269 0041 F0000000 		.4byte	.LASF3
 270 0045 02       		.uleb128 0x2
 271 0046 04       		.byte	0x4
 272 0047 05       		.byte	0x5
 273 0048 CB000000 		.4byte	.LASF4
 274 004c 02       		.uleb128 0x2
 275 004d 04       		.byte	0x4
 276 004e 07       		.byte	0x7
 277 004f 77000000 		.4byte	.LASF5
 278 0053 02       		.uleb128 0x2
 279 0054 08       		.byte	0x8
 280 0055 05       		.byte	0x5
 281 0056 00000000 		.4byte	.LASF6
 282 005a 02       		.uleb128 0x2
 283 005b 08       		.byte	0x8
 284 005c 07       		.byte	0x7
 285 005d 89000000 		.4byte	.LASF7
 286 0061 03       		.uleb128 0x3
 287 0062 04       		.byte	0x4
 288 0063 05       		.byte	0x5
 289 0064 696E7400 		.ascii	"int\000"
 290 0068 02       		.uleb128 0x2
 291 0069 04       		.byte	0x4
 292 006a 07       		.byte	0x7
 293 006b 16000000 		.4byte	.LASF8
 294 006f 04       		.uleb128 0x4
 295 0070 71000000 		.4byte	.LASF20
 296 0074 02       		.byte	0x2
ARM GAS  C:\Users\Jeppe\AppData\Local\Temp\cclHbPyn.s 			page 8


 297 0075 5B       		.byte	0x5b
 298 0076 30000000 		.4byte	0x30
 299 007a 02       		.uleb128 0x2
 300 007b 04       		.byte	0x4
 301 007c 04       		.byte	0x4
 302 007d 16010000 		.4byte	.LASF9
 303 0081 02       		.uleb128 0x2
 304 0082 08       		.byte	0x8
 305 0083 04       		.byte	0x4
 306 0084 E9000000 		.4byte	.LASF10
 307 0088 02       		.uleb128 0x2
 308 0089 01       		.byte	0x1
 309 008a 08       		.byte	0x8
 310 008b C6000000 		.4byte	.LASF11
 311 008f 02       		.uleb128 0x2
 312 0090 04       		.byte	0x4
 313 0091 07       		.byte	0x7
 314 0092 72010000 		.4byte	.LASF12
 315 0096 05       		.uleb128 0x5
 316 0097 01       		.byte	0x1
 317 0098 23000000 		.4byte	.LASF21
 318 009c 01       		.byte	0x1
 319 009d 16       		.byte	0x16
 320 009e 61000000 		.4byte	0x61
 321 00a2 00000000 		.4byte	.LFB33
 322 00a6 40010000 		.4byte	.LFE33
 323 00aa 00000000 		.4byte	.LLST0
 324 00ae 01       		.byte	0x1
 325 00af 04010000 		.4byte	0x104
 326 00b3 06       		.uleb128 0x6
 327 00b4 DE000000 		.4byte	.LASF13
 328 00b8 01       		.byte	0x1
 329 00b9 1C       		.byte	0x1c
 330 00ba 04010000 		.4byte	0x104
 331 00be 02       		.byte	0x2
 332 00bf 91       		.byte	0x91
 333 00c0 6C       		.sleb128 -20
 334 00c1 06       		.uleb128 0x6
 335 00c2 0F010000 		.4byte	.LASF14
 336 00c6 01       		.byte	0x1
 337 00c7 25       		.byte	0x25
 338 00c8 61000000 		.4byte	0x61
 339 00cc 02       		.byte	0x2
 340 00cd 91       		.byte	0x91
 341 00ce 74       		.sleb128 -12
 342 00cf 07       		.uleb128 0x7
 343 00d0 6900     		.ascii	"i\000"
 344 00d2 01       		.byte	0x1
 345 00d3 26       		.byte	0x26
 346 00d4 61000000 		.4byte	0x61
 347 00d8 02       		.byte	0x2
 348 00d9 91       		.byte	0x91
 349 00da 70       		.sleb128 -16
 350 00db 06       		.uleb128 0x6
 351 00dc A0000000 		.4byte	.LASF15
 352 00e0 01       		.byte	0x1
 353 00e1 4B       		.byte	0x4b
ARM GAS  C:\Users\Jeppe\AppData\Local\Temp\cclHbPyn.s 			page 9


 354 00e2 14010000 		.4byte	0x114
 355 00e6 03       		.byte	0x3
 356 00e7 91       		.byte	0x91
 357 00e8 A87F     		.sleb128 -88
 358 00ea 08       		.uleb128 0x8
 359 00eb 86000000 		.4byte	.LBB2
 360 00ef D2000000 		.4byte	.LBE2
 361 00f3 06       		.uleb128 0x6
 362 00f4 AC000000 		.4byte	.LASF16
 363 00f8 01       		.byte	0x1
 364 00f9 33       		.byte	0x33
 365 00fa 24010000 		.4byte	0x124
 366 00fe 03       		.byte	0x3
 367 00ff 91       		.byte	0x91
 368 0100 887F     		.sleb128 -120
 369 0102 00       		.byte	0
 370 0103 00       		.byte	0
 371 0104 09       		.uleb128 0x9
 372 0105 88000000 		.4byte	0x88
 373 0109 14010000 		.4byte	0x114
 374 010d 0A       		.uleb128 0xa
 375 010e 8F000000 		.4byte	0x8f
 376 0112 03       		.byte	0x3
 377 0113 00       		.byte	0
 378 0114 09       		.uleb128 0x9
 379 0115 88000000 		.4byte	0x88
 380 0119 24010000 		.4byte	0x124
 381 011d 0A       		.uleb128 0xa
 382 011e 8F000000 		.4byte	0x8f
 383 0122 42       		.byte	0x42
 384 0123 00       		.byte	0
 385 0124 09       		.uleb128 0x9
 386 0125 88000000 		.4byte	0x88
 387 0129 34010000 		.4byte	0x134
 388 012d 0A       		.uleb128 0xa
 389 012e 8F000000 		.4byte	0x8f
 390 0132 1F       		.byte	0x1f
 391 0133 00       		.byte	0
 392 0134 0B       		.uleb128 0xb
 393 0135 0E000000 		.4byte	.LASF22
 394 0139 01       		.byte	0x1
 395 013a 14       		.byte	0x14
 396 013b 6F000000 		.4byte	0x6f
 397 013f 01       		.byte	0x1
 398 0140 05       		.byte	0x5
 399 0141 03       		.byte	0x3
 400 0142 00000000 		.4byte	rawData
 401 0146 00       		.byte	0
 402              		.section	.debug_abbrev,"",%progbits
 403              	.Ldebug_abbrev0:
 404 0000 01       		.uleb128 0x1
 405 0001 11       		.uleb128 0x11
 406 0002 01       		.byte	0x1
 407 0003 25       		.uleb128 0x25
 408 0004 0E       		.uleb128 0xe
 409 0005 13       		.uleb128 0x13
 410 0006 0B       		.uleb128 0xb
ARM GAS  C:\Users\Jeppe\AppData\Local\Temp\cclHbPyn.s 			page 10


 411 0007 03       		.uleb128 0x3
 412 0008 0E       		.uleb128 0xe
 413 0009 1B       		.uleb128 0x1b
 414 000a 0E       		.uleb128 0xe
 415 000b 55       		.uleb128 0x55
 416 000c 06       		.uleb128 0x6
 417 000d 11       		.uleb128 0x11
 418 000e 01       		.uleb128 0x1
 419 000f 52       		.uleb128 0x52
 420 0010 01       		.uleb128 0x1
 421 0011 10       		.uleb128 0x10
 422 0012 06       		.uleb128 0x6
 423 0013 00       		.byte	0
 424 0014 00       		.byte	0
 425 0015 02       		.uleb128 0x2
 426 0016 24       		.uleb128 0x24
 427 0017 00       		.byte	0
 428 0018 0B       		.uleb128 0xb
 429 0019 0B       		.uleb128 0xb
 430 001a 3E       		.uleb128 0x3e
 431 001b 0B       		.uleb128 0xb
 432 001c 03       		.uleb128 0x3
 433 001d 0E       		.uleb128 0xe
 434 001e 00       		.byte	0
 435 001f 00       		.byte	0
 436 0020 03       		.uleb128 0x3
 437 0021 24       		.uleb128 0x24
 438 0022 00       		.byte	0
 439 0023 0B       		.uleb128 0xb
 440 0024 0B       		.uleb128 0xb
 441 0025 3E       		.uleb128 0x3e
 442 0026 0B       		.uleb128 0xb
 443 0027 03       		.uleb128 0x3
 444 0028 08       		.uleb128 0x8
 445 0029 00       		.byte	0
 446 002a 00       		.byte	0
 447 002b 04       		.uleb128 0x4
 448 002c 16       		.uleb128 0x16
 449 002d 00       		.byte	0
 450 002e 03       		.uleb128 0x3
 451 002f 0E       		.uleb128 0xe
 452 0030 3A       		.uleb128 0x3a
 453 0031 0B       		.uleb128 0xb
 454 0032 3B       		.uleb128 0x3b
 455 0033 0B       		.uleb128 0xb
 456 0034 49       		.uleb128 0x49
 457 0035 13       		.uleb128 0x13
 458 0036 00       		.byte	0
 459 0037 00       		.byte	0
 460 0038 05       		.uleb128 0x5
 461 0039 2E       		.uleb128 0x2e
 462 003a 01       		.byte	0x1
 463 003b 3F       		.uleb128 0x3f
 464 003c 0C       		.uleb128 0xc
 465 003d 03       		.uleb128 0x3
 466 003e 0E       		.uleb128 0xe
 467 003f 3A       		.uleb128 0x3a
ARM GAS  C:\Users\Jeppe\AppData\Local\Temp\cclHbPyn.s 			page 11


 468 0040 0B       		.uleb128 0xb
 469 0041 3B       		.uleb128 0x3b
 470 0042 0B       		.uleb128 0xb
 471 0043 49       		.uleb128 0x49
 472 0044 13       		.uleb128 0x13
 473 0045 11       		.uleb128 0x11
 474 0046 01       		.uleb128 0x1
 475 0047 12       		.uleb128 0x12
 476 0048 01       		.uleb128 0x1
 477 0049 40       		.uleb128 0x40
 478 004a 06       		.uleb128 0x6
 479 004b 9642     		.uleb128 0x2116
 480 004d 0C       		.uleb128 0xc
 481 004e 01       		.uleb128 0x1
 482 004f 13       		.uleb128 0x13
 483 0050 00       		.byte	0
 484 0051 00       		.byte	0
 485 0052 06       		.uleb128 0x6
 486 0053 34       		.uleb128 0x34
 487 0054 00       		.byte	0
 488 0055 03       		.uleb128 0x3
 489 0056 0E       		.uleb128 0xe
 490 0057 3A       		.uleb128 0x3a
 491 0058 0B       		.uleb128 0xb
 492 0059 3B       		.uleb128 0x3b
 493 005a 0B       		.uleb128 0xb
 494 005b 49       		.uleb128 0x49
 495 005c 13       		.uleb128 0x13
 496 005d 02       		.uleb128 0x2
 497 005e 0A       		.uleb128 0xa
 498 005f 00       		.byte	0
 499 0060 00       		.byte	0
 500 0061 07       		.uleb128 0x7
 501 0062 34       		.uleb128 0x34
 502 0063 00       		.byte	0
 503 0064 03       		.uleb128 0x3
 504 0065 08       		.uleb128 0x8
 505 0066 3A       		.uleb128 0x3a
 506 0067 0B       		.uleb128 0xb
 507 0068 3B       		.uleb128 0x3b
 508 0069 0B       		.uleb128 0xb
 509 006a 49       		.uleb128 0x49
 510 006b 13       		.uleb128 0x13
 511 006c 02       		.uleb128 0x2
 512 006d 0A       		.uleb128 0xa
 513 006e 00       		.byte	0
 514 006f 00       		.byte	0
 515 0070 08       		.uleb128 0x8
 516 0071 0B       		.uleb128 0xb
 517 0072 01       		.byte	0x1
 518 0073 11       		.uleb128 0x11
 519 0074 01       		.uleb128 0x1
 520 0075 12       		.uleb128 0x12
 521 0076 01       		.uleb128 0x1
 522 0077 00       		.byte	0
 523 0078 00       		.byte	0
 524 0079 09       		.uleb128 0x9
ARM GAS  C:\Users\Jeppe\AppData\Local\Temp\cclHbPyn.s 			page 12


 525 007a 01       		.uleb128 0x1
 526 007b 01       		.byte	0x1
 527 007c 49       		.uleb128 0x49
 528 007d 13       		.uleb128 0x13
 529 007e 01       		.uleb128 0x1
 530 007f 13       		.uleb128 0x13
 531 0080 00       		.byte	0
 532 0081 00       		.byte	0
 533 0082 0A       		.uleb128 0xa
 534 0083 21       		.uleb128 0x21
 535 0084 00       		.byte	0
 536 0085 49       		.uleb128 0x49
 537 0086 13       		.uleb128 0x13
 538 0087 2F       		.uleb128 0x2f
 539 0088 0B       		.uleb128 0xb
 540 0089 00       		.byte	0
 541 008a 00       		.byte	0
 542 008b 0B       		.uleb128 0xb
 543 008c 34       		.uleb128 0x34
 544 008d 00       		.byte	0
 545 008e 03       		.uleb128 0x3
 546 008f 0E       		.uleb128 0xe
 547 0090 3A       		.uleb128 0x3a
 548 0091 0B       		.uleb128 0xb
 549 0092 3B       		.uleb128 0x3b
 550 0093 0B       		.uleb128 0xb
 551 0094 49       		.uleb128 0x49
 552 0095 13       		.uleb128 0x13
 553 0096 3F       		.uleb128 0x3f
 554 0097 0C       		.uleb128 0xc
 555 0098 02       		.uleb128 0x2
 556 0099 0A       		.uleb128 0xa
 557 009a 00       		.byte	0
 558 009b 00       		.byte	0
 559 009c 00       		.byte	0
 560              		.section	.debug_loc,"",%progbits
 561              	.Ldebug_loc0:
 562              	.LLST0:
 563 0000 00000000 		.4byte	.LFB33
 564 0004 02000000 		.4byte	.LCFI0
 565 0008 0200     		.2byte	0x2
 566 000a 7D       		.byte	0x7d
 567 000b 00       		.sleb128 0
 568 000c 02000000 		.4byte	.LCFI0
 569 0010 04000000 		.4byte	.LCFI1
 570 0014 0200     		.2byte	0x2
 571 0016 7D       		.byte	0x7d
 572 0017 08       		.sleb128 8
 573 0018 04000000 		.4byte	.LCFI1
 574 001c 06000000 		.4byte	.LCFI2
 575 0020 0300     		.2byte	0x3
 576 0022 7D       		.byte	0x7d
 577 0023 F800     		.sleb128 120
 578 0025 06000000 		.4byte	.LCFI2
 579 0029 40010000 		.4byte	.LFE33
 580 002d 0300     		.2byte	0x3
 581 002f 77       		.byte	0x77
ARM GAS  C:\Users\Jeppe\AppData\Local\Temp\cclHbPyn.s 			page 13


 582 0030 F800     		.sleb128 120
 583 0032 00000000 		.4byte	0
 584 0036 00000000 		.4byte	0
 585              		.section	.debug_aranges,"",%progbits
 586 0000 1C000000 		.4byte	0x1c
 587 0004 0200     		.2byte	0x2
 588 0006 00000000 		.4byte	.Ldebug_info0
 589 000a 04       		.byte	0x4
 590 000b 00       		.byte	0
 591 000c 0000     		.2byte	0
 592 000e 0000     		.2byte	0
 593 0010 00000000 		.4byte	.LFB33
 594 0014 40010000 		.4byte	.LFE33-.LFB33
 595 0018 00000000 		.4byte	0
 596 001c 00000000 		.4byte	0
 597              		.section	.debug_ranges,"",%progbits
 598              	.Ldebug_ranges0:
 599 0000 00000000 		.4byte	.LFB33
 600 0004 40010000 		.4byte	.LFE33
 601 0008 00000000 		.4byte	0
 602 000c 00000000 		.4byte	0
 603              		.section	.debug_line,"",%progbits
 604              	.Ldebug_line0:
 605 0000 8E000000 		.section	.debug_str,"MS",%progbits,1
 605      02004500 
 605      00000201 
 605      FB0E0D00 
 605      01010101 
 606              	.LASF6:
 607 0000 6C6F6E67 		.ascii	"long long int\000"
 607      206C6F6E 
 607      6720696E 
 607      7400
 608              	.LASF22:
 609 000e 72617744 		.ascii	"rawData\000"
 609      61746100 
 610              	.LASF8:
 611 0016 756E7369 		.ascii	"unsigned int\000"
 611      676E6564 
 611      20696E74 
 611      00
 612              	.LASF21:
 613 0023 6D61696E 		.ascii	"main\000"
 613      00
 614              	.LASF17:
 615 0028 474E5520 		.ascii	"GNU C 4.7.3 20130312 (release) [ARM/embedded-4_7-br"
 615      4320342E 
 615      372E3320 
 615      32303133 
 615      30333132 
 616 005b 616E6368 		.ascii	"anch revision 196615]\000"
 616      20726576 
 616      6973696F 
 616      6E203139 
 616      36363135 
 617              	.LASF20:
 618 0071 75696E74 		.ascii	"uint8\000"
ARM GAS  C:\Users\Jeppe\AppData\Local\Temp\cclHbPyn.s 			page 14


 618      3800
 619              	.LASF5:
 620 0077 6C6F6E67 		.ascii	"long unsigned int\000"
 620      20756E73 
 620      69676E65 
 620      6420696E 
 620      7400
 621              	.LASF7:
 622 0089 6C6F6E67 		.ascii	"long long unsigned int\000"
 622      206C6F6E 
 622      6720756E 
 622      7369676E 
 622      65642069 
 623              	.LASF15:
 624 00a0 6572726F 		.ascii	"errorString\000"
 624      72537472 
 624      696E6700 
 625              	.LASF16:
 626 00ac 72617744 		.ascii	"rawDataTest\000"
 626      61746154 
 626      65737400 
 627              	.LASF1:
 628 00b8 756E7369 		.ascii	"unsigned char\000"
 628      676E6564 
 628      20636861 
 628      7200
 629              	.LASF11:
 630 00c6 63686172 		.ascii	"char\000"
 630      00
 631              	.LASF4:
 632 00cb 6C6F6E67 		.ascii	"long int\000"
 632      20696E74 
 632      00
 633              	.LASF2:
 634 00d4 73686F72 		.ascii	"short int\000"
 634      7420696E 
 634      7400
 635              	.LASF13:
 636 00de 64617461 		.ascii	"dataString\000"
 636      53747269 
 636      6E6700
 637              	.LASF10:
 638 00e9 646F7562 		.ascii	"double\000"
 638      6C6500
 639              	.LASF3:
 640 00f0 73686F72 		.ascii	"short unsigned int\000"
 640      7420756E 
 640      7369676E 
 640      65642069 
 640      6E7400
 641              	.LASF0:
 642 0103 7369676E 		.ascii	"signed char\000"
 642      65642063 
 642      68617200 
 643              	.LASF14:
 644 010f 6572726F 		.ascii	"errors\000"
 644      727300
ARM GAS  C:\Users\Jeppe\AppData\Local\Temp\cclHbPyn.s 			page 15


 645              	.LASF9:
 646 0116 666C6F61 		.ascii	"float\000"
 646      7400
 647              	.LASF18:
 648 011c 2E5C6D61 		.ascii	".\\main.c\000"
 648      696E2E63 
 648      00
 649              	.LASF19:
 650 0125 433A5C55 		.ascii	"C:\\Users\\Jeppe\\Documents\\Engineer\\3_Semester\\"
 650      73657273 
 650      5C4A6570 
 650      70655C44 
 650      6F63756D 
 651 0152 53656E73 		.ascii	"Sensorforbindelse_body_v1.cydsn\000"
 651      6F72666F 
 651      7262696E 
 651      64656C73 
 651      655F626F 
 652              	.LASF12:
 653 0172 73697A65 		.ascii	"sizetype\000"
 653      74797065 
 653      00
 654              		.ident	"GCC: (GNU Tools for ARM Embedded Processors) 4.7.3 20130312 (release) [ARM/embedded-4_7-br
