ARM GAS  C:\Users\Jeppe\AppData\Local\Temp\ccPTiWUd.s 			page 1


   1              		.cpu cortex-m0
   2              		.fpu softvfp
   3              		.eabi_attribute 20, 1
   4              		.eabi_attribute 21, 1
   5              		.eabi_attribute 23, 3
   6              		.eabi_attribute 24, 1
   7              		.eabi_attribute 25, 1
   8              		.eabi_attribute 26, 1
   9              		.eabi_attribute 30, 6
  10              		.eabi_attribute 34, 0
  11              		.eabi_attribute 18, 4
  12              		.code	16
  13              		.file	"BTUART.c"
  14              		.text
  15              	.Ltext0:
  16              		.cfi_sections	.debug_frame
  17              		.comm	dataArray,16,4
  18              		.section	.text.initUART,"ax",%progbits
  19              		.align	2
  20              		.global	initUART
  21              		.code	16
  22              		.thumb_func
  23              		.type	initUART, %function
  24              	initUART:
  25              	.LFB33:
  26              		.file 1 ".\\BTUART.c"
   1:.\BTUART.c    **** /* ========================================
   2:.\BTUART.c    ****  *
   3:.\BTUART.c    ****  * Copyright YOUR COMPANY, THE YEAR
   4:.\BTUART.c    ****  * All Rights Reserved
   5:.\BTUART.c    ****  * UNPUBLISHED, LICENSED SOFTWARE.
   6:.\BTUART.c    ****  *
   7:.\BTUART.c    ****  * CONFIDENTIAL AND PROPRIETARY INFORMATION
   8:.\BTUART.c    ****  * WHICH IS THE PROPERTY OF your company.
   9:.\BTUART.c    ****  *
  10:.\BTUART.c    ****  * ========================================
  11:.\BTUART.c    **** */
  12:.\BTUART.c    **** #include "BTUART.h"
  13:.\BTUART.c    **** #include "Sensor.h"
  14:.\BTUART.c    **** 
  15:.\BTUART.c    **** 
  16:.\BTUART.c    **** 
  17:.\BTUART.c    **** char dataArray[MAXSENSDATA];     // Array with id-number and data to send via BT
  18:.\BTUART.c    **** 
  19:.\BTUART.c    **** void initUART()
  20:.\BTUART.c    **** {
  27              		.loc 1 20 0
  28              		.cfi_startproc
  29 0000 80B5     		push	{r7, lr}
  30              	.LCFI0:
  31              		.cfi_def_cfa_offset 8
  32              		.cfi_offset 7, -8
  33              		.cfi_offset 14, -4
  34 0002 00AF     		add	r7, sp, #0
  35              	.LCFI1:
  36              		.cfi_def_cfa_register 7
  21:.\BTUART.c    ****     UART_1_Start();
ARM GAS  C:\Users\Jeppe\AppData\Local\Temp\ccPTiWUd.s 			page 2


  37              		.loc 1 21 0
  38 0004 FFF7FEFF 		bl	UART_1_Start
  22:.\BTUART.c    **** }
  39              		.loc 1 22 0
  40 0008 BD46     		mov	sp, r7
  41              		@ sp needed for prologue
  42 000a 80BD     		pop	{r7, pc}
  43              		.cfi_endproc
  44              	.LFE33:
  45              		.size	initUART, .-initUART
  46              		.section	.text.setdataArray,"ax",%progbits
  47              		.align	2
  48              		.global	setdataArray
  49              		.code	16
  50              		.thumb_func
  51              		.type	setdataArray, %function
  52              	setdataArray:
  53              	.LFB34:
  23:.\BTUART.c    **** 
  24:.\BTUART.c    **** 
  25:.\BTUART.c    **** 
  26:.\BTUART.c    **** void setdataArray(int ID, int x_data, int y_data, int z_data)
  27:.\BTUART.c    **** {
  54              		.loc 1 27 0
  55              		.cfi_startproc
  56 0000 80B5     		push	{r7, lr}
  57              	.LCFI2:
  58              		.cfi_def_cfa_offset 8
  59              		.cfi_offset 7, -8
  60              		.cfi_offset 14, -4
  61 0002 86B0     		sub	sp, sp, #24
  62              	.LCFI3:
  63              		.cfi_def_cfa_offset 32
  64 0004 00AF     		add	r7, sp, #0
  65              	.LCFI4:
  66              		.cfi_def_cfa_register 7
  67 0006 F860     		str	r0, [r7, #12]
  68 0008 B960     		str	r1, [r7, #8]
  69 000a 7A60     		str	r2, [r7, #4]
  70 000c 3B60     		str	r3, [r7]
  28:.\BTUART.c    ****     int i;
  29:.\BTUART.c    ****     
  30:.\BTUART.c    ****     dataArray[0] = ID+1; 
  71              		.loc 1 30 0
  72 000e FB68     		ldr	r3, [r7, #12]
  73 0010 DBB2     		uxtb	r3, r3
  74 0012 0133     		add	r3, r3, #1
  75 0014 DAB2     		uxtb	r2, r3
  76 0016 124B     		ldr	r3, .L5
  77 0018 1A70     		strb	r2, [r3]
  31:.\BTUART.c    ****     dataArray[1] = x_data+1;
  78              		.loc 1 31 0
  79 001a BB68     		ldr	r3, [r7, #8]
  80 001c DBB2     		uxtb	r3, r3
  81 001e 0133     		add	r3, r3, #1
  82 0020 DAB2     		uxtb	r2, r3
  83 0022 0F4B     		ldr	r3, .L5
ARM GAS  C:\Users\Jeppe\AppData\Local\Temp\ccPTiWUd.s 			page 3


  84 0024 5A70     		strb	r2, [r3, #1]
  32:.\BTUART.c    ****     dataArray[2] = y_data+1;
  85              		.loc 1 32 0
  86 0026 7B68     		ldr	r3, [r7, #4]
  87 0028 DBB2     		uxtb	r3, r3
  88 002a 0133     		add	r3, r3, #1
  89 002c DAB2     		uxtb	r2, r3
  90 002e 0C4B     		ldr	r3, .L5
  91 0030 9A70     		strb	r2, [r3, #2]
  33:.\BTUART.c    ****     dataArray[3] = z_data+1;
  92              		.loc 1 33 0
  93 0032 3B68     		ldr	r3, [r7]
  94 0034 DBB2     		uxtb	r3, r3
  95 0036 0133     		add	r3, r3, #1
  96 0038 DAB2     		uxtb	r2, r3
  97 003a 094B     		ldr	r3, .L5
  98 003c DA70     		strb	r2, [r3, #3]
  34:.\BTUART.c    ****     
  35:.\BTUART.c    ****     for(i = 4; i<MAXSENSDATA; i++) //Sætter de resterende pladser i array'et til 0. 
  99              		.loc 1 35 0
 100 003e 0423     		mov	r3, #4
 101 0040 7B61     		str	r3, [r7, #20]
 102 0042 07E0     		b	.L3
 103              	.L4:
  36:.\BTUART.c    ****     {
  37:.\BTUART.c    ****         dataArray[i] = 1; 
 104              		.loc 1 37 0 discriminator 2
 105 0044 064A     		ldr	r2, .L5
 106 0046 7B69     		ldr	r3, [r7, #20]
 107 0048 D318     		add	r3, r2, r3
 108 004a 0122     		mov	r2, #1
 109 004c 1A70     		strb	r2, [r3]
  35:.\BTUART.c    ****     for(i = 4; i<MAXSENSDATA; i++) //Sætter de resterende pladser i array'et til 0. 
 110              		.loc 1 35 0 discriminator 2
 111 004e 7B69     		ldr	r3, [r7, #20]
 112 0050 0133     		add	r3, r3, #1
 113 0052 7B61     		str	r3, [r7, #20]
 114              	.L3:
  35:.\BTUART.c    ****     for(i = 4; i<MAXSENSDATA; i++) //Sætter de resterende pladser i array'et til 0. 
 115              		.loc 1 35 0 is_stmt 0 discriminator 1
 116 0054 7B69     		ldr	r3, [r7, #20]
 117 0056 0F2B     		cmp	r3, #15
 118 0058 F4DD     		ble	.L4
  38:.\BTUART.c    ****     }
  39:.\BTUART.c    ****     
  40:.\BTUART.c    **** }
 119              		.loc 1 40 0 is_stmt 1
 120 005a BD46     		mov	sp, r7
 121 005c 06B0     		add	sp, sp, #24
 122              		@ sp needed for prologue
 123 005e 80BD     		pop	{r7, pc}
 124              	.L6:
 125              		.align	2
 126              	.L5:
 127 0060 00000000 		.word	dataArray
 128              		.cfi_endproc
 129              	.LFE34:
ARM GAS  C:\Users\Jeppe\AppData\Local\Temp\ccPTiWUd.s 			page 4


 130              		.size	setdataArray, .-setdataArray
 131              		.section	.text.sendDataArray,"ax",%progbits
 132              		.align	2
 133              		.global	sendDataArray
 134              		.code	16
 135              		.thumb_func
 136              		.type	sendDataArray, %function
 137              	sendDataArray:
 138              	.LFB35:
  41:.\BTUART.c    **** 
  42:.\BTUART.c    **** 
  43:.\BTUART.c    **** void sendDataArray()
  44:.\BTUART.c    **** {
 139              		.loc 1 44 0
 140              		.cfi_startproc
 141 0000 80B5     		push	{r7, lr}
 142              	.LCFI5:
 143              		.cfi_def_cfa_offset 8
 144              		.cfi_offset 7, -8
 145              		.cfi_offset 14, -4
 146 0002 8AB0     		sub	sp, sp, #40
 147              	.LCFI6:
 148              		.cfi_def_cfa_offset 48
 149 0004 00AF     		add	r7, sp, #0
 150              	.LCFI7:
 151              		.cfi_def_cfa_register 7
  45:.\BTUART.c    ****     char accelArray[6];
  46:.\BTUART.c    ****     char gyroArray[6];
  47:.\BTUART.c    ****     char proxArray[6];
  48:.\BTUART.c    ****     char flexArray[6];
  49:.\BTUART.c    ****     // Sættter accelerometer array.
  50:.\BTUART.c    ****     accelArray[0] = START_SENSDATA;
 152              		.loc 1 50 0
 153 0006 3B1C     		mov	r3, r7
 154 0008 1C33     		add	r3, r3, #28
 155 000a 0F22     		mov	r2, #15
 156 000c 1A70     		strb	r2, [r3]
  51:.\BTUART.c    ****     accelArray[1] = dataArray[0];   // ID 0
 157              		.loc 1 51 0
 158 000e 454B     		ldr	r3, .L10
 159 0010 1A78     		ldrb	r2, [r3]
 160 0012 3B1C     		mov	r3, r7
 161 0014 1C33     		add	r3, r3, #28
 162 0016 5A70     		strb	r2, [r3, #1]
  52:.\BTUART.c    ****     accelArray[2] = dataArray[1];   // x
 163              		.loc 1 52 0
 164 0018 424B     		ldr	r3, .L10
 165 001a 5A78     		ldrb	r2, [r3, #1]
 166 001c 3B1C     		mov	r3, r7
 167 001e 1C33     		add	r3, r3, #28
 168 0020 9A70     		strb	r2, [r3, #2]
  53:.\BTUART.c    ****     accelArray[3] = dataArray[2];   // y
 169              		.loc 1 53 0
 170 0022 404B     		ldr	r3, .L10
 171 0024 9A78     		ldrb	r2, [r3, #2]
 172 0026 3B1C     		mov	r3, r7
 173 0028 1C33     		add	r3, r3, #28
ARM GAS  C:\Users\Jeppe\AppData\Local\Temp\ccPTiWUd.s 			page 5


 174 002a DA70     		strb	r2, [r3, #3]
  54:.\BTUART.c    ****     accelArray[4] = dataArray[3];   // z
 175              		.loc 1 54 0
 176 002c 3D4B     		ldr	r3, .L10
 177 002e DA78     		ldrb	r2, [r3, #3]
 178 0030 3B1C     		mov	r3, r7
 179 0032 1C33     		add	r3, r3, #28
 180 0034 1A71     		strb	r2, [r3, #4]
  55:.\BTUART.c    ****     accelArray[5] = 0; //Nul terminering 
 181              		.loc 1 55 0
 182 0036 3B1C     		mov	r3, r7
 183 0038 1C33     		add	r3, r3, #28
 184 003a 0022     		mov	r2, #0
 185 003c 5A71     		strb	r2, [r3, #5]
  56:.\BTUART.c    ****     //Sætter gyroskop array
  57:.\BTUART.c    ****     gyroArray[0] = START_SENSDATA;
 186              		.loc 1 57 0
 187 003e 3B1C     		mov	r3, r7
 188 0040 1433     		add	r3, r3, #20
 189 0042 0F22     		mov	r2, #15
 190 0044 1A70     		strb	r2, [r3]
  58:.\BTUART.c    ****     gyroArray[1] = 1+1;             // ID 1
 191              		.loc 1 58 0
 192 0046 3B1C     		mov	r3, r7
 193 0048 1433     		add	r3, r3, #20
 194 004a 0222     		mov	r2, #2
 195 004c 5A70     		strb	r2, [r3, #1]
  59:.\BTUART.c    ****     gyroArray[2] = 1+1;               // x
 196              		.loc 1 59 0
 197 004e 3B1C     		mov	r3, r7
 198 0050 1433     		add	r3, r3, #20
 199 0052 0222     		mov	r2, #2
 200 0054 9A70     		strb	r2, [r3, #2]
  60:.\BTUART.c    ****     gyroArray[3] = 1+1;               // y
 201              		.loc 1 60 0
 202 0056 3B1C     		mov	r3, r7
 203 0058 1433     		add	r3, r3, #20
 204 005a 0222     		mov	r2, #2
 205 005c DA70     		strb	r2, [r3, #3]
  61:.\BTUART.c    ****     gyroArray[4] = 1+1;               // z
 206              		.loc 1 61 0
 207 005e 3B1C     		mov	r3, r7
 208 0060 1433     		add	r3, r3, #20
 209 0062 0222     		mov	r2, #2
 210 0064 1A71     		strb	r2, [r3, #4]
  62:.\BTUART.c    ****     gyroArray[5] = 0; //Nul terminering
 211              		.loc 1 62 0
 212 0066 3B1C     		mov	r3, r7
 213 0068 1433     		add	r3, r3, #20
 214 006a 0022     		mov	r2, #0
 215 006c 5A71     		strb	r2, [r3, #5]
  63:.\BTUART.c    ****     //Sætter Proximity array
  64:.\BTUART.c    ****     proxArray[0] = START_SENSDATA;
 216              		.loc 1 64 0
 217 006e 3B1C     		mov	r3, r7
 218 0070 0C33     		add	r3, r3, #12
 219 0072 0F22     		mov	r2, #15
ARM GAS  C:\Users\Jeppe\AppData\Local\Temp\ccPTiWUd.s 			page 6


 220 0074 1A70     		strb	r2, [r3]
  65:.\BTUART.c    ****     proxArray[1] = 2+1;             // ID 2
 221              		.loc 1 65 0
 222 0076 3B1C     		mov	r3, r7
 223 0078 0C33     		add	r3, r3, #12
 224 007a 0322     		mov	r2, #3
 225 007c 5A70     		strb	r2, [r3, #1]
  66:.\BTUART.c    ****     proxArray[2] = 1+1;               // x
 226              		.loc 1 66 0
 227 007e 3B1C     		mov	r3, r7
 228 0080 0C33     		add	r3, r3, #12
 229 0082 0222     		mov	r2, #2
 230 0084 9A70     		strb	r2, [r3, #2]
  67:.\BTUART.c    ****     proxArray[3] = 1+1;               // y
 231              		.loc 1 67 0
 232 0086 3B1C     		mov	r3, r7
 233 0088 0C33     		add	r3, r3, #12
 234 008a 0222     		mov	r2, #2
 235 008c DA70     		strb	r2, [r3, #3]
  68:.\BTUART.c    ****     proxArray[4] = 1+1;               // z
 236              		.loc 1 68 0
 237 008e 3B1C     		mov	r3, r7
 238 0090 0C33     		add	r3, r3, #12
 239 0092 0222     		mov	r2, #2
 240 0094 1A71     		strb	r2, [r3, #4]
  69:.\BTUART.c    ****     proxArray[5] = 0; //Nul terminering
 241              		.loc 1 69 0
 242 0096 3B1C     		mov	r3, r7
 243 0098 0C33     		add	r3, r3, #12
 244 009a 0022     		mov	r2, #0
 245 009c 5A71     		strb	r2, [r3, #5]
  70:.\BTUART.c    ****     //Sætter flex array
  71:.\BTUART.c    ****     flexArray[0] = START_SENSDATA;
 246              		.loc 1 71 0
 247 009e 3B1D     		add	r3, r7, #4
 248 00a0 0F22     		mov	r2, #15
 249 00a2 1A70     		strb	r2, [r3]
  72:.\BTUART.c    ****     flexArray[1] = 3+1;             // ID 3
 250              		.loc 1 72 0
 251 00a4 3B1D     		add	r3, r7, #4
 252 00a6 0422     		mov	r2, #4
 253 00a8 5A70     		strb	r2, [r3, #1]
  73:.\BTUART.c    ****     flexArray[2] = 1+1;               // x
 254              		.loc 1 73 0
 255 00aa 3B1D     		add	r3, r7, #4
 256 00ac 0222     		mov	r2, #2
 257 00ae 9A70     		strb	r2, [r3, #2]
  74:.\BTUART.c    ****     flexArray[3] = 1+1;               // y
 258              		.loc 1 74 0
 259 00b0 3B1D     		add	r3, r7, #4
 260 00b2 0222     		mov	r2, #2
 261 00b4 DA70     		strb	r2, [r3, #3]
  75:.\BTUART.c    ****     flexArray[4] = 1+1;               // z
 262              		.loc 1 75 0
 263 00b6 3B1D     		add	r3, r7, #4
 264 00b8 0222     		mov	r2, #2
 265 00ba 1A71     		strb	r2, [r3, #4]
ARM GAS  C:\Users\Jeppe\AppData\Local\Temp\ccPTiWUd.s 			page 7


  76:.\BTUART.c    ****     flexArray[5] = 0; //Nul terminering
 266              		.loc 1 76 0
 267 00bc 3B1D     		add	r3, r7, #4
 268 00be 0022     		mov	r2, #0
 269 00c0 5A71     		strb	r2, [r3, #5]
  77:.\BTUART.c    ****     
  78:.\BTUART.c    ****     //UART_1_UartPutString("Test");
  79:.\BTUART.c    ****     
  80:.\BTUART.c    ****     CyDelay(3);
 270              		.loc 1 80 0
 271 00c2 0320     		mov	r0, #3
 272 00c4 FFF7FEFF 		bl	CyDelay
  81:.\BTUART.c    ****     UART_1_UartPutString(accelArray);
 273              		.loc 1 81 0
 274 00c8 3B1C     		mov	r3, r7
 275 00ca 1C33     		add	r3, r3, #28
 276 00cc 181C     		mov	r0, r3
 277 00ce FFF7FEFF 		bl	UART_1_UartPutString
  82:.\BTUART.c    ****     CyDelay(3);
 278              		.loc 1 82 0
 279 00d2 0320     		mov	r0, #3
 280 00d4 FFF7FEFF 		bl	CyDelay
  83:.\BTUART.c    ****     UART_1_UartPutString(gyroArray);
 281              		.loc 1 83 0
 282 00d8 3B1C     		mov	r3, r7
 283 00da 1433     		add	r3, r3, #20
 284 00dc 181C     		mov	r0, r3
 285 00de FFF7FEFF 		bl	UART_1_UartPutString
  84:.\BTUART.c    ****     CyDelay(3);
 286              		.loc 1 84 0
 287 00e2 0320     		mov	r0, #3
 288 00e4 FFF7FEFF 		bl	CyDelay
  85:.\BTUART.c    ****     UART_1_UartPutString(proxArray);
 289              		.loc 1 85 0
 290 00e8 3B1C     		mov	r3, r7
 291 00ea 0C33     		add	r3, r3, #12
 292 00ec 181C     		mov	r0, r3
 293 00ee FFF7FEFF 		bl	UART_1_UartPutString
  86:.\BTUART.c    ****     CyDelay(3);
 294              		.loc 1 86 0
 295 00f2 0320     		mov	r0, #3
 296 00f4 FFF7FEFF 		bl	CyDelay
  87:.\BTUART.c    ****     UART_1_UartPutString(flexArray);
 297              		.loc 1 87 0
 298 00f8 3B1D     		add	r3, r7, #4
 299 00fa 181C     		mov	r0, r3
 300 00fc FFF7FEFF 		bl	UART_1_UartPutString
  88:.\BTUART.c    ****     
  89:.\BTUART.c    ****     //Reset dataArray to known acii value 48 = '0';
  90:.\BTUART.c    ****     int i;
  91:.\BTUART.c    ****     for(i = 0; i < MAXSENSDATA; i++)
 301              		.loc 1 91 0
 302 0100 0023     		mov	r3, #0
 303 0102 7B62     		str	r3, [r7, #36]
 304 0104 07E0     		b	.L8
 305              	.L9:
  92:.\BTUART.c    ****     {
ARM GAS  C:\Users\Jeppe\AppData\Local\Temp\ccPTiWUd.s 			page 8


  93:.\BTUART.c    ****         dataArray[i] = 48;
 306              		.loc 1 93 0 discriminator 2
 307 0106 074A     		ldr	r2, .L10
 308 0108 7B6A     		ldr	r3, [r7, #36]
 309 010a D318     		add	r3, r2, r3
 310 010c 3022     		mov	r2, #48
 311 010e 1A70     		strb	r2, [r3]
  91:.\BTUART.c    ****     for(i = 0; i < MAXSENSDATA; i++)
 312              		.loc 1 91 0 discriminator 2
 313 0110 7B6A     		ldr	r3, [r7, #36]
 314 0112 0133     		add	r3, r3, #1
 315 0114 7B62     		str	r3, [r7, #36]
 316              	.L8:
  91:.\BTUART.c    ****     for(i = 0; i < MAXSENSDATA; i++)
 317              		.loc 1 91 0 is_stmt 0 discriminator 1
 318 0116 7B6A     		ldr	r3, [r7, #36]
 319 0118 0F2B     		cmp	r3, #15
 320 011a F4DD     		ble	.L9
  94:.\BTUART.c    ****     }
  95:.\BTUART.c    ****     
  96:.\BTUART.c    **** }
 321              		.loc 1 96 0 is_stmt 1
 322 011c BD46     		mov	sp, r7
 323 011e 0AB0     		add	sp, sp, #40
 324              		@ sp needed for prologue
 325 0120 80BD     		pop	{r7, pc}
 326              	.L11:
 327 0122 C046     		.align	2
 328              	.L10:
 329 0124 00000000 		.word	dataArray
 330              		.cfi_endproc
 331              	.LFE35:
 332              		.size	sendDataArray, .-sendDataArray
 333              		.text
 334              	.Letext0:
 335              		.section	.debug_info,"",%progbits
 336              	.Ldebug_info0:
 337 0000 8D010000 		.4byte	0x18d
 338 0004 0200     		.2byte	0x2
 339 0006 00000000 		.4byte	.Ldebug_abbrev0
 340 000a 04       		.byte	0x4
 341 000b 01       		.uleb128 0x1
 342 000c 37000000 		.4byte	.LASF22
 343 0010 01       		.byte	0x1
 344 0011 2C000000 		.4byte	.LASF23
 345 0015 97000000 		.4byte	.LASF24
 346 0019 00000000 		.4byte	.Ldebug_ranges0+0
 347 001d 00000000 		.4byte	0
 348 0021 00000000 		.4byte	0
 349 0025 00000000 		.4byte	.Ldebug_line0
 350 0029 02       		.uleb128 0x2
 351 002a 01       		.byte	0x1
 352 002b 06       		.byte	0x6
 353 002c AA010000 		.4byte	.LASF0
 354 0030 02       		.uleb128 0x2
 355 0031 01       		.byte	0x1
 356 0032 08       		.byte	0x8
ARM GAS  C:\Users\Jeppe\AppData\Local\Temp\ccPTiWUd.s 			page 9


 357 0033 24010000 		.4byte	.LASF1
 358 0037 02       		.uleb128 0x2
 359 0038 02       		.byte	0x2
 360 0039 05       		.byte	0x5
 361 003a 57010000 		.4byte	.LASF2
 362 003e 02       		.uleb128 0x2
 363 003f 02       		.byte	0x2
 364 0040 07       		.byte	0x7
 365 0041 97010000 		.4byte	.LASF3
 366 0045 02       		.uleb128 0x2
 367 0046 04       		.byte	0x4
 368 0047 05       		.byte	0x5
 369 0048 84010000 		.4byte	.LASF4
 370 004c 02       		.uleb128 0x2
 371 004d 04       		.byte	0x4
 372 004e 07       		.byte	0x7
 373 004f 6B010000 		.4byte	.LASF5
 374 0053 02       		.uleb128 0x2
 375 0054 08       		.byte	0x8
 376 0055 05       		.byte	0x5
 377 0056 00000000 		.4byte	.LASF6
 378 005a 02       		.uleb128 0x2
 379 005b 08       		.byte	0x8
 380 005c 07       		.byte	0x7
 381 005d 80000000 		.4byte	.LASF7
 382 0061 03       		.uleb128 0x3
 383 0062 04       		.byte	0x4
 384 0063 05       		.byte	0x5
 385 0064 696E7400 		.ascii	"int\000"
 386 0068 02       		.uleb128 0x2
 387 0069 04       		.byte	0x4
 388 006a 07       		.byte	0x7
 389 006b 0E000000 		.4byte	.LASF8
 390 006f 02       		.uleb128 0x2
 391 0070 04       		.byte	0x4
 392 0071 04       		.byte	0x4
 393 0072 B6010000 		.4byte	.LASF9
 394 0076 02       		.uleb128 0x2
 395 0077 08       		.byte	0x8
 396 0078 04       		.byte	0x4
 397 0079 7D010000 		.4byte	.LASF10
 398 007d 02       		.uleb128 0x2
 399 007e 01       		.byte	0x1
 400 007f 08       		.byte	0x8
 401 0080 3D010000 		.4byte	.LASF11
 402 0084 02       		.uleb128 0x2
 403 0085 04       		.byte	0x4
 404 0086 07       		.byte	0x7
 405 0087 D9010000 		.4byte	.LASF12
 406 008b 04       		.uleb128 0x4
 407 008c 01       		.byte	0x1
 408 008d BC010000 		.4byte	.LASF25
 409 0091 01       		.byte	0x1
 410 0092 13       		.byte	0x13
 411 0093 01       		.byte	0x1
 412 0094 00000000 		.4byte	.LFB33
 413 0098 0C000000 		.4byte	.LFE33
ARM GAS  C:\Users\Jeppe\AppData\Local\Temp\ccPTiWUd.s 			page 10


 414 009c 00000000 		.4byte	.LLST0
 415 00a0 01       		.byte	0x1
 416 00a1 05       		.uleb128 0x5
 417 00a2 01       		.byte	0x1
 418 00a3 C5010000 		.4byte	.LASF16
 419 00a7 01       		.byte	0x1
 420 00a8 1A       		.byte	0x1a
 421 00a9 01       		.byte	0x1
 422 00aa 00000000 		.4byte	.LFB34
 423 00ae 64000000 		.4byte	.LFE34
 424 00b2 2C000000 		.4byte	.LLST1
 425 00b6 01       		.byte	0x1
 426 00b7 FF000000 		.4byte	0xff
 427 00bb 06       		.uleb128 0x6
 428 00bc 494400   		.ascii	"ID\000"
 429 00bf 01       		.byte	0x1
 430 00c0 1A       		.byte	0x1a
 431 00c1 61000000 		.4byte	0x61
 432 00c5 02       		.byte	0x2
 433 00c6 91       		.byte	0x91
 434 00c7 6C       		.sleb128 -20
 435 00c8 07       		.uleb128 0x7
 436 00c9 D2010000 		.4byte	.LASF13
 437 00cd 01       		.byte	0x1
 438 00ce 1A       		.byte	0x1a
 439 00cf 61000000 		.4byte	0x61
 440 00d3 02       		.byte	0x2
 441 00d4 91       		.byte	0x91
 442 00d5 68       		.sleb128 -24
 443 00d6 07       		.uleb128 0x7
 444 00d7 1B000000 		.4byte	.LASF14
 445 00db 01       		.byte	0x1
 446 00dc 1A       		.byte	0x1a
 447 00dd 61000000 		.4byte	0x61
 448 00e1 02       		.byte	0x2
 449 00e2 91       		.byte	0x91
 450 00e3 64       		.sleb128 -28
 451 00e4 07       		.uleb128 0x7
 452 00e5 50010000 		.4byte	.LASF15
 453 00e9 01       		.byte	0x1
 454 00ea 1A       		.byte	0x1a
 455 00eb 61000000 		.4byte	0x61
 456 00ef 02       		.byte	0x2
 457 00f0 91       		.byte	0x91
 458 00f1 60       		.sleb128 -32
 459 00f2 08       		.uleb128 0x8
 460 00f3 6900     		.ascii	"i\000"
 461 00f5 01       		.byte	0x1
 462 00f6 1C       		.byte	0x1c
 463 00f7 61000000 		.4byte	0x61
 464 00fb 02       		.byte	0x2
 465 00fc 91       		.byte	0x91
 466 00fd 74       		.sleb128 -12
 467 00fe 00       		.byte	0
 468 00ff 09       		.uleb128 0x9
 469 0100 01       		.byte	0x1
 470 0101 42010000 		.4byte	.LASF17
ARM GAS  C:\Users\Jeppe\AppData\Local\Temp\ccPTiWUd.s 			page 11


 471 0105 01       		.byte	0x1
 472 0106 2B       		.byte	0x2b
 473 0107 01       		.byte	0x1
 474 0108 00000000 		.4byte	.LFB35
 475 010c 28010000 		.4byte	.LFE35
 476 0110 64000000 		.4byte	.LLST2
 477 0114 01       		.byte	0x1
 478 0115 5E010000 		.4byte	0x15e
 479 0119 0A       		.uleb128 0xa
 480 011a 32010000 		.4byte	.LASF18
 481 011e 01       		.byte	0x1
 482 011f 2D       		.byte	0x2d
 483 0120 5E010000 		.4byte	0x15e
 484 0124 02       		.byte	0x2
 485 0125 91       		.byte	0x91
 486 0126 6C       		.sleb128 -20
 487 0127 0A       		.uleb128 0xa
 488 0128 8D010000 		.4byte	.LASF19
 489 012c 01       		.byte	0x1
 490 012d 2E       		.byte	0x2e
 491 012e 5E010000 		.4byte	0x15e
 492 0132 02       		.byte	0x2
 493 0133 91       		.byte	0x91
 494 0134 64       		.sleb128 -28
 495 0135 0A       		.uleb128 0xa
 496 0136 22000000 		.4byte	.LASF20
 497 013a 01       		.byte	0x1
 498 013b 2F       		.byte	0x2f
 499 013c 5E010000 		.4byte	0x15e
 500 0140 02       		.byte	0x2
 501 0141 91       		.byte	0x91
 502 0142 5C       		.sleb128 -36
 503 0143 0A       		.uleb128 0xa
 504 0144 1A010000 		.4byte	.LASF21
 505 0148 01       		.byte	0x1
 506 0149 30       		.byte	0x30
 507 014a 5E010000 		.4byte	0x15e
 508 014e 02       		.byte	0x2
 509 014f 91       		.byte	0x91
 510 0150 54       		.sleb128 -44
 511 0151 08       		.uleb128 0x8
 512 0152 6900     		.ascii	"i\000"
 513 0154 01       		.byte	0x1
 514 0155 5A       		.byte	0x5a
 515 0156 61000000 		.4byte	0x61
 516 015a 02       		.byte	0x2
 517 015b 91       		.byte	0x91
 518 015c 74       		.sleb128 -12
 519 015d 00       		.byte	0
 520 015e 0B       		.uleb128 0xb
 521 015f 7D000000 		.4byte	0x7d
 522 0163 6E010000 		.4byte	0x16e
 523 0167 0C       		.uleb128 0xc
 524 0168 84000000 		.4byte	0x84
 525 016c 05       		.byte	0x5
 526 016d 00       		.byte	0
 527 016e 0B       		.uleb128 0xb
ARM GAS  C:\Users\Jeppe\AppData\Local\Temp\ccPTiWUd.s 			page 12


 528 016f 7D000000 		.4byte	0x7d
 529 0173 7E010000 		.4byte	0x17e
 530 0177 0C       		.uleb128 0xc
 531 0178 84000000 		.4byte	0x84
 532 017c 0F       		.byte	0xf
 533 017d 00       		.byte	0
 534 017e 0D       		.uleb128 0xd
 535 017f 61010000 		.4byte	.LASF26
 536 0183 01       		.byte	0x1
 537 0184 11       		.byte	0x11
 538 0185 6E010000 		.4byte	0x16e
 539 0189 01       		.byte	0x1
 540 018a 05       		.byte	0x5
 541 018b 03       		.byte	0x3
 542 018c 00000000 		.4byte	dataArray
 543 0190 00       		.byte	0
 544              		.section	.debug_abbrev,"",%progbits
 545              	.Ldebug_abbrev0:
 546 0000 01       		.uleb128 0x1
 547 0001 11       		.uleb128 0x11
 548 0002 01       		.byte	0x1
 549 0003 25       		.uleb128 0x25
 550 0004 0E       		.uleb128 0xe
 551 0005 13       		.uleb128 0x13
 552 0006 0B       		.uleb128 0xb
 553 0007 03       		.uleb128 0x3
 554 0008 0E       		.uleb128 0xe
 555 0009 1B       		.uleb128 0x1b
 556 000a 0E       		.uleb128 0xe
 557 000b 55       		.uleb128 0x55
 558 000c 06       		.uleb128 0x6
 559 000d 11       		.uleb128 0x11
 560 000e 01       		.uleb128 0x1
 561 000f 52       		.uleb128 0x52
 562 0010 01       		.uleb128 0x1
 563 0011 10       		.uleb128 0x10
 564 0012 06       		.uleb128 0x6
 565 0013 00       		.byte	0
 566 0014 00       		.byte	0
 567 0015 02       		.uleb128 0x2
 568 0016 24       		.uleb128 0x24
 569 0017 00       		.byte	0
 570 0018 0B       		.uleb128 0xb
 571 0019 0B       		.uleb128 0xb
 572 001a 3E       		.uleb128 0x3e
 573 001b 0B       		.uleb128 0xb
 574 001c 03       		.uleb128 0x3
 575 001d 0E       		.uleb128 0xe
 576 001e 00       		.byte	0
 577 001f 00       		.byte	0
 578 0020 03       		.uleb128 0x3
 579 0021 24       		.uleb128 0x24
 580 0022 00       		.byte	0
 581 0023 0B       		.uleb128 0xb
 582 0024 0B       		.uleb128 0xb
 583 0025 3E       		.uleb128 0x3e
 584 0026 0B       		.uleb128 0xb
ARM GAS  C:\Users\Jeppe\AppData\Local\Temp\ccPTiWUd.s 			page 13


 585 0027 03       		.uleb128 0x3
 586 0028 08       		.uleb128 0x8
 587 0029 00       		.byte	0
 588 002a 00       		.byte	0
 589 002b 04       		.uleb128 0x4
 590 002c 2E       		.uleb128 0x2e
 591 002d 00       		.byte	0
 592 002e 3F       		.uleb128 0x3f
 593 002f 0C       		.uleb128 0xc
 594 0030 03       		.uleb128 0x3
 595 0031 0E       		.uleb128 0xe
 596 0032 3A       		.uleb128 0x3a
 597 0033 0B       		.uleb128 0xb
 598 0034 3B       		.uleb128 0x3b
 599 0035 0B       		.uleb128 0xb
 600 0036 27       		.uleb128 0x27
 601 0037 0C       		.uleb128 0xc
 602 0038 11       		.uleb128 0x11
 603 0039 01       		.uleb128 0x1
 604 003a 12       		.uleb128 0x12
 605 003b 01       		.uleb128 0x1
 606 003c 40       		.uleb128 0x40
 607 003d 06       		.uleb128 0x6
 608 003e 9642     		.uleb128 0x2116
 609 0040 0C       		.uleb128 0xc
 610 0041 00       		.byte	0
 611 0042 00       		.byte	0
 612 0043 05       		.uleb128 0x5
 613 0044 2E       		.uleb128 0x2e
 614 0045 01       		.byte	0x1
 615 0046 3F       		.uleb128 0x3f
 616 0047 0C       		.uleb128 0xc
 617 0048 03       		.uleb128 0x3
 618 0049 0E       		.uleb128 0xe
 619 004a 3A       		.uleb128 0x3a
 620 004b 0B       		.uleb128 0xb
 621 004c 3B       		.uleb128 0x3b
 622 004d 0B       		.uleb128 0xb
 623 004e 27       		.uleb128 0x27
 624 004f 0C       		.uleb128 0xc
 625 0050 11       		.uleb128 0x11
 626 0051 01       		.uleb128 0x1
 627 0052 12       		.uleb128 0x12
 628 0053 01       		.uleb128 0x1
 629 0054 40       		.uleb128 0x40
 630 0055 06       		.uleb128 0x6
 631 0056 9742     		.uleb128 0x2117
 632 0058 0C       		.uleb128 0xc
 633 0059 01       		.uleb128 0x1
 634 005a 13       		.uleb128 0x13
 635 005b 00       		.byte	0
 636 005c 00       		.byte	0
 637 005d 06       		.uleb128 0x6
 638 005e 05       		.uleb128 0x5
 639 005f 00       		.byte	0
 640 0060 03       		.uleb128 0x3
 641 0061 08       		.uleb128 0x8
ARM GAS  C:\Users\Jeppe\AppData\Local\Temp\ccPTiWUd.s 			page 14


 642 0062 3A       		.uleb128 0x3a
 643 0063 0B       		.uleb128 0xb
 644 0064 3B       		.uleb128 0x3b
 645 0065 0B       		.uleb128 0xb
 646 0066 49       		.uleb128 0x49
 647 0067 13       		.uleb128 0x13
 648 0068 02       		.uleb128 0x2
 649 0069 0A       		.uleb128 0xa
 650 006a 00       		.byte	0
 651 006b 00       		.byte	0
 652 006c 07       		.uleb128 0x7
 653 006d 05       		.uleb128 0x5
 654 006e 00       		.byte	0
 655 006f 03       		.uleb128 0x3
 656 0070 0E       		.uleb128 0xe
 657 0071 3A       		.uleb128 0x3a
 658 0072 0B       		.uleb128 0xb
 659 0073 3B       		.uleb128 0x3b
 660 0074 0B       		.uleb128 0xb
 661 0075 49       		.uleb128 0x49
 662 0076 13       		.uleb128 0x13
 663 0077 02       		.uleb128 0x2
 664 0078 0A       		.uleb128 0xa
 665 0079 00       		.byte	0
 666 007a 00       		.byte	0
 667 007b 08       		.uleb128 0x8
 668 007c 34       		.uleb128 0x34
 669 007d 00       		.byte	0
 670 007e 03       		.uleb128 0x3
 671 007f 08       		.uleb128 0x8
 672 0080 3A       		.uleb128 0x3a
 673 0081 0B       		.uleb128 0xb
 674 0082 3B       		.uleb128 0x3b
 675 0083 0B       		.uleb128 0xb
 676 0084 49       		.uleb128 0x49
 677 0085 13       		.uleb128 0x13
 678 0086 02       		.uleb128 0x2
 679 0087 0A       		.uleb128 0xa
 680 0088 00       		.byte	0
 681 0089 00       		.byte	0
 682 008a 09       		.uleb128 0x9
 683 008b 2E       		.uleb128 0x2e
 684 008c 01       		.byte	0x1
 685 008d 3F       		.uleb128 0x3f
 686 008e 0C       		.uleb128 0xc
 687 008f 03       		.uleb128 0x3
 688 0090 0E       		.uleb128 0xe
 689 0091 3A       		.uleb128 0x3a
 690 0092 0B       		.uleb128 0xb
 691 0093 3B       		.uleb128 0x3b
 692 0094 0B       		.uleb128 0xb
 693 0095 27       		.uleb128 0x27
 694 0096 0C       		.uleb128 0xc
 695 0097 11       		.uleb128 0x11
 696 0098 01       		.uleb128 0x1
 697 0099 12       		.uleb128 0x12
 698 009a 01       		.uleb128 0x1
ARM GAS  C:\Users\Jeppe\AppData\Local\Temp\ccPTiWUd.s 			page 15


 699 009b 40       		.uleb128 0x40
 700 009c 06       		.uleb128 0x6
 701 009d 9642     		.uleb128 0x2116
 702 009f 0C       		.uleb128 0xc
 703 00a0 01       		.uleb128 0x1
 704 00a1 13       		.uleb128 0x13
 705 00a2 00       		.byte	0
 706 00a3 00       		.byte	0
 707 00a4 0A       		.uleb128 0xa
 708 00a5 34       		.uleb128 0x34
 709 00a6 00       		.byte	0
 710 00a7 03       		.uleb128 0x3
 711 00a8 0E       		.uleb128 0xe
 712 00a9 3A       		.uleb128 0x3a
 713 00aa 0B       		.uleb128 0xb
 714 00ab 3B       		.uleb128 0x3b
 715 00ac 0B       		.uleb128 0xb
 716 00ad 49       		.uleb128 0x49
 717 00ae 13       		.uleb128 0x13
 718 00af 02       		.uleb128 0x2
 719 00b0 0A       		.uleb128 0xa
 720 00b1 00       		.byte	0
 721 00b2 00       		.byte	0
 722 00b3 0B       		.uleb128 0xb
 723 00b4 01       		.uleb128 0x1
 724 00b5 01       		.byte	0x1
 725 00b6 49       		.uleb128 0x49
 726 00b7 13       		.uleb128 0x13
 727 00b8 01       		.uleb128 0x1
 728 00b9 13       		.uleb128 0x13
 729 00ba 00       		.byte	0
 730 00bb 00       		.byte	0
 731 00bc 0C       		.uleb128 0xc
 732 00bd 21       		.uleb128 0x21
 733 00be 00       		.byte	0
 734 00bf 49       		.uleb128 0x49
 735 00c0 13       		.uleb128 0x13
 736 00c1 2F       		.uleb128 0x2f
 737 00c2 0B       		.uleb128 0xb
 738 00c3 00       		.byte	0
 739 00c4 00       		.byte	0
 740 00c5 0D       		.uleb128 0xd
 741 00c6 34       		.uleb128 0x34
 742 00c7 00       		.byte	0
 743 00c8 03       		.uleb128 0x3
 744 00c9 0E       		.uleb128 0xe
 745 00ca 3A       		.uleb128 0x3a
 746 00cb 0B       		.uleb128 0xb
 747 00cc 3B       		.uleb128 0x3b
 748 00cd 0B       		.uleb128 0xb
 749 00ce 49       		.uleb128 0x49
 750 00cf 13       		.uleb128 0x13
 751 00d0 3F       		.uleb128 0x3f
 752 00d1 0C       		.uleb128 0xc
 753 00d2 02       		.uleb128 0x2
 754 00d3 0A       		.uleb128 0xa
 755 00d4 00       		.byte	0
ARM GAS  C:\Users\Jeppe\AppData\Local\Temp\ccPTiWUd.s 			page 16


 756 00d5 00       		.byte	0
 757 00d6 00       		.byte	0
 758              		.section	.debug_loc,"",%progbits
 759              	.Ldebug_loc0:
 760              	.LLST0:
 761 0000 00000000 		.4byte	.LFB33
 762 0004 02000000 		.4byte	.LCFI0
 763 0008 0200     		.2byte	0x2
 764 000a 7D       		.byte	0x7d
 765 000b 00       		.sleb128 0
 766 000c 02000000 		.4byte	.LCFI0
 767 0010 04000000 		.4byte	.LCFI1
 768 0014 0200     		.2byte	0x2
 769 0016 7D       		.byte	0x7d
 770 0017 08       		.sleb128 8
 771 0018 04000000 		.4byte	.LCFI1
 772 001c 0C000000 		.4byte	.LFE33
 773 0020 0200     		.2byte	0x2
 774 0022 77       		.byte	0x77
 775 0023 08       		.sleb128 8
 776 0024 00000000 		.4byte	0
 777 0028 00000000 		.4byte	0
 778              	.LLST1:
 779 002c 00000000 		.4byte	.LFB34
 780 0030 02000000 		.4byte	.LCFI2
 781 0034 0200     		.2byte	0x2
 782 0036 7D       		.byte	0x7d
 783 0037 00       		.sleb128 0
 784 0038 02000000 		.4byte	.LCFI2
 785 003c 04000000 		.4byte	.LCFI3
 786 0040 0200     		.2byte	0x2
 787 0042 7D       		.byte	0x7d
 788 0043 08       		.sleb128 8
 789 0044 04000000 		.4byte	.LCFI3
 790 0048 06000000 		.4byte	.LCFI4
 791 004c 0200     		.2byte	0x2
 792 004e 7D       		.byte	0x7d
 793 004f 20       		.sleb128 32
 794 0050 06000000 		.4byte	.LCFI4
 795 0054 64000000 		.4byte	.LFE34
 796 0058 0200     		.2byte	0x2
 797 005a 77       		.byte	0x77
 798 005b 20       		.sleb128 32
 799 005c 00000000 		.4byte	0
 800 0060 00000000 		.4byte	0
 801              	.LLST2:
 802 0064 00000000 		.4byte	.LFB35
 803 0068 02000000 		.4byte	.LCFI5
 804 006c 0200     		.2byte	0x2
 805 006e 7D       		.byte	0x7d
 806 006f 00       		.sleb128 0
 807 0070 02000000 		.4byte	.LCFI5
 808 0074 04000000 		.4byte	.LCFI6
 809 0078 0200     		.2byte	0x2
 810 007a 7D       		.byte	0x7d
 811 007b 08       		.sleb128 8
 812 007c 04000000 		.4byte	.LCFI6
ARM GAS  C:\Users\Jeppe\AppData\Local\Temp\ccPTiWUd.s 			page 17


 813 0080 06000000 		.4byte	.LCFI7
 814 0084 0200     		.2byte	0x2
 815 0086 7D       		.byte	0x7d
 816 0087 30       		.sleb128 48
 817 0088 06000000 		.4byte	.LCFI7
 818 008c 28010000 		.4byte	.LFE35
 819 0090 0200     		.2byte	0x2
 820 0092 77       		.byte	0x77
 821 0093 30       		.sleb128 48
 822 0094 00000000 		.4byte	0
 823 0098 00000000 		.4byte	0
 824              		.section	.debug_aranges,"",%progbits
 825 0000 2C000000 		.4byte	0x2c
 826 0004 0200     		.2byte	0x2
 827 0006 00000000 		.4byte	.Ldebug_info0
 828 000a 04       		.byte	0x4
 829 000b 00       		.byte	0
 830 000c 0000     		.2byte	0
 831 000e 0000     		.2byte	0
 832 0010 00000000 		.4byte	.LFB33
 833 0014 0C000000 		.4byte	.LFE33-.LFB33
 834 0018 00000000 		.4byte	.LFB34
 835 001c 64000000 		.4byte	.LFE34-.LFB34
 836 0020 00000000 		.4byte	.LFB35
 837 0024 28010000 		.4byte	.LFE35-.LFB35
 838 0028 00000000 		.4byte	0
 839 002c 00000000 		.4byte	0
 840              		.section	.debug_ranges,"",%progbits
 841              	.Ldebug_ranges0:
 842 0000 00000000 		.4byte	.LFB33
 843 0004 0C000000 		.4byte	.LFE33
 844 0008 00000000 		.4byte	.LFB34
 845 000c 64000000 		.4byte	.LFE34
 846 0010 00000000 		.4byte	.LFB35
 847 0014 28010000 		.4byte	.LFE35
 848 0018 00000000 		.4byte	0
 849 001c 00000000 		.4byte	0
 850              		.section	.debug_line,"",%progbits
 851              	.Ldebug_line0:
 852 0000 A0000000 		.section	.debug_str,"MS",%progbits,1
 852      02002100 
 852      00000201 
 852      FB0E0D00 
 852      01010101 
 853              	.LASF6:
 854 0000 6C6F6E67 		.ascii	"long long int\000"
 854      206C6F6E 
 854      6720696E 
 854      7400
 855              	.LASF8:
 856 000e 756E7369 		.ascii	"unsigned int\000"
 856      676E6564 
 856      20696E74 
 856      00
 857              	.LASF14:
 858 001b 795F6461 		.ascii	"y_data\000"
 858      746100
ARM GAS  C:\Users\Jeppe\AppData\Local\Temp\ccPTiWUd.s 			page 18


 859              	.LASF20:
 860 0022 70726F78 		.ascii	"proxArray\000"
 860      41727261 
 860      7900
 861              	.LASF23:
 862 002c 2E5C4254 		.ascii	".\\BTUART.c\000"
 862      55415254 
 862      2E6300
 863              	.LASF22:
 864 0037 474E5520 		.ascii	"GNU C 4.7.3 20130312 (release) [ARM/embedded-4_7-br"
 864      4320342E 
 864      372E3320 
 864      32303133 
 864      30333132 
 865 006a 616E6368 		.ascii	"anch revision 196615]\000"
 865      20726576 
 865      6973696F 
 865      6E203139 
 865      36363135 
 866              	.LASF7:
 867 0080 6C6F6E67 		.ascii	"long long unsigned int\000"
 867      206C6F6E 
 867      6720756E 
 867      7369676E 
 867      65642069 
 868              	.LASF24:
 869 0097 433A5C55 		.ascii	"C:\\Users\\Jeppe\\Documents\\Engineer\\3_Semester\\"
 869      73657273 
 869      5C4A6570 
 869      70655C44 
 869      6F63756D 
 870 00c4 45335052 		.ascii	"E3PRJ3\\Design og implementering\\Body SW\\Body_mai"
 870      4A335C44 
 870      65736967 
 870      6E206F67 
 870      20696D70 
 871 00f4 6E5F5665 		.ascii	"n_Version_4\\Body_main\\Body_main.cydsn\000"
 871      7273696F 
 871      6E5F345C 
 871      426F6479 
 871      5F6D6169 
 872              	.LASF21:
 873 011a 666C6578 		.ascii	"flexArray\000"
 873      41727261 
 873      7900
 874              	.LASF1:
 875 0124 756E7369 		.ascii	"unsigned char\000"
 875      676E6564 
 875      20636861 
 875      7200
 876              	.LASF18:
 877 0132 61636365 		.ascii	"accelArray\000"
 877      6C417272 
 877      617900
 878              	.LASF11:
 879 013d 63686172 		.ascii	"char\000"
 879      00
ARM GAS  C:\Users\Jeppe\AppData\Local\Temp\ccPTiWUd.s 			page 19


 880              	.LASF17:
 881 0142 73656E64 		.ascii	"sendDataArray\000"
 881      44617461 
 881      41727261 
 881      7900
 882              	.LASF15:
 883 0150 7A5F6461 		.ascii	"z_data\000"
 883      746100
 884              	.LASF2:
 885 0157 73686F72 		.ascii	"short int\000"
 885      7420696E 
 885      7400
 886              	.LASF26:
 887 0161 64617461 		.ascii	"dataArray\000"
 887      41727261 
 887      7900
 888              	.LASF5:
 889 016b 6C6F6E67 		.ascii	"long unsigned int\000"
 889      20756E73 
 889      69676E65 
 889      6420696E 
 889      7400
 890              	.LASF10:
 891 017d 646F7562 		.ascii	"double\000"
 891      6C6500
 892              	.LASF4:
 893 0184 6C6F6E67 		.ascii	"long int\000"
 893      20696E74 
 893      00
 894              	.LASF19:
 895 018d 6779726F 		.ascii	"gyroArray\000"
 895      41727261 
 895      7900
 896              	.LASF3:
 897 0197 73686F72 		.ascii	"short unsigned int\000"
 897      7420756E 
 897      7369676E 
 897      65642069 
 897      6E7400
 898              	.LASF0:
 899 01aa 7369676E 		.ascii	"signed char\000"
 899      65642063 
 899      68617200 
 900              	.LASF9:
 901 01b6 666C6F61 		.ascii	"float\000"
 901      7400
 902              	.LASF25:
 903 01bc 696E6974 		.ascii	"initUART\000"
 903      55415254 
 903      00
 904              	.LASF16:
 905 01c5 73657464 		.ascii	"setdataArray\000"
 905      61746141 
 905      72726179 
 905      00
 906              	.LASF13:
 907 01d2 785F6461 		.ascii	"x_data\000"
ARM GAS  C:\Users\Jeppe\AppData\Local\Temp\ccPTiWUd.s 			page 20


 907      746100
 908              	.LASF12:
 909 01d9 73697A65 		.ascii	"sizetype\000"
 909      74797065 
 909      00
 910              		.ident	"GCC: (GNU Tools for ARM Embedded Processors) 4.7.3 20130312 (release) [ARM/embedded-4_7-br
