ARM GAS  C:\Users\Jeppe\AppData\Local\Temp\cclnY3IN.s 			page 1


   1              		.cpu cortex-m0
   2              		.fpu softvfp
   3              		.eabi_attribute 20, 1
   4              		.eabi_attribute 21, 1
   5              		.eabi_attribute 23, 3
   6              		.eabi_attribute 24, 1
   7              		.eabi_attribute 25, 1
   8              		.eabi_attribute 26, 1
   9              		.eabi_attribute 30, 6
  10              		.eabi_attribute 34, 0
  11              		.eabi_attribute 18, 4
  12              		.code	16
  13              		.file	"main.c"
  14              		.text
  15              	.Ltext0:
  16              		.cfi_sections	.debug_frame
  17              		.global	ready_to_send_flag
  18              		.bss
  19              		.align	2
  20              		.type	ready_to_send_flag, %object
  21              		.size	ready_to_send_flag, 4
  22              	ready_to_send_flag:
  23 0000 00000000 		.space	4
  24              		.section	.text.main,"ax",%progbits
  25              		.align	2
  26              		.global	main
  27              		.code	16
  28              		.thumb_func
  29              		.type	main, %function
  30              	main:
  31              	.LFB33:
  32              		.file 1 ".\\main.c"
   1:.\main.c      **** /* ========================================
   2:.\main.c      ****  *
   3:.\main.c      ****  * Copyright YOUR COMPANY, THE YEAR
   4:.\main.c      ****  * All Rights Reserved
   5:.\main.c      ****  * UNPUBLISHED, LICENSED SOFTWARE.
   6:.\main.c      ****  *
   7:.\main.c      ****  * CONFIDENTIAL AND PROPRIETARY INFORMATION
   8:.\main.c      ****  * WHICH IS THE PROPERTY OF your company.
   9:.\main.c      ****  *
  10:.\main.c      ****  * ========================================
  11:.\main.c      **** */
  12:.\main.c      **** #include <project.h>
  13:.\main.c      **** #include "stdlib.h"
  14:.\main.c      **** #include <stdio.h>
  15:.\main.c      **** 
  16:.\main.c      **** #include "BTUART.h"
  17:.\main.c      **** #include "Sensor.h"
  18:.\main.c      **** 
  19:.\main.c      **** 
  20:.\main.c      **** //Accelerometer ADXL345 defines
  21:.\main.c      **** #define ACCEL_ADDRESS 0x53 // jumperen sættes til GND 
  22:.\main.c      **** #define PWR_CTRL_REG 0x2D //Power control registeret Datablad side 26
  23:.\main.c      **** #define PWR_MODE (1<<3) // Sættes i measurement mode, standby til den skal måle (Strømbesparende
  24:.\main.c      **** #define DATAX0 0x32 //least significant 
  25:.\main.c      **** #define DATAX1 0x33 //most significant
ARM GAS  C:\Users\Jeppe\AppData\Local\Temp\cclnY3IN.s 			page 2


  26:.\main.c      **** #define DATAY0 0x34
  27:.\main.c      **** #define DATAY1 0x35
  28:.\main.c      **** #define DATAZ0 0x36
  29:.\main.c      **** #define DATAZ1 0x37
  30:.\main.c      **** 
  31:.\main.c      **** //Gyroscope MPU6050 defines 
  32:.\main.c      **** #define GYRO_ADDRESS 0x68 //Jumperen sættes til GND 
  33:.\main.c      **** #define GYRO_XOUT_H 0x43 // Most significant
  34:.\main.c      **** #define GYRO_XOUT_L 0x44 // Least significant 
  35:.\main.c      **** #define GYRO_YOUT_H 0x45
  36:.\main.c      **** #define GYRO_YOUT_L 0x46
  37:.\main.c      **** #define GYRO_ZOUT_H 0x47
  38:.\main.c      **** #define GYRO_ZOUT_L 0x48
  39:.\main.c      **** 
  40:.\main.c      **** 
  41:.\main.c      **** 
  42:.\main.c      **** 
  43:.\main.c      **** 
  44:.\main.c      **** 
  45:.\main.c      **** //Prototyper
  46:.\main.c      **** void initSensors(void);
  47:.\main.c      **** void initADXL345(void);
  48:.\main.c      **** void initMPU6050(void);
  49:.\main.c      **** 
  50:.\main.c      **** // ISR prototype
  51:.\main.c      **** CY_ISR_PROTO(ISR_BT_Handler);
  52:.\main.c      **** 
  53:.\main.c      **** // Flags
  54:.\main.c      **** int ready_to_send_flag = 0;
  55:.\main.c      **** 
  56:.\main.c      **** 
  57:.\main.c      **** 
  58:.\main.c      **** int main()
  59:.\main.c      **** {
  33              		.loc 1 59 0
  34              		.cfi_startproc
  35 0000 80B5     		push	{r7, lr}
  36              	.LCFI0:
  37              		.cfi_def_cfa_offset 8
  38              		.cfi_offset 7, -8
  39              		.cfi_offset 14, -4
  40 0002 00AF     		add	r7, sp, #0
  41              	.LCFI1:
  42              		.cfi_def_cfa_register 7
  60:.\main.c      ****     initUART();
  43              		.loc 1 60 0
  44 0004 FFF7FEFF 		bl	initUART
  61:.\main.c      ****     initSensors();
  45              		.loc 1 61 0
  46 0008 FFF7FEFF 		bl	initSensors
  47              	.L2:
  62:.\main.c      ****     
  63:.\main.c      **** 	//setupI2C(); //Spørg Kristian om denne?
  64:.\main.c      ****     
  65:.\main.c      ****     //ISR enable
  66:.\main.c      **** 	//isr_sendBT_StartEx(ISR_BT_Handler);
  67:.\main.c      ****     //CyGlobalIntEnable;
ARM GAS  C:\Users\Jeppe\AppData\Local\Temp\cclnY3IN.s 			page 3


  68:.\main.c      ****      //Timer_1_Start();
  69:.\main.c      ****     
  70:.\main.c      **** 	while(1)
  71:.\main.c      ****     {
  72:.\main.c      ****         setupI2C();
  48              		.loc 1 72 0 discriminator 1
  49 000c FFF7FEFF 		bl	setupI2C
  73:.\main.c      ****         readAllSensors();
  50              		.loc 1 73 0 discriminator 1
  51 0010 FFF7FEFF 		bl	readAllSensors
  74:.\main.c      ****         //Tjekker at data bliver samlet korrekt. 
  75:.\main.c      ****         convSensData();
  52              		.loc 1 75 0 discriminator 1
  53 0014 FFF7FEFF 		bl	convSensData
  76:.\main.c      ****         
  77:.\main.c      ****        
  78:.\main.c      ****         sendDataArray(); 
  54              		.loc 1 78 0 discriminator 1
  55 0018 FFF7FEFF 		bl	sendDataArray
  79:.\main.c      ****         CyDelay(7);
  56              		.loc 1 79 0 discriminator 1
  57 001c 0720     		mov	r0, #7
  58 001e FFF7FEFF 		bl	CyDelay
  80:.\main.c      ****      
  81:.\main.c      ****     }     
  59              		.loc 1 81 0 discriminator 1
  60 0022 F3E7     		b	.L2
  61              		.cfi_endproc
  62              	.LFE33:
  63              		.size	main, .-main
  64              		.section	.text.ISR_BT_Handler,"ax",%progbits
  65              		.align	2
  66              		.global	ISR_BT_Handler
  67              		.code	16
  68              		.thumb_func
  69              		.type	ISR_BT_Handler, %function
  70              	ISR_BT_Handler:
  71              	.LFB34:
  82:.\main.c      ****             
  83:.\main.c      **** 		
  84:.\main.c      **** 	return 0;
  85:.\main.c      **** }
  86:.\main.c      **** 
  87:.\main.c      **** CY_ISR(ISR_BT_Handler)
  88:.\main.c      **** {
  72              		.loc 1 88 0
  73              		.cfi_startproc
  74 0000 80B5     		push	{r7, lr}
  75              	.LCFI2:
  76              		.cfi_def_cfa_offset 8
  77              		.cfi_offset 7, -8
  78              		.cfi_offset 14, -4
  79 0002 00AF     		add	r7, sp, #0
  80              	.LCFI3:
  81              		.cfi_def_cfa_register 7
  89:.\main.c      ****         //SEND DATA VIA BT
  90:.\main.c      ****         sendDataArray(); 
ARM GAS  C:\Users\Jeppe\AppData\Local\Temp\cclnY3IN.s 			page 4


  82              		.loc 1 90 0
  83 0004 FFF7FEFF 		bl	sendDataArray
  91:.\main.c      ****         ready_to_send_flag = 0;
  84              		.loc 1 91 0
  85 0008 024B     		ldr	r3, .L4
  86 000a 0022     		mov	r2, #0
  87 000c 1A60     		str	r2, [r3]
  92:.\main.c      **** }
  88              		.loc 1 92 0
  89 000e BD46     		mov	sp, r7
  90              		@ sp needed for prologue
  91 0010 80BD     		pop	{r7, pc}
  92              	.L5:
  93 0012 C046     		.align	2
  94              	.L4:
  95 0014 00000000 		.word	ready_to_send_flag
  96              		.cfi_endproc
  97              	.LFE34:
  98              		.size	ISR_BT_Handler, .-ISR_BT_Handler
  99              		.section	.text.initSensors,"ax",%progbits
 100              		.align	2
 101              		.global	initSensors
 102              		.code	16
 103              		.thumb_func
 104              		.type	initSensors, %function
 105              	initSensors:
 106              	.LFB35:
  93:.\main.c      **** 
  94:.\main.c      **** 
  95:.\main.c      **** 
  96:.\main.c      **** void initSensors()
  97:.\main.c      **** {	
 107              		.loc 1 97 0
 108              		.cfi_startproc
 109 0000 80B5     		push	{r7, lr}
 110              	.LCFI4:
 111              		.cfi_def_cfa_offset 8
 112              		.cfi_offset 7, -8
 113              		.cfi_offset 14, -4
 114 0002 00AF     		add	r7, sp, #0
 115              	.LCFI5:
 116              		.cfi_def_cfa_register 7
  98:.\main.c      **** 	/***** INIT INDIVIDUAL SENSORS *****/
  99:.\main.c      **** 	//initMPU6050();	//Gyroscope
 100:.\main.c      **** 	initADXL345();	//Accellerometer
 117              		.loc 1 100 0
 118 0004 FFF7FEFF 		bl	initADXL345
 101:.\main.c      **** 	// ..osv
 102:.\main.c      **** }
 119              		.loc 1 102 0
 120 0008 BD46     		mov	sp, r7
 121              		@ sp needed for prologue
 122 000a 80BD     		pop	{r7, pc}
 123              		.cfi_endproc
 124              	.LFE35:
 125              		.size	initSensors, .-initSensors
 126              		.section	.text.initADXL345,"ax",%progbits
ARM GAS  C:\Users\Jeppe\AppData\Local\Temp\cclnY3IN.s 			page 5


 127              		.align	2
 128              		.global	initADXL345
 129              		.code	16
 130              		.thumb_func
 131              		.type	initADXL345, %function
 132              	initADXL345:
 133              	.LFB36:
 103:.\main.c      **** 
 104:.\main.c      **** 
 105:.\main.c      **** 
 106:.\main.c      **** //init accelerometer
 107:.\main.c      **** void initADXL345(void)
 108:.\main.c      **** {
 134              		.loc 1 108 0
 135              		.cfi_startproc
 136 0000 80B5     		push	{r7, lr}
 137              	.LCFI6:
 138              		.cfi_def_cfa_offset 8
 139              		.cfi_offset 7, -8
 140              		.cfi_offset 14, -4
 141 0002 00AF     		add	r7, sp, #0
 142              	.LCFI7:
 143              		.cfi_def_cfa_register 7
 109:.\main.c      **** 	// Fylder ADXL345 ind i sensor array'et. 
 110:.\main.c      **** 	setSensArray(ACCEL_ADDRESS, DATAX0, DEFAULT_DATA);
 144              		.loc 1 110 0
 145 0004 0123     		mov	r3, #1
 146 0006 5B42     		neg	r3, r3
 147 0008 5320     		mov	r0, #83
 148 000a 3221     		mov	r1, #50
 149 000c 1A1C     		mov	r2, r3
 150 000e FFF7FEFF 		bl	setSensArray
 111:.\main.c      **** 	setSensArray(ACCEL_ADDRESS, DATAX1, DEFAULT_DATA);
 151              		.loc 1 111 0
 152 0012 0123     		mov	r3, #1
 153 0014 5B42     		neg	r3, r3
 154 0016 5320     		mov	r0, #83
 155 0018 3321     		mov	r1, #51
 156 001a 1A1C     		mov	r2, r3
 157 001c FFF7FEFF 		bl	setSensArray
 112:.\main.c      **** 	setSensArray(ACCEL_ADDRESS, DATAY0, DEFAULT_DATA);
 158              		.loc 1 112 0
 159 0020 0123     		mov	r3, #1
 160 0022 5B42     		neg	r3, r3
 161 0024 5320     		mov	r0, #83
 162 0026 3421     		mov	r1, #52
 163 0028 1A1C     		mov	r2, r3
 164 002a FFF7FEFF 		bl	setSensArray
 113:.\main.c      **** 	setSensArray(ACCEL_ADDRESS, DATAY1, DEFAULT_DATA);
 165              		.loc 1 113 0
 166 002e 0123     		mov	r3, #1
 167 0030 5B42     		neg	r3, r3
 168 0032 5320     		mov	r0, #83
 169 0034 3521     		mov	r1, #53
 170 0036 1A1C     		mov	r2, r3
 171 0038 FFF7FEFF 		bl	setSensArray
 114:.\main.c      **** 	setSensArray(ACCEL_ADDRESS, DATAZ0, DEFAULT_DATA);
ARM GAS  C:\Users\Jeppe\AppData\Local\Temp\cclnY3IN.s 			page 6


 172              		.loc 1 114 0
 173 003c 0123     		mov	r3, #1
 174 003e 5B42     		neg	r3, r3
 175 0040 5320     		mov	r0, #83
 176 0042 3621     		mov	r1, #54
 177 0044 1A1C     		mov	r2, r3
 178 0046 FFF7FEFF 		bl	setSensArray
 115:.\main.c      **** 	setSensArray(ACCEL_ADDRESS, DATAZ1, DEFAULT_DATA);
 179              		.loc 1 115 0
 180 004a 0123     		mov	r3, #1
 181 004c 5B42     		neg	r3, r3
 182 004e 5320     		mov	r0, #83
 183 0050 3721     		mov	r1, #55
 184 0052 1A1C     		mov	r2, r3
 185 0054 FFF7FEFF 		bl	setSensArray
 116:.\main.c      **** 	
 117:.\main.c      **** 	//Opsætter til I2C 
 118:.\main.c      **** 	if(I2C_1_I2CMasterSendStart(ACCEL_ADDRESS, I2C_1_I2C_WRITE_XFER_MODE) == I2C_1_I2C_MSTR_NO_ERROR /
 186              		.loc 1 118 0
 187 0058 5320     		mov	r0, #83
 188 005a 0021     		mov	r1, #0
 189 005c FFF7FEFF 		bl	I2C_1_I2CMasterSendStart
 190 0060 031C     		mov	r3, r0
 191 0062 002B     		cmp	r3, #0
 192 0064 0DD1     		bne	.L7
 119:.\main.c      ****         && I2C_1_I2CMasterWriteByte(PWR_CTRL_REG) == I2C_1_I2C_MSTR_NO_ERROR // POWER CONTROL REGIS
 193              		.loc 1 119 0
 194 0066 2D20     		mov	r0, #45
 195 0068 FFF7FEFF 		bl	I2C_1_I2CMasterWriteByte
 196 006c 031C     		mov	r3, r0
 197 006e 002B     		cmp	r3, #0
 198 0070 07D1     		bne	.L7
 120:.\main.c      ****         && I2C_1_I2CMasterWriteByte(PWR_MODE) == I2C_1_I2C_MSTR_NO_ERROR) // Sættes i measurement 
 199              		.loc 1 120 0
 200 0072 0820     		mov	r0, #8
 201 0074 FFF7FEFF 		bl	I2C_1_I2CMasterWriteByte
 202 0078 031C     		mov	r3, r0
 203 007a 002B     		cmp	r3, #0
 204 007c 01D1     		bne	.L7
 121:.\main.c      **** 	handleI2CError();
 205              		.loc 1 121 0
 206 007e FFF7FEFF 		bl	handleI2CError
 207              	.L7:
 122:.\main.c      **** }
 208              		.loc 1 122 0
 209 0082 BD46     		mov	sp, r7
 210              		@ sp needed for prologue
 211 0084 80BD     		pop	{r7, pc}
 212              		.cfi_endproc
 213              	.LFE36:
 214              		.size	initADXL345, .-initADXL345
 215 0086 C046     		.section	.text.initMPU6050,"ax",%progbits
 216              		.align	2
 217              		.global	initMPU6050
 218              		.code	16
 219              		.thumb_func
 220              		.type	initMPU6050, %function
ARM GAS  C:\Users\Jeppe\AppData\Local\Temp\cclnY3IN.s 			page 7


 221              	initMPU6050:
 222              	.LFB37:
 123:.\main.c      **** 
 124:.\main.c      **** //init gyroscope 
 125:.\main.c      **** void initMPU6050(void)
 126:.\main.c      **** {
 223              		.loc 1 126 0
 224              		.cfi_startproc
 225 0000 80B5     		push	{r7, lr}
 226              	.LCFI8:
 227              		.cfi_def_cfa_offset 8
 228              		.cfi_offset 7, -8
 229              		.cfi_offset 14, -4
 230 0002 00AF     		add	r7, sp, #0
 231              	.LCFI9:
 232              		.cfi_def_cfa_register 7
 127:.\main.c      **** 	// Fylder ADXL345 ind i sensor array'et. 
 128:.\main.c      **** 	setSensArray(GYRO_ADDRESS, GYRO_XOUT_H, DEFAULT_DATA);
 233              		.loc 1 128 0
 234 0004 0123     		mov	r3, #1
 235 0006 5B42     		neg	r3, r3
 236 0008 6820     		mov	r0, #104
 237 000a 4321     		mov	r1, #67
 238 000c 1A1C     		mov	r2, r3
 239 000e FFF7FEFF 		bl	setSensArray
 129:.\main.c      ****     setSensArray(GYRO_ADDRESS, GYRO_XOUT_L, DEFAULT_DATA);
 240              		.loc 1 129 0
 241 0012 0123     		mov	r3, #1
 242 0014 5B42     		neg	r3, r3
 243 0016 6820     		mov	r0, #104
 244 0018 4421     		mov	r1, #68
 245 001a 1A1C     		mov	r2, r3
 246 001c FFF7FEFF 		bl	setSensArray
 130:.\main.c      **** 	setSensArray(GYRO_ADDRESS, GYRO_YOUT_H, DEFAULT_DATA);
 247              		.loc 1 130 0
 248 0020 0123     		mov	r3, #1
 249 0022 5B42     		neg	r3, r3
 250 0024 6820     		mov	r0, #104
 251 0026 4521     		mov	r1, #69
 252 0028 1A1C     		mov	r2, r3
 253 002a FFF7FEFF 		bl	setSensArray
 131:.\main.c      **** 	setSensArray(GYRO_ADDRESS, GYRO_YOUT_L, DEFAULT_DATA);
 254              		.loc 1 131 0
 255 002e 0123     		mov	r3, #1
 256 0030 5B42     		neg	r3, r3
 257 0032 6820     		mov	r0, #104
 258 0034 4621     		mov	r1, #70
 259 0036 1A1C     		mov	r2, r3
 260 0038 FFF7FEFF 		bl	setSensArray
 132:.\main.c      **** 	setSensArray(GYRO_ADDRESS, GYRO_ZOUT_H, DEFAULT_DATA);
 261              		.loc 1 132 0
 262 003c 0123     		mov	r3, #1
 263 003e 5B42     		neg	r3, r3
 264 0040 6820     		mov	r0, #104
 265 0042 4721     		mov	r1, #71
 266 0044 1A1C     		mov	r2, r3
 267 0046 FFF7FEFF 		bl	setSensArray
ARM GAS  C:\Users\Jeppe\AppData\Local\Temp\cclnY3IN.s 			page 8


 133:.\main.c      **** 	setSensArray(GYRO_ADDRESS, GYRO_ZOUT_L, DEFAULT_DATA);
 268              		.loc 1 133 0
 269 004a 0123     		mov	r3, #1
 270 004c 5B42     		neg	r3, r3
 271 004e 6820     		mov	r0, #104
 272 0050 4821     		mov	r1, #72
 273 0052 1A1C     		mov	r2, r3
 274 0054 FFF7FEFF 		bl	setSensArray
 134:.\main.c      **** 	
 135:.\main.c      **** 	//Opsætter til I2C 
 136:.\main.c      **** 	if(I2C_1_I2CMasterSendStart(GYRO_ADDRESS, I2C_1_I2C_WRITE_XFER_MODE) == I2C_1_I2C_MSTR_NO_ERROR) /
 275              		.loc 1 136 0
 276 0058 6820     		mov	r0, #104
 277 005a 0021     		mov	r1, #0
 278 005c FFF7FEFF 		bl	I2C_1_I2CMasterSendStart
 279 0060 031C     		mov	r3, r0
 280 0062 002B     		cmp	r3, #0
 281 0064 01D1     		bne	.L9
 137:.\main.c      **** 	handleI2CError();
 282              		.loc 1 137 0
 283 0066 FFF7FEFF 		bl	handleI2CError
 284              	.L9:
 138:.\main.c      **** }
 285              		.loc 1 138 0
 286 006a BD46     		mov	sp, r7
 287              		@ sp needed for prologue
 288 006c 80BD     		pop	{r7, pc}
 289              		.cfi_endproc
 290              	.LFE37:
 291              		.size	initMPU6050, .-initMPU6050
 292 006e C046     		.text
 293              	.Letext0:
 294              		.section	.debug_info,"",%progbits
 295              	.Ldebug_info0:
 296 0000 0B010000 		.4byte	0x10b
 297 0004 0200     		.2byte	0x2
 298 0006 00000000 		.4byte	.Ldebug_abbrev0
 299 000a 04       		.byte	0x4
 300 000b 01       		.uleb128 0x1
 301 000c 33000000 		.4byte	.LASF18
 302 0010 01       		.byte	0x1
 303 0011 A1010000 		.4byte	.LASF19
 304 0015 A5000000 		.4byte	.LASF20
 305 0019 00000000 		.4byte	.Ldebug_ranges0+0
 306 001d 00000000 		.4byte	0
 307 0021 00000000 		.4byte	0
 308 0025 00000000 		.4byte	.Ldebug_line0
 309 0029 02       		.uleb128 0x2
 310 002a 01       		.byte	0x1
 311 002b 06       		.byte	0x6
 312 002c 83010000 		.4byte	.LASF0
 313 0030 02       		.uleb128 0x2
 314 0031 01       		.byte	0x1
 315 0032 08       		.byte	0x8
 316 0033 34010000 		.4byte	.LASF1
 317 0037 02       		.uleb128 0x2
 318 0038 02       		.byte	0x2
ARM GAS  C:\Users\Jeppe\AppData\Local\Temp\cclnY3IN.s 			page 9


 319 0039 05       		.byte	0x5
 320 003a 5F010000 		.4byte	.LASF2
 321 003e 02       		.uleb128 0x2
 322 003f 02       		.byte	0x2
 323 0040 07       		.byte	0x7
 324 0041 70010000 		.4byte	.LASF3
 325 0045 02       		.uleb128 0x2
 326 0046 04       		.byte	0x4
 327 0047 05       		.byte	0x5
 328 0048 56010000 		.4byte	.LASF4
 329 004c 02       		.uleb128 0x2
 330 004d 04       		.byte	0x4
 331 004e 07       		.byte	0x7
 332 004f 7C000000 		.4byte	.LASF5
 333 0053 02       		.uleb128 0x2
 334 0054 08       		.byte	0x8
 335 0055 05       		.byte	0x5
 336 0056 00000000 		.4byte	.LASF6
 337 005a 02       		.uleb128 0x2
 338 005b 08       		.byte	0x8
 339 005c 07       		.byte	0x7
 340 005d 8E000000 		.4byte	.LASF7
 341 0061 03       		.uleb128 0x3
 342 0062 04       		.byte	0x4
 343 0063 05       		.byte	0x5
 344 0064 696E7400 		.ascii	"int\000"
 345 0068 02       		.uleb128 0x2
 346 0069 04       		.byte	0x4
 347 006a 07       		.byte	0x7
 348 006b 0E000000 		.4byte	.LASF8
 349 006f 02       		.uleb128 0x2
 350 0070 04       		.byte	0x4
 351 0071 04       		.byte	0x4
 352 0072 9B010000 		.4byte	.LASF9
 353 0076 02       		.uleb128 0x2
 354 0077 08       		.byte	0x8
 355 0078 04       		.byte	0x4
 356 0079 69010000 		.4byte	.LASF10
 357 007d 02       		.uleb128 0x2
 358 007e 01       		.byte	0x1
 359 007f 08       		.byte	0x8
 360 0080 42010000 		.4byte	.LASF11
 361 0084 02       		.uleb128 0x2
 362 0085 04       		.byte	0x4
 363 0086 07       		.byte	0x7
 364 0087 B6010000 		.4byte	.LASF12
 365 008b 04       		.uleb128 0x4
 366 008c 01       		.byte	0x1
 367 008d 1B000000 		.4byte	.LASF13
 368 0091 01       		.byte	0x1
 369 0092 3A       		.byte	0x3a
 370 0093 61000000 		.4byte	0x61
 371 0097 00000000 		.4byte	.LFB33
 372 009b 24000000 		.4byte	.LFE33
 373 009f 00000000 		.4byte	.LLST0
 374 00a3 01       		.byte	0x1
 375 00a4 05       		.uleb128 0x5
ARM GAS  C:\Users\Jeppe\AppData\Local\Temp\cclnY3IN.s 			page 10


 376 00a5 01       		.byte	0x1
 377 00a6 47010000 		.4byte	.LASF14
 378 00aa 01       		.byte	0x1
 379 00ab 57       		.byte	0x57
 380 00ac 01       		.byte	0x1
 381 00ad 00000000 		.4byte	.LFB34
 382 00b1 18000000 		.4byte	.LFE34
 383 00b5 2C000000 		.4byte	.LLST1
 384 00b9 01       		.byte	0x1
 385 00ba 05       		.uleb128 0x5
 386 00bb 01       		.byte	0x1
 387 00bc 28010000 		.4byte	.LASF15
 388 00c0 01       		.byte	0x1
 389 00c1 60       		.byte	0x60
 390 00c2 01       		.byte	0x1
 391 00c3 00000000 		.4byte	.LFB35
 392 00c7 0C000000 		.4byte	.LFE35
 393 00cb 58000000 		.4byte	.LLST2
 394 00cf 01       		.byte	0x1
 395 00d0 05       		.uleb128 0x5
 396 00d1 01       		.byte	0x1
 397 00d2 AA010000 		.4byte	.LASF16
 398 00d6 01       		.byte	0x1
 399 00d7 6B       		.byte	0x6b
 400 00d8 01       		.byte	0x1
 401 00d9 00000000 		.4byte	.LFB36
 402 00dd 86000000 		.4byte	.LFE36
 403 00e1 84000000 		.4byte	.LLST3
 404 00e5 01       		.byte	0x1
 405 00e6 05       		.uleb128 0x5
 406 00e7 01       		.byte	0x1
 407 00e8 8F010000 		.4byte	.LASF17
 408 00ec 01       		.byte	0x1
 409 00ed 7D       		.byte	0x7d
 410 00ee 01       		.byte	0x1
 411 00ef 00000000 		.4byte	.LFB37
 412 00f3 6E000000 		.4byte	.LFE37
 413 00f7 B0000000 		.4byte	.LLST4
 414 00fb 01       		.byte	0x1
 415 00fc 06       		.uleb128 0x6
 416 00fd 20000000 		.4byte	.LASF21
 417 0101 01       		.byte	0x1
 418 0102 36       		.byte	0x36
 419 0103 61000000 		.4byte	0x61
 420 0107 01       		.byte	0x1
 421 0108 05       		.byte	0x5
 422 0109 03       		.byte	0x3
 423 010a 00000000 		.4byte	ready_to_send_flag
 424 010e 00       		.byte	0
 425              		.section	.debug_abbrev,"",%progbits
 426              	.Ldebug_abbrev0:
 427 0000 01       		.uleb128 0x1
 428 0001 11       		.uleb128 0x11
 429 0002 01       		.byte	0x1
 430 0003 25       		.uleb128 0x25
 431 0004 0E       		.uleb128 0xe
 432 0005 13       		.uleb128 0x13
ARM GAS  C:\Users\Jeppe\AppData\Local\Temp\cclnY3IN.s 			page 11


 433 0006 0B       		.uleb128 0xb
 434 0007 03       		.uleb128 0x3
 435 0008 0E       		.uleb128 0xe
 436 0009 1B       		.uleb128 0x1b
 437 000a 0E       		.uleb128 0xe
 438 000b 55       		.uleb128 0x55
 439 000c 06       		.uleb128 0x6
 440 000d 11       		.uleb128 0x11
 441 000e 01       		.uleb128 0x1
 442 000f 52       		.uleb128 0x52
 443 0010 01       		.uleb128 0x1
 444 0011 10       		.uleb128 0x10
 445 0012 06       		.uleb128 0x6
 446 0013 00       		.byte	0
 447 0014 00       		.byte	0
 448 0015 02       		.uleb128 0x2
 449 0016 24       		.uleb128 0x24
 450 0017 00       		.byte	0
 451 0018 0B       		.uleb128 0xb
 452 0019 0B       		.uleb128 0xb
 453 001a 3E       		.uleb128 0x3e
 454 001b 0B       		.uleb128 0xb
 455 001c 03       		.uleb128 0x3
 456 001d 0E       		.uleb128 0xe
 457 001e 00       		.byte	0
 458 001f 00       		.byte	0
 459 0020 03       		.uleb128 0x3
 460 0021 24       		.uleb128 0x24
 461 0022 00       		.byte	0
 462 0023 0B       		.uleb128 0xb
 463 0024 0B       		.uleb128 0xb
 464 0025 3E       		.uleb128 0x3e
 465 0026 0B       		.uleb128 0xb
 466 0027 03       		.uleb128 0x3
 467 0028 08       		.uleb128 0x8
 468 0029 00       		.byte	0
 469 002a 00       		.byte	0
 470 002b 04       		.uleb128 0x4
 471 002c 2E       		.uleb128 0x2e
 472 002d 00       		.byte	0
 473 002e 3F       		.uleb128 0x3f
 474 002f 0C       		.uleb128 0xc
 475 0030 03       		.uleb128 0x3
 476 0031 0E       		.uleb128 0xe
 477 0032 3A       		.uleb128 0x3a
 478 0033 0B       		.uleb128 0xb
 479 0034 3B       		.uleb128 0x3b
 480 0035 0B       		.uleb128 0xb
 481 0036 49       		.uleb128 0x49
 482 0037 13       		.uleb128 0x13
 483 0038 11       		.uleb128 0x11
 484 0039 01       		.uleb128 0x1
 485 003a 12       		.uleb128 0x12
 486 003b 01       		.uleb128 0x1
 487 003c 40       		.uleb128 0x40
 488 003d 06       		.uleb128 0x6
 489 003e 9642     		.uleb128 0x2116
ARM GAS  C:\Users\Jeppe\AppData\Local\Temp\cclnY3IN.s 			page 12


 490 0040 0C       		.uleb128 0xc
 491 0041 00       		.byte	0
 492 0042 00       		.byte	0
 493 0043 05       		.uleb128 0x5
 494 0044 2E       		.uleb128 0x2e
 495 0045 00       		.byte	0
 496 0046 3F       		.uleb128 0x3f
 497 0047 0C       		.uleb128 0xc
 498 0048 03       		.uleb128 0x3
 499 0049 0E       		.uleb128 0xe
 500 004a 3A       		.uleb128 0x3a
 501 004b 0B       		.uleb128 0xb
 502 004c 3B       		.uleb128 0x3b
 503 004d 0B       		.uleb128 0xb
 504 004e 27       		.uleb128 0x27
 505 004f 0C       		.uleb128 0xc
 506 0050 11       		.uleb128 0x11
 507 0051 01       		.uleb128 0x1
 508 0052 12       		.uleb128 0x12
 509 0053 01       		.uleb128 0x1
 510 0054 40       		.uleb128 0x40
 511 0055 06       		.uleb128 0x6
 512 0056 9642     		.uleb128 0x2116
 513 0058 0C       		.uleb128 0xc
 514 0059 00       		.byte	0
 515 005a 00       		.byte	0
 516 005b 06       		.uleb128 0x6
 517 005c 34       		.uleb128 0x34
 518 005d 00       		.byte	0
 519 005e 03       		.uleb128 0x3
 520 005f 0E       		.uleb128 0xe
 521 0060 3A       		.uleb128 0x3a
 522 0061 0B       		.uleb128 0xb
 523 0062 3B       		.uleb128 0x3b
 524 0063 0B       		.uleb128 0xb
 525 0064 49       		.uleb128 0x49
 526 0065 13       		.uleb128 0x13
 527 0066 3F       		.uleb128 0x3f
 528 0067 0C       		.uleb128 0xc
 529 0068 02       		.uleb128 0x2
 530 0069 0A       		.uleb128 0xa
 531 006a 00       		.byte	0
 532 006b 00       		.byte	0
 533 006c 00       		.byte	0
 534              		.section	.debug_loc,"",%progbits
 535              	.Ldebug_loc0:
 536              	.LLST0:
 537 0000 00000000 		.4byte	.LFB33
 538 0004 02000000 		.4byte	.LCFI0
 539 0008 0200     		.2byte	0x2
 540 000a 7D       		.byte	0x7d
 541 000b 00       		.sleb128 0
 542 000c 02000000 		.4byte	.LCFI0
 543 0010 04000000 		.4byte	.LCFI1
 544 0014 0200     		.2byte	0x2
 545 0016 7D       		.byte	0x7d
 546 0017 08       		.sleb128 8
ARM GAS  C:\Users\Jeppe\AppData\Local\Temp\cclnY3IN.s 			page 13


 547 0018 04000000 		.4byte	.LCFI1
 548 001c 24000000 		.4byte	.LFE33
 549 0020 0200     		.2byte	0x2
 550 0022 77       		.byte	0x77
 551 0023 08       		.sleb128 8
 552 0024 00000000 		.4byte	0
 553 0028 00000000 		.4byte	0
 554              	.LLST1:
 555 002c 00000000 		.4byte	.LFB34
 556 0030 02000000 		.4byte	.LCFI2
 557 0034 0200     		.2byte	0x2
 558 0036 7D       		.byte	0x7d
 559 0037 00       		.sleb128 0
 560 0038 02000000 		.4byte	.LCFI2
 561 003c 04000000 		.4byte	.LCFI3
 562 0040 0200     		.2byte	0x2
 563 0042 7D       		.byte	0x7d
 564 0043 08       		.sleb128 8
 565 0044 04000000 		.4byte	.LCFI3
 566 0048 18000000 		.4byte	.LFE34
 567 004c 0200     		.2byte	0x2
 568 004e 77       		.byte	0x77
 569 004f 08       		.sleb128 8
 570 0050 00000000 		.4byte	0
 571 0054 00000000 		.4byte	0
 572              	.LLST2:
 573 0058 00000000 		.4byte	.LFB35
 574 005c 02000000 		.4byte	.LCFI4
 575 0060 0200     		.2byte	0x2
 576 0062 7D       		.byte	0x7d
 577 0063 00       		.sleb128 0
 578 0064 02000000 		.4byte	.LCFI4
 579 0068 04000000 		.4byte	.LCFI5
 580 006c 0200     		.2byte	0x2
 581 006e 7D       		.byte	0x7d
 582 006f 08       		.sleb128 8
 583 0070 04000000 		.4byte	.LCFI5
 584 0074 0C000000 		.4byte	.LFE35
 585 0078 0200     		.2byte	0x2
 586 007a 77       		.byte	0x77
 587 007b 08       		.sleb128 8
 588 007c 00000000 		.4byte	0
 589 0080 00000000 		.4byte	0
 590              	.LLST3:
 591 0084 00000000 		.4byte	.LFB36
 592 0088 02000000 		.4byte	.LCFI6
 593 008c 0200     		.2byte	0x2
 594 008e 7D       		.byte	0x7d
 595 008f 00       		.sleb128 0
 596 0090 02000000 		.4byte	.LCFI6
 597 0094 04000000 		.4byte	.LCFI7
 598 0098 0200     		.2byte	0x2
 599 009a 7D       		.byte	0x7d
 600 009b 08       		.sleb128 8
 601 009c 04000000 		.4byte	.LCFI7
 602 00a0 86000000 		.4byte	.LFE36
 603 00a4 0200     		.2byte	0x2
ARM GAS  C:\Users\Jeppe\AppData\Local\Temp\cclnY3IN.s 			page 14


 604 00a6 77       		.byte	0x77
 605 00a7 08       		.sleb128 8
 606 00a8 00000000 		.4byte	0
 607 00ac 00000000 		.4byte	0
 608              	.LLST4:
 609 00b0 00000000 		.4byte	.LFB37
 610 00b4 02000000 		.4byte	.LCFI8
 611 00b8 0200     		.2byte	0x2
 612 00ba 7D       		.byte	0x7d
 613 00bb 00       		.sleb128 0
 614 00bc 02000000 		.4byte	.LCFI8
 615 00c0 04000000 		.4byte	.LCFI9
 616 00c4 0200     		.2byte	0x2
 617 00c6 7D       		.byte	0x7d
 618 00c7 08       		.sleb128 8
 619 00c8 04000000 		.4byte	.LCFI9
 620 00cc 6E000000 		.4byte	.LFE37
 621 00d0 0200     		.2byte	0x2
 622 00d2 77       		.byte	0x77
 623 00d3 08       		.sleb128 8
 624 00d4 00000000 		.4byte	0
 625 00d8 00000000 		.4byte	0
 626              		.section	.debug_aranges,"",%progbits
 627 0000 3C000000 		.4byte	0x3c
 628 0004 0200     		.2byte	0x2
 629 0006 00000000 		.4byte	.Ldebug_info0
 630 000a 04       		.byte	0x4
 631 000b 00       		.byte	0
 632 000c 0000     		.2byte	0
 633 000e 0000     		.2byte	0
 634 0010 00000000 		.4byte	.LFB33
 635 0014 24000000 		.4byte	.LFE33-.LFB33
 636 0018 00000000 		.4byte	.LFB34
 637 001c 18000000 		.4byte	.LFE34-.LFB34
 638 0020 00000000 		.4byte	.LFB35
 639 0024 0C000000 		.4byte	.LFE35-.LFB35
 640 0028 00000000 		.4byte	.LFB36
 641 002c 86000000 		.4byte	.LFE36-.LFB36
 642 0030 00000000 		.4byte	.LFB37
 643 0034 6E000000 		.4byte	.LFE37-.LFB37
 644 0038 00000000 		.4byte	0
 645 003c 00000000 		.4byte	0
 646              		.section	.debug_ranges,"",%progbits
 647              	.Ldebug_ranges0:
 648 0000 00000000 		.4byte	.LFB33
 649 0004 24000000 		.4byte	.LFE33
 650 0008 00000000 		.4byte	.LFB34
 651 000c 18000000 		.4byte	.LFE34
 652 0010 00000000 		.4byte	.LFB35
 653 0014 0C000000 		.4byte	.LFE35
 654 0018 00000000 		.4byte	.LFB36
 655 001c 86000000 		.4byte	.LFE36
 656 0020 00000000 		.4byte	.LFB37
 657 0024 6E000000 		.4byte	.LFE37
 658 0028 00000000 		.4byte	0
 659 002c 00000000 		.4byte	0
 660              		.section	.debug_line,"",%progbits
ARM GAS  C:\Users\Jeppe\AppData\Local\Temp\cclnY3IN.s 			page 15


 661              	.Ldebug_line0:
 662 0000 AF000000 		.section	.debug_str,"MS",%progbits,1
 662      02001F00 
 662      00000201 
 662      FB0E0D00 
 662      01010101 
 663              	.LASF6:
 664 0000 6C6F6E67 		.ascii	"long long int\000"
 664      206C6F6E 
 664      6720696E 
 664      7400
 665              	.LASF8:
 666 000e 756E7369 		.ascii	"unsigned int\000"
 666      676E6564 
 666      20696E74 
 666      00
 667              	.LASF13:
 668 001b 6D61696E 		.ascii	"main\000"
 668      00
 669              	.LASF21:
 670 0020 72656164 		.ascii	"ready_to_send_flag\000"
 670      795F746F 
 670      5F73656E 
 670      645F666C 
 670      616700
 671              	.LASF18:
 672 0033 474E5520 		.ascii	"GNU C 4.7.3 20130312 (release) [ARM/embedded-4_7-br"
 672      4320342E 
 672      372E3320 
 672      32303133 
 672      30333132 
 673 0066 616E6368 		.ascii	"anch revision 196615]\000"
 673      20726576 
 673      6973696F 
 673      6E203139 
 673      36363135 
 674              	.LASF5:
 675 007c 6C6F6E67 		.ascii	"long unsigned int\000"
 675      20756E73 
 675      69676E65 
 675      6420696E 
 675      7400
 676              	.LASF7:
 677 008e 6C6F6E67 		.ascii	"long long unsigned int\000"
 677      206C6F6E 
 677      6720756E 
 677      7369676E 
 677      65642069 
 678              	.LASF20:
 679 00a5 433A5C55 		.ascii	"C:\\Users\\Jeppe\\Documents\\Engineer\\3_Semester\\"
 679      73657273 
 679      5C4A6570 
 679      70655C44 
 679      6F63756D 
 680 00d2 45335052 		.ascii	"E3PRJ3\\Design og implementering\\Body SW\\Body_mai"
 680      4A335C44 
 680      65736967 
ARM GAS  C:\Users\Jeppe\AppData\Local\Temp\cclnY3IN.s 			page 16


 680      6E206F67 
 680      20696D70 
 681 0102 6E5F5665 		.ascii	"n_Version_4\\Body_main\\Body_main.cydsn\000"
 681      7273696F 
 681      6E5F345C 
 681      426F6479 
 681      5F6D6169 
 682              	.LASF15:
 683 0128 696E6974 		.ascii	"initSensors\000"
 683      53656E73 
 683      6F727300 
 684              	.LASF1:
 685 0134 756E7369 		.ascii	"unsigned char\000"
 685      676E6564 
 685      20636861 
 685      7200
 686              	.LASF11:
 687 0142 63686172 		.ascii	"char\000"
 687      00
 688              	.LASF14:
 689 0147 4953525F 		.ascii	"ISR_BT_Handler\000"
 689      42545F48 
 689      616E646C 
 689      657200
 690              	.LASF4:
 691 0156 6C6F6E67 		.ascii	"long int\000"
 691      20696E74 
 691      00
 692              	.LASF2:
 693 015f 73686F72 		.ascii	"short int\000"
 693      7420696E 
 693      7400
 694              	.LASF10:
 695 0169 646F7562 		.ascii	"double\000"
 695      6C6500
 696              	.LASF3:
 697 0170 73686F72 		.ascii	"short unsigned int\000"
 697      7420756E 
 697      7369676E 
 697      65642069 
 697      6E7400
 698              	.LASF0:
 699 0183 7369676E 		.ascii	"signed char\000"
 699      65642063 
 699      68617200 
 700              	.LASF17:
 701 018f 696E6974 		.ascii	"initMPU6050\000"
 701      4D505536 
 701      30353000 
 702              	.LASF9:
 703 019b 666C6F61 		.ascii	"float\000"
 703      7400
 704              	.LASF19:
 705 01a1 2E5C6D61 		.ascii	".\\main.c\000"
 705      696E2E63 
 705      00
 706              	.LASF16:
ARM GAS  C:\Users\Jeppe\AppData\Local\Temp\cclnY3IN.s 			page 17


 707 01aa 696E6974 		.ascii	"initADXL345\000"
 707      4144584C 
 707      33343500 
 708              	.LASF12:
 709 01b6 73697A65 		.ascii	"sizetype\000"
 709      74797065 
 709      00
 710              		.ident	"GCC: (GNU Tools for ARM Embedded Processors) 4.7.3 20130312 (release) [ARM/embedded-4_7-br
