ARM GAS  C:\Users\Jeppe\AppData\Local\Temp\ccKDN4Hq.s 			page 1


   1              		.cpu cortex-m0
   2              		.fpu softvfp
   3              		.eabi_attribute 20, 1
   4              		.eabi_attribute 21, 1
   5              		.eabi_attribute 23, 3
   6              		.eabi_attribute 24, 1
   7              		.eabi_attribute 25, 1
   8              		.eabi_attribute 26, 1
   9              		.eabi_attribute 30, 6
  10              		.eabi_attribute 34, 0
  11              		.eabi_attribute 18, 4
  12              		.code	16
  13              		.file	"Sensor.c"
  14              		.text
  15              	.Ltext0:
  16              		.cfi_sections	.debug_frame
  17              		.global	numOfRegToRead
  18              		.bss
  19              		.type	numOfRegToRead, %object
  20              		.size	numOfRegToRead, 1
  21              	numOfRegToRead:
  22 0000 00       		.space	1
  23              		.comm	sensArray,1152,4
  24              		.section	.text.setupI2C,"ax",%progbits
  25              		.align	2
  26              		.global	setupI2C
  27              		.code	16
  28              		.thumb_func
  29              		.type	setupI2C, %function
  30              	setupI2C:
  31              	.LFB33:
  32              		.file 1 ".\\Sensor.c"
   1:.\Sensor.c    **** /* ========================================
   2:.\Sensor.c    ****  *
   3:.\Sensor.c    ****  * Copyright YOUR COMPANY, THE YEAR
   4:.\Sensor.c    ****  * All Rights Reserved
   5:.\Sensor.c    ****  * UNPUBLISHED, LICENSED SOFTWARE.
   6:.\Sensor.c    ****  *
   7:.\Sensor.c    ****  * CONFIDENTIAL AND PROPRIETARY INFORMATION
   8:.\Sensor.c    ****  * WHICH IS THE PROPERTY OF your company.
   9:.\Sensor.c    ****  *
  10:.\Sensor.c    ****  * ========================================
  11:.\Sensor.c    **** */
  12:.\Sensor.c    **** 
  13:.\Sensor.c    **** #include "Sensor.h"
  14:.\Sensor.c    **** #include "BTUART.h"
  15:.\Sensor.c    **** 
  16:.\Sensor.c    **** 
  17:.\Sensor.c    **** 
  18:.\Sensor.c    **** uint8_t numOfRegToRead = 0;
  19:.\Sensor.c    **** int sensArray[MAXREGNUM][3];	//Array containing {i2c device address, registerToRead, dataTarget}
  20:.\Sensor.c    **** 								//Initeres til 0 og fyldes op undervejs i funktionen setSensarray
  21:.\Sensor.c    **** 
  22:.\Sensor.c    **** void setupI2C()
  23:.\Sensor.c    **** {
  33              		.loc 1 23 0
  34              		.cfi_startproc
ARM GAS  C:\Users\Jeppe\AppData\Local\Temp\ccKDN4Hq.s 			page 2


  35 0000 80B5     		push	{r7, lr}
  36              	.LCFI0:
  37              		.cfi_def_cfa_offset 8
  38              		.cfi_offset 7, -8
  39              		.cfi_offset 14, -4
  40 0002 00AF     		add	r7, sp, #0
  41              	.LCFI1:
  42              		.cfi_def_cfa_register 7
  24:.\Sensor.c    **** 	I2C_1_Start();
  43              		.loc 1 24 0
  44 0004 FFF7FEFF 		bl	I2C_1_Start
  25:.\Sensor.c    ****     I2C_1_I2CMasterClearStatus();
  45              		.loc 1 25 0
  46 0008 FFF7FEFF 		bl	I2C_1_I2CMasterClearStatus
  26:.\Sensor.c    **** }	
  47              		.loc 1 26 0
  48 000c BD46     		mov	sp, r7
  49              		@ sp needed for prologue
  50 000e 80BD     		pop	{r7, pc}
  51              		.cfi_endproc
  52              	.LFE33:
  53              		.size	setupI2C, .-setupI2C
  54              		.section	.text.setSensArray,"ax",%progbits
  55              		.align	2
  56              		.global	setSensArray
  57              		.code	16
  58              		.thumb_func
  59              		.type	setSensArray, %function
  60              	setSensArray:
  61              	.LFB34:
  27:.\Sensor.c    **** 
  28:.\Sensor.c    **** 
  29:.\Sensor.c    **** 
  30:.\Sensor.c    **** void setSensArray(int deviceAddress, int registerToRead, int dataTarget)
  31:.\Sensor.c    **** {
  62              		.loc 1 31 0
  63              		.cfi_startproc
  64 0000 80B5     		push	{r7, lr}
  65              	.LCFI2:
  66              		.cfi_def_cfa_offset 8
  67              		.cfi_offset 7, -8
  68              		.cfi_offset 14, -4
  69 0002 84B0     		sub	sp, sp, #16
  70              	.LCFI3:
  71              		.cfi_def_cfa_offset 24
  72 0004 00AF     		add	r7, sp, #0
  73              	.LCFI4:
  74              		.cfi_def_cfa_register 7
  75 0006 F860     		str	r0, [r7, #12]
  76 0008 B960     		str	r1, [r7, #8]
  77 000a 7A60     		str	r2, [r7, #4]
  32:.\Sensor.c    **** 	sensArray[numOfRegToRead][0]=deviceAddress;		//set device address
  78              		.loc 1 32 0
  79 000c 154B     		ldr	r3, .L3
  80 000e 1B78     		ldrb	r3, [r3]
  81 0010 1A1C     		mov	r2, r3
  82 0012 1549     		ldr	r1, .L3+4
ARM GAS  C:\Users\Jeppe\AppData\Local\Temp\ccKDN4Hq.s 			page 3


  83 0014 131C     		mov	r3, r2
  84 0016 5B00     		lsl	r3, r3, #1
  85 0018 9B18     		add	r3, r3, r2
  86 001a 9B00     		lsl	r3, r3, #2
  87 001c FA68     		ldr	r2, [r7, #12]
  88 001e 5A50     		str	r2, [r3, r1]
  33:.\Sensor.c    **** 	sensArray[numOfRegToRead][1]=registerToRead;	//set register for future read
  89              		.loc 1 33 0
  90 0020 104B     		ldr	r3, .L3
  91 0022 1B78     		ldrb	r3, [r3]
  92 0024 1A1C     		mov	r2, r3
  93 0026 1049     		ldr	r1, .L3+4
  94 0028 131C     		mov	r3, r2
  95 002a 5B00     		lsl	r3, r3, #1
  96 002c 9B18     		add	r3, r3, r2
  97 002e 9B00     		lsl	r3, r3, #2
  98 0030 CB18     		add	r3, r1, r3
  99 0032 0433     		add	r3, r3, #4
 100 0034 BA68     		ldr	r2, [r7, #8]
 101 0036 1A60     		str	r2, [r3]
  34:.\Sensor.c    **** 	sensArray[numOfRegToRead][2]=dataTarget;		//set where to save read data
 102              		.loc 1 34 0
 103 0038 0A4B     		ldr	r3, .L3
 104 003a 1B78     		ldrb	r3, [r3]
 105 003c 1A1C     		mov	r2, r3
 106 003e 0A49     		ldr	r1, .L3+4
 107 0040 131C     		mov	r3, r2
 108 0042 5B00     		lsl	r3, r3, #1
 109 0044 9B18     		add	r3, r3, r2
 110 0046 9B00     		lsl	r3, r3, #2
 111 0048 CB18     		add	r3, r1, r3
 112 004a 0833     		add	r3, r3, #8
 113 004c 7A68     		ldr	r2, [r7, #4]
 114 004e 1A60     		str	r2, [r3]
  35:.\Sensor.c    **** 	++numOfRegToRead;								//increment current number of places in array that are set
 115              		.loc 1 35 0
 116 0050 044B     		ldr	r3, .L3
 117 0052 1B78     		ldrb	r3, [r3]
 118 0054 0133     		add	r3, r3, #1
 119 0056 DAB2     		uxtb	r2, r3
 120 0058 024B     		ldr	r3, .L3
 121 005a 1A70     		strb	r2, [r3]
  36:.\Sensor.c    **** 	
  37:.\Sensor.c    **** 	//Skriv noget fejlsikring hvis numOfRegToRead kommer over 96, skal der sættes den pin høj på PS
  38:.\Sensor.c    **** }
 122              		.loc 1 38 0
 123 005c BD46     		mov	sp, r7
 124 005e 04B0     		add	sp, sp, #16
 125              		@ sp needed for prologue
 126 0060 80BD     		pop	{r7, pc}
 127              	.L4:
 128 0062 C046     		.align	2
 129              	.L3:
 130 0064 00000000 		.word	numOfRegToRead
 131 0068 00000000 		.word	sensArray
 132              		.cfi_endproc
 133              	.LFE34:
ARM GAS  C:\Users\Jeppe\AppData\Local\Temp\ccKDN4Hq.s 			page 4


 134              		.size	setSensArray, .-setSensArray
 135              		.section	.text.readAllSensors,"ax",%progbits
 136              		.align	2
 137              		.global	readAllSensors
 138              		.code	16
 139              		.thumb_func
 140              		.type	readAllSensors, %function
 141              	readAllSensors:
 142              	.LFB35:
  39:.\Sensor.c    **** 
  40:.\Sensor.c    **** 
  41:.\Sensor.c    **** 
  42:.\Sensor.c    **** void readAllSensors()
  43:.\Sensor.c    **** {
 143              		.loc 1 43 0
 144              		.cfi_startproc
 145 0000 80B5     		push	{r7, lr}
 146              	.LCFI5:
 147              		.cfi_def_cfa_offset 8
 148              		.cfi_offset 7, -8
 149              		.cfi_offset 14, -4
 150 0002 82B0     		sub	sp, sp, #8
 151              	.LCFI6:
 152              		.cfi_def_cfa_offset 16
 153 0004 00AF     		add	r7, sp, #0
 154              	.LCFI7:
 155              		.cfi_def_cfa_register 7
  44:.\Sensor.c    ****     int numOfReg; 
  45:.\Sensor.c    **** 	for (numOfReg = 0; numOfReg < numOfRegToRead; numOfReg++)
 156              		.loc 1 45 0
 157 0006 0023     		mov	r3, #0
 158 0008 7B60     		str	r3, [r7, #4]
 159 000a 06E0     		b	.L6
 160              	.L7:
  46:.\Sensor.c    **** 	{
  47:.\Sensor.c    **** 		readI2C(numOfReg);
 161              		.loc 1 47 0 discriminator 2
 162 000c 7B68     		ldr	r3, [r7, #4]
 163 000e 181C     		mov	r0, r3
 164 0010 FFF7FEFF 		bl	readI2C
  45:.\Sensor.c    **** 	for (numOfReg = 0; numOfReg < numOfRegToRead; numOfReg++)
 165              		.loc 1 45 0 discriminator 2
 166 0014 7B68     		ldr	r3, [r7, #4]
 167 0016 0133     		add	r3, r3, #1
 168 0018 7B60     		str	r3, [r7, #4]
 169              	.L6:
  45:.\Sensor.c    **** 	for (numOfReg = 0; numOfReg < numOfRegToRead; numOfReg++)
 170              		.loc 1 45 0 is_stmt 0 discriminator 1
 171 001a 044B     		ldr	r3, .L8
 172 001c 1B78     		ldrb	r3, [r3]
 173 001e 1A1C     		mov	r2, r3
 174 0020 7B68     		ldr	r3, [r7, #4]
 175 0022 9A42     		cmp	r2, r3
 176 0024 F2DC     		bgt	.L7
  48:.\Sensor.c    **** 	}
  49:.\Sensor.c    **** 	
  50:.\Sensor.c    **** }
ARM GAS  C:\Users\Jeppe\AppData\Local\Temp\ccKDN4Hq.s 			page 5


 177              		.loc 1 50 0 is_stmt 1
 178 0026 BD46     		mov	sp, r7
 179 0028 02B0     		add	sp, sp, #8
 180              		@ sp needed for prologue
 181 002a 80BD     		pop	{r7, pc}
 182              	.L9:
 183              		.align	2
 184              	.L8:
 185 002c 00000000 		.word	numOfRegToRead
 186              		.cfi_endproc
 187              	.LFE35:
 188              		.size	readAllSensors, .-readAllSensors
 189              		.section	.text.convSensData,"ax",%progbits
 190              		.align	2
 191              		.global	convSensData
 192              		.code	16
 193              		.thumb_func
 194              		.type	convSensData, %function
 195              	convSensData:
 196              	.LFB36:
  51:.\Sensor.c    **** 
  52:.\Sensor.c    **** void convSensData()
  53:.\Sensor.c    **** {
 197              		.loc 1 53 0
 198              		.cfi_startproc
 199 0000 80B5     		push	{r7, lr}
 200              	.LCFI8:
 201              		.cfi_def_cfa_offset 8
 202              		.cfi_offset 7, -8
 203              		.cfi_offset 14, -4
 204 0002 84B0     		sub	sp, sp, #16
 205              	.LCFI9:
 206              		.cfi_def_cfa_offset 24
 207 0004 00AF     		add	r7, sp, #0
 208              	.LCFI10:
 209              		.cfi_def_cfa_register 7
  54:.\Sensor.c    ****     //ADXL345
  55:.\Sensor.c    ****     int16 x, y, z; // Da det er to 8 bit registre som skal lægges sammen
  56:.\Sensor.c    ****     unsigned char x1, y1, z1; 
  57:.\Sensor.c    ****     //Samler most significant og least significant for X
  58:.\Sensor.c    ****     x = sensArray[1][2]<< 8; 
 210              		.loc 1 58 0
 211 0006 364B     		ldr	r3, .L14
 212 0008 5B69     		ldr	r3, [r3, #20]
 213 000a 1A02     		lsl	r2, r3, #8
 214 000c 3B1C     		mov	r3, r7
 215 000e 0E33     		add	r3, r3, #14
 216 0010 1A80     		strh	r2, [r3]
  59:.\Sensor.c    ****     x+= sensArray[0][2];
 217              		.loc 1 59 0
 218 0012 334B     		ldr	r3, .L14
 219 0014 9B68     		ldr	r3, [r3, #8]
 220 0016 9AB2     		uxth	r2, r3
 221 0018 3B1C     		mov	r3, r7
 222 001a 0E33     		add	r3, r3, #14
 223 001c 1B88     		ldrh	r3, [r3]
 224 001e D318     		add	r3, r2, r3
ARM GAS  C:\Users\Jeppe\AppData\Local\Temp\ccKDN4Hq.s 			page 6


 225 0020 9AB2     		uxth	r2, r3
 226 0022 3B1C     		mov	r3, r7
 227 0024 0E33     		add	r3, r3, #14
 228 0026 1A80     		strh	r2, [r3]
  60:.\Sensor.c    ****     
  61:.\Sensor.c    ****     //Samler most significant og least significant for Y
  62:.\Sensor.c    ****     y = sensArray[3][2]<< 8; 
 229              		.loc 1 62 0
 230 0028 2D4B     		ldr	r3, .L14
 231 002a DB6A     		ldr	r3, [r3, #44]
 232 002c 1A02     		lsl	r2, r3, #8
 233 002e 3B1C     		mov	r3, r7
 234 0030 0C33     		add	r3, r3, #12
 235 0032 1A80     		strh	r2, [r3]
  63:.\Sensor.c    ****     y+= sensArray[2][2];
 236              		.loc 1 63 0
 237 0034 2A4B     		ldr	r3, .L14
 238 0036 1B6A     		ldr	r3, [r3, #32]
 239 0038 9AB2     		uxth	r2, r3
 240 003a 3B1C     		mov	r3, r7
 241 003c 0C33     		add	r3, r3, #12
 242 003e 1B88     		ldrh	r3, [r3]
 243 0040 D318     		add	r3, r2, r3
 244 0042 9AB2     		uxth	r2, r3
 245 0044 3B1C     		mov	r3, r7
 246 0046 0C33     		add	r3, r3, #12
 247 0048 1A80     		strh	r2, [r3]
  64:.\Sensor.c    ****     
  65:.\Sensor.c    ****     //Samler most significant og least significant for Z
  66:.\Sensor.c    ****     z = sensArray[5][2]<< 8; 
 248              		.loc 1 66 0
 249 004a 254B     		ldr	r3, .L14
 250 004c 5B6C     		ldr	r3, [r3, #68]
 251 004e 1A02     		lsl	r2, r3, #8
 252 0050 3B1C     		mov	r3, r7
 253 0052 0A33     		add	r3, r3, #10
 254 0054 1A80     		strh	r2, [r3]
  67:.\Sensor.c    ****     z+= sensArray[4][2];
 255              		.loc 1 67 0
 256 0056 224B     		ldr	r3, .L14
 257 0058 9B6B     		ldr	r3, [r3, #56]
 258 005a 9AB2     		uxth	r2, r3
 259 005c 3B1C     		mov	r3, r7
 260 005e 0A33     		add	r3, r3, #10
 261 0060 1B88     		ldrh	r3, [r3]
 262 0062 D318     		add	r3, r2, r3
 263 0064 9AB2     		uxth	r2, r3
 264 0066 3B1C     		mov	r3, r7
 265 0068 0A33     		add	r3, r3, #10
 266 006a 1A80     		strh	r2, [r3]
  68:.\Sensor.c    ****     
  69:.\Sensor.c    ****    
  70:.\Sensor.c    ****     
  71:.\Sensor.c    ****    
  72:.\Sensor.c    ****     /*char ADXL345_data[32];
  73:.\Sensor.c    ****     sprintf(ADXL345_data, "\n\rx is: %d, y is: %d, z is: %d\n\r", x, y, z);
  74:.\Sensor.c    ****     UART_1_UartPutString(ADXL345_data); */
ARM GAS  C:\Users\Jeppe\AppData\Local\Temp\ccKDN4Hq.s 			page 7


  75:.\Sensor.c    ****     
  76:.\Sensor.c    ****     //conversion from int16 to uint8 which is the scale midi can receive
  77:.\Sensor.c    ****     x1 = (x+512)/8; 
 267              		.loc 1 77 0
 268 006c 3B1C     		mov	r3, r7
 269 006e 0E33     		add	r3, r3, #14
 270 0070 0022     		mov	r2, #0
 271 0072 9B5E     		ldrsh	r3, [r3, r2]
 272 0074 8022     		mov	r2, #128
 273 0076 9200     		lsl	r2, r2, #2
 274 0078 9B18     		add	r3, r3, r2
 275 007a 002B     		cmp	r3, #0
 276 007c 00DA     		bge	.L11
 277 007e 0733     		add	r3, r3, #7
 278              	.L11:
 279 0080 DB10     		asr	r3, r3, #3
 280 0082 1A1C     		mov	r2, r3
 281 0084 3B1C     		mov	r3, r7
 282 0086 0933     		add	r3, r3, #9
 283 0088 1A70     		strb	r2, [r3]
  78:.\Sensor.c    ****     y1 = (y+512)/8;
 284              		.loc 1 78 0
 285 008a 3B1C     		mov	r3, r7
 286 008c 0C33     		add	r3, r3, #12
 287 008e 0022     		mov	r2, #0
 288 0090 9B5E     		ldrsh	r3, [r3, r2]
 289 0092 8022     		mov	r2, #128
 290 0094 9200     		lsl	r2, r2, #2
 291 0096 9B18     		add	r3, r3, r2
 292 0098 002B     		cmp	r3, #0
 293 009a 00DA     		bge	.L12
 294 009c 0733     		add	r3, r3, #7
 295              	.L12:
 296 009e DB10     		asr	r3, r3, #3
 297 00a0 1A1C     		mov	r2, r3
 298 00a2 3B1C     		mov	r3, r7
 299 00a4 0833     		add	r3, r3, #8
 300 00a6 1A70     		strb	r2, [r3]
  79:.\Sensor.c    ****     z1 = (z+512)/8;
 301              		.loc 1 79 0
 302 00a8 3B1C     		mov	r3, r7
 303 00aa 0A33     		add	r3, r3, #10
 304 00ac 0022     		mov	r2, #0
 305 00ae 9B5E     		ldrsh	r3, [r3, r2]
 306 00b0 8022     		mov	r2, #128
 307 00b2 9200     		lsl	r2, r2, #2
 308 00b4 9B18     		add	r3, r3, r2
 309 00b6 002B     		cmp	r3, #0
 310 00b8 00DA     		bge	.L13
 311 00ba 0733     		add	r3, r3, #7
 312              	.L13:
 313 00bc DB10     		asr	r3, r3, #3
 314 00be 1A1C     		mov	r2, r3
 315 00c0 FB1D     		add	r3, r7, #7
 316 00c2 1A70     		strb	r2, [r3]
  80:.\Sensor.c    ****     
  81:.\Sensor.c    ****     setdataArray(ACC1_ID, x1, y1, z1);
ARM GAS  C:\Users\Jeppe\AppData\Local\Temp\ccKDN4Hq.s 			page 8


 317              		.loc 1 81 0
 318 00c4 3B1C     		mov	r3, r7
 319 00c6 0933     		add	r3, r3, #9
 320 00c8 1978     		ldrb	r1, [r3]
 321 00ca 3B1C     		mov	r3, r7
 322 00cc 0833     		add	r3, r3, #8
 323 00ce 1A78     		ldrb	r2, [r3]
 324 00d0 FB1D     		add	r3, r7, #7
 325 00d2 1B78     		ldrb	r3, [r3]
 326 00d4 0020     		mov	r0, #0
 327 00d6 FFF7FEFF 		bl	setdataArray
  82:.\Sensor.c    ****     
  83:.\Sensor.c    ****         /*
  84:.\Sensor.c    ****         // Skal slettes
  85:.\Sensor.c    ****         // Tester med UART at array'et bliver fyldt rigtig 
  86:.\Sensor.c    ****         UART_1_UartPutString("Sensor Array is:\n\r"); 
  87:.\Sensor.c    ****         int i;
  88:.\Sensor.c    ****         char arrayString[20];
  89:.\Sensor.c    ****         for(i = 0; i < numOfRegToRead; i++)
  90:.\Sensor.c    ****         {
  91:.\Sensor.c    ****             sprintf(arrayString, "%d: %d, %d, %d\n\r", i, sensArray[i][0], sensArray[i][1], sensArr
  92:.\Sensor.c    ****             UART_1_UartPutString(arrayString); 
  93:.\Sensor.c    ****         }
  94:.\Sensor.c    ****         */
  95:.\Sensor.c    ****     
  96:.\Sensor.c    ****     /*char ADXL345_data2[32];
  97:.\Sensor.c    ****     sprintf(ADXL345_data2, "\n\rx is: %d, y is: %d, z is: %d\n\r", x1, y1, z1);
  98:.\Sensor.c    ****     UART_1_UartPutString(ADXL345_data2); */
  99:.\Sensor.c    **** }
 328              		.loc 1 99 0
 329 00da BD46     		mov	sp, r7
 330 00dc 04B0     		add	sp, sp, #16
 331              		@ sp needed for prologue
 332 00de 80BD     		pop	{r7, pc}
 333              	.L15:
 334              		.align	2
 335              	.L14:
 336 00e0 00000000 		.word	sensArray
 337              		.cfi_endproc
 338              	.LFE36:
 339              		.size	convSensData, .-convSensData
 340              		.section	.text.readI2C,"ax",%progbits
 341              		.align	2
 342              		.global	readI2C
 343              		.code	16
 344              		.thumb_func
 345              		.type	readI2C, %function
 346              	readI2C:
 347              	.LFB37:
 100:.\Sensor.c    **** 
 101:.\Sensor.c    **** 
 102:.\Sensor.c    **** 
 103:.\Sensor.c    **** void readI2C(int numOfReg)
 104:.\Sensor.c    **** {
 348              		.loc 1 104 0
 349              		.cfi_startproc
 350 0000 80B5     		push	{r7, lr}
ARM GAS  C:\Users\Jeppe\AppData\Local\Temp\ccKDN4Hq.s 			page 9


 351              	.LCFI11:
 352              		.cfi_def_cfa_offset 8
 353              		.cfi_offset 7, -8
 354              		.cfi_offset 14, -4
 355 0002 84B0     		sub	sp, sp, #16
 356              	.LCFI12:
 357              		.cfi_def_cfa_offset 24
 358 0004 00AF     		add	r7, sp, #0
 359              	.LCFI13:
 360              		.cfi_def_cfa_register 7
 361 0006 7860     		str	r0, [r7, #4]
 105:.\Sensor.c    ****    	uint8 rawData; 
 106:.\Sensor.c    ****     
 107:.\Sensor.c    **** 	if (I2C_1_I2CMasterSendStart(sensArray[numOfReg][0], I2C_1_I2C_WRITE_XFER_MODE) == I2C_1_I2C_MSTR_
 362              		.loc 1 107 0
 363 0008 2149     		ldr	r1, .L18
 364 000a 7A68     		ldr	r2, [r7, #4]
 365 000c 131C     		mov	r3, r2
 366 000e 5B00     		lsl	r3, r3, #1
 367 0010 9B18     		add	r3, r3, r2
 368 0012 9B00     		lsl	r3, r3, #2
 369 0014 5B58     		ldr	r3, [r3, r1]
 370 0016 181C     		mov	r0, r3
 371 0018 0021     		mov	r1, #0
 372 001a FFF7FEFF 		bl	I2C_1_I2CMasterSendStart
 373 001e 031C     		mov	r3, r0
 374 0020 002B     		cmp	r3, #0
 375 0022 31D1     		bne	.L16
 108:.\Sensor.c    ****     { 
 109:.\Sensor.c    ****         if(I2C_1_I2CMasterWriteByte(sensArray[numOfReg][1]) == I2C_1_I2C_MSTR_NO_ERROR)
 376              		.loc 1 109 0
 377 0024 1A49     		ldr	r1, .L18
 378 0026 7A68     		ldr	r2, [r7, #4]
 379 0028 131C     		mov	r3, r2
 380 002a 5B00     		lsl	r3, r3, #1
 381 002c 9B18     		add	r3, r3, r2
 382 002e 9B00     		lsl	r3, r3, #2
 383 0030 CB18     		add	r3, r1, r3
 384 0032 0433     		add	r3, r3, #4
 385 0034 1B68     		ldr	r3, [r3]
 386 0036 181C     		mov	r0, r3
 387 0038 FFF7FEFF 		bl	I2C_1_I2CMasterWriteByte
 388 003c 031C     		mov	r3, r0
 389 003e 002B     		cmp	r3, #0
 390 0040 22D1     		bne	.L16
 110:.\Sensor.c    **** 		{
 111:.\Sensor.c    ****             if(I2C_1_I2CMasterSendRestart(sensArray[numOfReg][0], I2C_1_I2C_READ_XFER_MODE) == I2C_
 391              		.loc 1 111 0
 392 0042 1349     		ldr	r1, .L18
 393 0044 7A68     		ldr	r2, [r7, #4]
 394 0046 131C     		mov	r3, r2
 395 0048 5B00     		lsl	r3, r3, #1
 396 004a 9B18     		add	r3, r3, r2
 397 004c 9B00     		lsl	r3, r3, #2
 398 004e 5B58     		ldr	r3, [r3, r1]
 399 0050 181C     		mov	r0, r3
 400 0052 0121     		mov	r1, #1
ARM GAS  C:\Users\Jeppe\AppData\Local\Temp\ccKDN4Hq.s 			page 10


 401 0054 FFF7FEFF 		bl	I2C_1_I2CMasterSendRestart
 402 0058 031C     		mov	r3, r0
 403 005a 002B     		cmp	r3, #0
 404 005c 14D1     		bne	.L16
 112:.\Sensor.c    **** 			{
 113:.\Sensor.c    ****                 rawData = I2C_1_I2CMasterReadByte(I2C_1_I2C_NAK_DATA);
 405              		.loc 1 113 0
 406 005e 0120     		mov	r0, #1
 407 0060 FFF7FEFF 		bl	I2C_1_I2CMasterReadByte
 408 0064 021C     		mov	r2, r0
 409 0066 3B1C     		mov	r3, r7
 410 0068 0F33     		add	r3, r3, #15
 411 006a 1A70     		strb	r2, [r3]
 114:.\Sensor.c    ****                 I2C_1_I2CMasterSendStop();
 412              		.loc 1 114 0
 413 006c FFF7FEFF 		bl	I2C_1_I2CMasterSendStop
 115:.\Sensor.c    **** 				
 116:.\Sensor.c    **** 				sensArray[numOfReg][2] = rawData; // gemmer rawData på den tilhørende plads i sensArray. 
 414              		.loc 1 116 0
 415 0070 3B1C     		mov	r3, r7
 416 0072 0F33     		add	r3, r3, #15
 417 0074 1978     		ldrb	r1, [r3]
 418 0076 0648     		ldr	r0, .L18
 419 0078 7A68     		ldr	r2, [r7, #4]
 420 007a 131C     		mov	r3, r2
 421 007c 5B00     		lsl	r3, r3, #1
 422 007e 9B18     		add	r3, r3, r2
 423 0080 9B00     		lsl	r3, r3, #2
 424 0082 C318     		add	r3, r0, r3
 425 0084 0833     		add	r3, r3, #8
 426 0086 1960     		str	r1, [r3]
 427              	.L16:
 117:.\Sensor.c    **** 			}
 118:.\Sensor.c    **** 		}
 119:.\Sensor.c    **** 	}
 120:.\Sensor.c    **** 				
 121:.\Sensor.c    **** 	
 122:.\Sensor.c    **** }
 428              		.loc 1 122 0
 429 0088 BD46     		mov	sp, r7
 430 008a 04B0     		add	sp, sp, #16
 431              		@ sp needed for prologue
 432 008c 80BD     		pop	{r7, pc}
 433              	.L19:
 434 008e C046     		.align	2
 435              	.L18:
 436 0090 00000000 		.word	sensArray
 437              		.cfi_endproc
 438              	.LFE37:
 439              		.size	readI2C, .-readI2C
 440              		.section	.text.handleI2CError,"ax",%progbits
 441              		.align	2
 442              		.global	handleI2CError
 443              		.code	16
 444              		.thumb_func
 445              		.type	handleI2CError, %function
 446              	handleI2CError:
ARM GAS  C:\Users\Jeppe\AppData\Local\Temp\ccKDN4Hq.s 			page 11


 447              	.LFB38:
 123:.\Sensor.c    **** 
 124:.\Sensor.c    **** 
 125:.\Sensor.c    **** void handleI2CError()
 126:.\Sensor.c    **** {
 448              		.loc 1 126 0
 449              		.cfi_startproc
 450 0000 80B5     		push	{r7, lr}
 451              	.LCFI14:
 452              		.cfi_def_cfa_offset 8
 453              		.cfi_offset 7, -8
 454              		.cfi_offset 14, -4
 455 0002 00AF     		add	r7, sp, #0
 456              	.LCFI15:
 457              		.cfi_def_cfa_register 7
 127:.\Sensor.c    ****     I2C_1_I2CMasterSendStop();	 
 458              		.loc 1 127 0
 459 0004 FFF7FEFF 		bl	I2C_1_I2CMasterSendStop
 128:.\Sensor.c    **** }
 460              		.loc 1 128 0
 461 0008 BD46     		mov	sp, r7
 462              		@ sp needed for prologue
 463 000a 80BD     		pop	{r7, pc}
 464              		.cfi_endproc
 465              	.LFE38:
 466              		.size	handleI2CError, .-handleI2CError
 467              		.text
 468              	.Letext0:
 469              		.file 2 "c:\\program files (x86)\\cypress\\psoc creator\\3.0\\psoc creator\\import\\gnu_cs\\arm\\4
 470              		.file 3 "./Generated_Source/PSoC4/cytypes.h"
 471              		.section	.debug_info,"",%progbits
 472              	.Ldebug_info0:
 473 0000 18020000 		.4byte	0x218
 474 0004 0200     		.2byte	0x2
 475 0006 00000000 		.4byte	.Ldebug_abbrev0
 476 000a 04       		.byte	0x4
 477 000b 01       		.uleb128 0x1
 478 000c A3010000 		.4byte	.LASF26
 479 0010 01       		.byte	0x1
 480 0011 3F010000 		.4byte	.LASF27
 481 0015 1E000000 		.4byte	.LASF28
 482 0019 00000000 		.4byte	.Ldebug_ranges0+0
 483 001d 00000000 		.4byte	0
 484 0021 00000000 		.4byte	0
 485 0025 00000000 		.4byte	.Ldebug_line0
 486 0029 02       		.uleb128 0x2
 487 002a 01       		.byte	0x1
 488 002b 06       		.byte	0x6
 489 002c 06020000 		.4byte	.LASF0
 490 0030 03       		.uleb128 0x3
 491 0031 53010000 		.4byte	.LASF9
 492 0035 02       		.byte	0x2
 493 0036 2A       		.byte	0x2a
 494 0037 3B000000 		.4byte	0x3b
 495 003b 02       		.uleb128 0x2
 496 003c 01       		.byte	0x1
 497 003d 08       		.byte	0x8
ARM GAS  C:\Users\Jeppe\AppData\Local\Temp\ccKDN4Hq.s 			page 12


 498 003e CB000000 		.4byte	.LASF1
 499 0042 02       		.uleb128 0x2
 500 0043 02       		.byte	0x2
 501 0044 05       		.byte	0x5
 502 0045 8A010000 		.4byte	.LASF2
 503 0049 02       		.uleb128 0x2
 504 004a 02       		.byte	0x2
 505 004b 07       		.byte	0x7
 506 004c 0B000000 		.4byte	.LASF3
 507 0050 02       		.uleb128 0x2
 508 0051 04       		.byte	0x4
 509 0052 05       		.byte	0x5
 510 0053 F4010000 		.4byte	.LASF4
 511 0057 02       		.uleb128 0x2
 512 0058 04       		.byte	0x4
 513 0059 07       		.byte	0x7
 514 005a DF000000 		.4byte	.LASF5
 515 005e 02       		.uleb128 0x2
 516 005f 08       		.byte	0x8
 517 0060 05       		.byte	0x5
 518 0061 5B010000 		.4byte	.LASF6
 519 0065 02       		.uleb128 0x2
 520 0066 08       		.byte	0x8
 521 0067 07       		.byte	0x7
 522 0068 1A010000 		.4byte	.LASF7
 523 006c 04       		.uleb128 0x4
 524 006d 04       		.byte	0x4
 525 006e 05       		.byte	0x5
 526 006f 696E7400 		.ascii	"int\000"
 527 0073 02       		.uleb128 0x2
 528 0074 04       		.byte	0x4
 529 0075 07       		.byte	0x7
 530 0076 0D010000 		.4byte	.LASF8
 531 007a 03       		.uleb128 0x3
 532 007b F1000000 		.4byte	.LASF10
 533 007f 03       		.byte	0x3
 534 0080 5B       		.byte	0x5b
 535 0081 3B000000 		.4byte	0x3b
 536 0085 03       		.uleb128 0x3
 537 0086 D9000000 		.4byte	.LASF11
 538 008a 03       		.byte	0x3
 539 008b 5F       		.byte	0x5f
 540 008c 42000000 		.4byte	0x42
 541 0090 02       		.uleb128 0x2
 542 0091 04       		.byte	0x4
 543 0092 04       		.byte	0x4
 544 0093 B8000000 		.4byte	.LASF12
 545 0097 02       		.uleb128 0x2
 546 0098 08       		.byte	0x8
 547 0099 04       		.byte	0x4
 548 009a F7000000 		.4byte	.LASF13
 549 009e 02       		.uleb128 0x2
 550 009f 01       		.byte	0x1
 551 00a0 08       		.byte	0x8
 552 00a1 69010000 		.4byte	.LASF14
 553 00a5 02       		.uleb128 0x2
 554 00a6 04       		.byte	0x4
ARM GAS  C:\Users\Jeppe\AppData\Local\Temp\ccKDN4Hq.s 			page 13


 555 00a7 07       		.byte	0x7
 556 00a8 4A010000 		.4byte	.LASF15
 557 00ac 05       		.uleb128 0x5
 558 00ad 01       		.byte	0x1
 559 00ae FD010000 		.4byte	.LASF29
 560 00b2 01       		.byte	0x1
 561 00b3 16       		.byte	0x16
 562 00b4 01       		.byte	0x1
 563 00b5 00000000 		.4byte	.LFB33
 564 00b9 10000000 		.4byte	.LFE33
 565 00bd 00000000 		.4byte	.LLST0
 566 00c1 01       		.byte	0x1
 567 00c2 06       		.uleb128 0x6
 568 00c3 01       		.byte	0x1
 569 00c4 6E010000 		.4byte	.LASF19
 570 00c8 01       		.byte	0x1
 571 00c9 1E       		.byte	0x1e
 572 00ca 01       		.byte	0x1
 573 00cb 00000000 		.4byte	.LFB34
 574 00cf 6C000000 		.4byte	.LFE34
 575 00d3 2C000000 		.4byte	.LLST1
 576 00d7 01       		.byte	0x1
 577 00d8 07010000 		.4byte	0x107
 578 00dc 07       		.uleb128 0x7
 579 00dd 31010000 		.4byte	.LASF16
 580 00e1 01       		.byte	0x1
 581 00e2 1E       		.byte	0x1e
 582 00e3 6C000000 		.4byte	0x6c
 583 00e7 02       		.byte	0x2
 584 00e8 91       		.byte	0x91
 585 00e9 74       		.sleb128 -12
 586 00ea 07       		.uleb128 0x7
 587 00eb 7B010000 		.4byte	.LASF17
 588 00ef 01       		.byte	0x1
 589 00f0 1E       		.byte	0x1e
 590 00f1 6C000000 		.4byte	0x6c
 591 00f5 02       		.byte	0x2
 592 00f6 91       		.byte	0x91
 593 00f7 70       		.sleb128 -16
 594 00f8 07       		.uleb128 0x7
 595 00f9 00000000 		.4byte	.LASF18
 596 00fd 01       		.byte	0x1
 597 00fe 1E       		.byte	0x1e
 598 00ff 6C000000 		.4byte	0x6c
 599 0103 02       		.byte	0x2
 600 0104 91       		.byte	0x91
 601 0105 6C       		.sleb128 -20
 602 0106 00       		.byte	0
 603 0107 08       		.uleb128 0x8
 604 0108 01       		.byte	0x1
 605 0109 A1000000 		.4byte	.LASF20
 606 010d 01       		.byte	0x1
 607 010e 2A       		.byte	0x2a
 608 010f 01       		.byte	0x1
 609 0110 00000000 		.4byte	.LFB35
 610 0114 30000000 		.4byte	.LFE35
 611 0118 64000000 		.4byte	.LLST2
ARM GAS  C:\Users\Jeppe\AppData\Local\Temp\ccKDN4Hq.s 			page 14


 612 011c 01       		.byte	0x1
 613 011d 30010000 		.4byte	0x130
 614 0121 09       		.uleb128 0x9
 615 0122 12020000 		.4byte	.LASF21
 616 0126 01       		.byte	0x1
 617 0127 2C       		.byte	0x2c
 618 0128 6C000000 		.4byte	0x6c
 619 012c 02       		.byte	0x2
 620 012d 91       		.byte	0x91
 621 012e 74       		.sleb128 -12
 622 012f 00       		.byte	0
 623 0130 0A       		.uleb128 0xa
 624 0131 01       		.byte	0x1
 625 0132 BE000000 		.4byte	.LASF30
 626 0136 01       		.byte	0x1
 627 0137 34       		.byte	0x34
 628 0138 00000000 		.4byte	.LFB36
 629 013c E4000000 		.4byte	.LFE36
 630 0140 9C000000 		.4byte	.LLST3
 631 0144 01       		.byte	0x1
 632 0145 95010000 		.4byte	0x195
 633 0149 0B       		.uleb128 0xb
 634 014a 7800     		.ascii	"x\000"
 635 014c 01       		.byte	0x1
 636 014d 37       		.byte	0x37
 637 014e 85000000 		.4byte	0x85
 638 0152 02       		.byte	0x2
 639 0153 91       		.byte	0x91
 640 0154 76       		.sleb128 -10
 641 0155 0B       		.uleb128 0xb
 642 0156 7900     		.ascii	"y\000"
 643 0158 01       		.byte	0x1
 644 0159 37       		.byte	0x37
 645 015a 85000000 		.4byte	0x85
 646 015e 02       		.byte	0x2
 647 015f 91       		.byte	0x91
 648 0160 74       		.sleb128 -12
 649 0161 0B       		.uleb128 0xb
 650 0162 7A00     		.ascii	"z\000"
 651 0164 01       		.byte	0x1
 652 0165 37       		.byte	0x37
 653 0166 85000000 		.4byte	0x85
 654 016a 02       		.byte	0x2
 655 016b 91       		.byte	0x91
 656 016c 72       		.sleb128 -14
 657 016d 0B       		.uleb128 0xb
 658 016e 783100   		.ascii	"x1\000"
 659 0171 01       		.byte	0x1
 660 0172 38       		.byte	0x38
 661 0173 3B000000 		.4byte	0x3b
 662 0177 02       		.byte	0x2
 663 0178 91       		.byte	0x91
 664 0179 71       		.sleb128 -15
 665 017a 0B       		.uleb128 0xb
 666 017b 793100   		.ascii	"y1\000"
 667 017e 01       		.byte	0x1
 668 017f 38       		.byte	0x38
ARM GAS  C:\Users\Jeppe\AppData\Local\Temp\ccKDN4Hq.s 			page 15


 669 0180 3B000000 		.4byte	0x3b
 670 0184 02       		.byte	0x2
 671 0185 91       		.byte	0x91
 672 0186 70       		.sleb128 -16
 673 0187 0B       		.uleb128 0xb
 674 0188 7A3100   		.ascii	"z1\000"
 675 018b 01       		.byte	0x1
 676 018c 38       		.byte	0x38
 677 018d 3B000000 		.4byte	0x3b
 678 0191 02       		.byte	0x2
 679 0192 91       		.byte	0x91
 680 0193 6F       		.sleb128 -17
 681 0194 00       		.byte	0
 682 0195 08       		.uleb128 0x8
 683 0196 01       		.byte	0x1
 684 0197 B0000000 		.4byte	.LASF22
 685 019b 01       		.byte	0x1
 686 019c 67       		.byte	0x67
 687 019d 01       		.byte	0x1
 688 019e 00000000 		.4byte	.LFB37
 689 01a2 94000000 		.4byte	.LFE37
 690 01a6 D4000000 		.4byte	.LLST4
 691 01aa 01       		.byte	0x1
 692 01ab CC010000 		.4byte	0x1cc
 693 01af 07       		.uleb128 0x7
 694 01b0 12020000 		.4byte	.LASF21
 695 01b4 01       		.byte	0x1
 696 01b5 67       		.byte	0x67
 697 01b6 6C000000 		.4byte	0x6c
 698 01ba 02       		.byte	0x2
 699 01bb 91       		.byte	0x91
 700 01bc 6C       		.sleb128 -20
 701 01bd 09       		.uleb128 0x9
 702 01be EC010000 		.4byte	.LASF23
 703 01c2 01       		.byte	0x1
 704 01c3 69       		.byte	0x69
 705 01c4 7A000000 		.4byte	0x7a
 706 01c8 02       		.byte	0x2
 707 01c9 91       		.byte	0x91
 708 01ca 77       		.sleb128 -9
 709 01cb 00       		.byte	0
 710 01cc 0C       		.uleb128 0xc
 711 01cd 01       		.byte	0x1
 712 01ce FE000000 		.4byte	.LASF31
 713 01d2 01       		.byte	0x1
 714 01d3 7D       		.byte	0x7d
 715 01d4 00000000 		.4byte	.LFB38
 716 01d8 0C000000 		.4byte	.LFE38
 717 01dc 0C010000 		.4byte	.LLST5
 718 01e0 01       		.byte	0x1
 719 01e1 0D       		.uleb128 0xd
 720 01e2 94010000 		.4byte	.LASF24
 721 01e6 01       		.byte	0x1
 722 01e7 12       		.byte	0x12
 723 01e8 30000000 		.4byte	0x30
 724 01ec 01       		.byte	0x1
 725 01ed 05       		.byte	0x5
ARM GAS  C:\Users\Jeppe\AppData\Local\Temp\ccKDN4Hq.s 			page 16


 726 01ee 03       		.byte	0x3
 727 01ef 00000000 		.4byte	numOfRegToRead
 728 01f3 0E       		.uleb128 0xe
 729 01f4 6C000000 		.4byte	0x6c
 730 01f8 09020000 		.4byte	0x209
 731 01fc 0F       		.uleb128 0xf
 732 01fd A5000000 		.4byte	0xa5
 733 0201 5F       		.byte	0x5f
 734 0202 0F       		.uleb128 0xf
 735 0203 A5000000 		.4byte	0xa5
 736 0207 02       		.byte	0x2
 737 0208 00       		.byte	0
 738 0209 0D       		.uleb128 0xd
 739 020a 1B020000 		.4byte	.LASF25
 740 020e 01       		.byte	0x1
 741 020f 13       		.byte	0x13
 742 0210 F3010000 		.4byte	0x1f3
 743 0214 01       		.byte	0x1
 744 0215 05       		.byte	0x5
 745 0216 03       		.byte	0x3
 746 0217 00000000 		.4byte	sensArray
 747 021b 00       		.byte	0
 748              		.section	.debug_abbrev,"",%progbits
 749              	.Ldebug_abbrev0:
 750 0000 01       		.uleb128 0x1
 751 0001 11       		.uleb128 0x11
 752 0002 01       		.byte	0x1
 753 0003 25       		.uleb128 0x25
 754 0004 0E       		.uleb128 0xe
 755 0005 13       		.uleb128 0x13
 756 0006 0B       		.uleb128 0xb
 757 0007 03       		.uleb128 0x3
 758 0008 0E       		.uleb128 0xe
 759 0009 1B       		.uleb128 0x1b
 760 000a 0E       		.uleb128 0xe
 761 000b 55       		.uleb128 0x55
 762 000c 06       		.uleb128 0x6
 763 000d 11       		.uleb128 0x11
 764 000e 01       		.uleb128 0x1
 765 000f 52       		.uleb128 0x52
 766 0010 01       		.uleb128 0x1
 767 0011 10       		.uleb128 0x10
 768 0012 06       		.uleb128 0x6
 769 0013 00       		.byte	0
 770 0014 00       		.byte	0
 771 0015 02       		.uleb128 0x2
 772 0016 24       		.uleb128 0x24
 773 0017 00       		.byte	0
 774 0018 0B       		.uleb128 0xb
 775 0019 0B       		.uleb128 0xb
 776 001a 3E       		.uleb128 0x3e
 777 001b 0B       		.uleb128 0xb
 778 001c 03       		.uleb128 0x3
 779 001d 0E       		.uleb128 0xe
 780 001e 00       		.byte	0
 781 001f 00       		.byte	0
 782 0020 03       		.uleb128 0x3
ARM GAS  C:\Users\Jeppe\AppData\Local\Temp\ccKDN4Hq.s 			page 17


 783 0021 16       		.uleb128 0x16
 784 0022 00       		.byte	0
 785 0023 03       		.uleb128 0x3
 786 0024 0E       		.uleb128 0xe
 787 0025 3A       		.uleb128 0x3a
 788 0026 0B       		.uleb128 0xb
 789 0027 3B       		.uleb128 0x3b
 790 0028 0B       		.uleb128 0xb
 791 0029 49       		.uleb128 0x49
 792 002a 13       		.uleb128 0x13
 793 002b 00       		.byte	0
 794 002c 00       		.byte	0
 795 002d 04       		.uleb128 0x4
 796 002e 24       		.uleb128 0x24
 797 002f 00       		.byte	0
 798 0030 0B       		.uleb128 0xb
 799 0031 0B       		.uleb128 0xb
 800 0032 3E       		.uleb128 0x3e
 801 0033 0B       		.uleb128 0xb
 802 0034 03       		.uleb128 0x3
 803 0035 08       		.uleb128 0x8
 804 0036 00       		.byte	0
 805 0037 00       		.byte	0
 806 0038 05       		.uleb128 0x5
 807 0039 2E       		.uleb128 0x2e
 808 003a 00       		.byte	0
 809 003b 3F       		.uleb128 0x3f
 810 003c 0C       		.uleb128 0xc
 811 003d 03       		.uleb128 0x3
 812 003e 0E       		.uleb128 0xe
 813 003f 3A       		.uleb128 0x3a
 814 0040 0B       		.uleb128 0xb
 815 0041 3B       		.uleb128 0x3b
 816 0042 0B       		.uleb128 0xb
 817 0043 27       		.uleb128 0x27
 818 0044 0C       		.uleb128 0xc
 819 0045 11       		.uleb128 0x11
 820 0046 01       		.uleb128 0x1
 821 0047 12       		.uleb128 0x12
 822 0048 01       		.uleb128 0x1
 823 0049 40       		.uleb128 0x40
 824 004a 06       		.uleb128 0x6
 825 004b 9642     		.uleb128 0x2116
 826 004d 0C       		.uleb128 0xc
 827 004e 00       		.byte	0
 828 004f 00       		.byte	0
 829 0050 06       		.uleb128 0x6
 830 0051 2E       		.uleb128 0x2e
 831 0052 01       		.byte	0x1
 832 0053 3F       		.uleb128 0x3f
 833 0054 0C       		.uleb128 0xc
 834 0055 03       		.uleb128 0x3
 835 0056 0E       		.uleb128 0xe
 836 0057 3A       		.uleb128 0x3a
 837 0058 0B       		.uleb128 0xb
 838 0059 3B       		.uleb128 0x3b
 839 005a 0B       		.uleb128 0xb
ARM GAS  C:\Users\Jeppe\AppData\Local\Temp\ccKDN4Hq.s 			page 18


 840 005b 27       		.uleb128 0x27
 841 005c 0C       		.uleb128 0xc
 842 005d 11       		.uleb128 0x11
 843 005e 01       		.uleb128 0x1
 844 005f 12       		.uleb128 0x12
 845 0060 01       		.uleb128 0x1
 846 0061 40       		.uleb128 0x40
 847 0062 06       		.uleb128 0x6
 848 0063 9742     		.uleb128 0x2117
 849 0065 0C       		.uleb128 0xc
 850 0066 01       		.uleb128 0x1
 851 0067 13       		.uleb128 0x13
 852 0068 00       		.byte	0
 853 0069 00       		.byte	0
 854 006a 07       		.uleb128 0x7
 855 006b 05       		.uleb128 0x5
 856 006c 00       		.byte	0
 857 006d 03       		.uleb128 0x3
 858 006e 0E       		.uleb128 0xe
 859 006f 3A       		.uleb128 0x3a
 860 0070 0B       		.uleb128 0xb
 861 0071 3B       		.uleb128 0x3b
 862 0072 0B       		.uleb128 0xb
 863 0073 49       		.uleb128 0x49
 864 0074 13       		.uleb128 0x13
 865 0075 02       		.uleb128 0x2
 866 0076 0A       		.uleb128 0xa
 867 0077 00       		.byte	0
 868 0078 00       		.byte	0
 869 0079 08       		.uleb128 0x8
 870 007a 2E       		.uleb128 0x2e
 871 007b 01       		.byte	0x1
 872 007c 3F       		.uleb128 0x3f
 873 007d 0C       		.uleb128 0xc
 874 007e 03       		.uleb128 0x3
 875 007f 0E       		.uleb128 0xe
 876 0080 3A       		.uleb128 0x3a
 877 0081 0B       		.uleb128 0xb
 878 0082 3B       		.uleb128 0x3b
 879 0083 0B       		.uleb128 0xb
 880 0084 27       		.uleb128 0x27
 881 0085 0C       		.uleb128 0xc
 882 0086 11       		.uleb128 0x11
 883 0087 01       		.uleb128 0x1
 884 0088 12       		.uleb128 0x12
 885 0089 01       		.uleb128 0x1
 886 008a 40       		.uleb128 0x40
 887 008b 06       		.uleb128 0x6
 888 008c 9642     		.uleb128 0x2116
 889 008e 0C       		.uleb128 0xc
 890 008f 01       		.uleb128 0x1
 891 0090 13       		.uleb128 0x13
 892 0091 00       		.byte	0
 893 0092 00       		.byte	0
 894 0093 09       		.uleb128 0x9
 895 0094 34       		.uleb128 0x34
 896 0095 00       		.byte	0
ARM GAS  C:\Users\Jeppe\AppData\Local\Temp\ccKDN4Hq.s 			page 19


 897 0096 03       		.uleb128 0x3
 898 0097 0E       		.uleb128 0xe
 899 0098 3A       		.uleb128 0x3a
 900 0099 0B       		.uleb128 0xb
 901 009a 3B       		.uleb128 0x3b
 902 009b 0B       		.uleb128 0xb
 903 009c 49       		.uleb128 0x49
 904 009d 13       		.uleb128 0x13
 905 009e 02       		.uleb128 0x2
 906 009f 0A       		.uleb128 0xa
 907 00a0 00       		.byte	0
 908 00a1 00       		.byte	0
 909 00a2 0A       		.uleb128 0xa
 910 00a3 2E       		.uleb128 0x2e
 911 00a4 01       		.byte	0x1
 912 00a5 3F       		.uleb128 0x3f
 913 00a6 0C       		.uleb128 0xc
 914 00a7 03       		.uleb128 0x3
 915 00a8 0E       		.uleb128 0xe
 916 00a9 3A       		.uleb128 0x3a
 917 00aa 0B       		.uleb128 0xb
 918 00ab 3B       		.uleb128 0x3b
 919 00ac 0B       		.uleb128 0xb
 920 00ad 11       		.uleb128 0x11
 921 00ae 01       		.uleb128 0x1
 922 00af 12       		.uleb128 0x12
 923 00b0 01       		.uleb128 0x1
 924 00b1 40       		.uleb128 0x40
 925 00b2 06       		.uleb128 0x6
 926 00b3 9642     		.uleb128 0x2116
 927 00b5 0C       		.uleb128 0xc
 928 00b6 01       		.uleb128 0x1
 929 00b7 13       		.uleb128 0x13
 930 00b8 00       		.byte	0
 931 00b9 00       		.byte	0
 932 00ba 0B       		.uleb128 0xb
 933 00bb 34       		.uleb128 0x34
 934 00bc 00       		.byte	0
 935 00bd 03       		.uleb128 0x3
 936 00be 08       		.uleb128 0x8
 937 00bf 3A       		.uleb128 0x3a
 938 00c0 0B       		.uleb128 0xb
 939 00c1 3B       		.uleb128 0x3b
 940 00c2 0B       		.uleb128 0xb
 941 00c3 49       		.uleb128 0x49
 942 00c4 13       		.uleb128 0x13
 943 00c5 02       		.uleb128 0x2
 944 00c6 0A       		.uleb128 0xa
 945 00c7 00       		.byte	0
 946 00c8 00       		.byte	0
 947 00c9 0C       		.uleb128 0xc
 948 00ca 2E       		.uleb128 0x2e
 949 00cb 00       		.byte	0
 950 00cc 3F       		.uleb128 0x3f
 951 00cd 0C       		.uleb128 0xc
 952 00ce 03       		.uleb128 0x3
 953 00cf 0E       		.uleb128 0xe
ARM GAS  C:\Users\Jeppe\AppData\Local\Temp\ccKDN4Hq.s 			page 20


 954 00d0 3A       		.uleb128 0x3a
 955 00d1 0B       		.uleb128 0xb
 956 00d2 3B       		.uleb128 0x3b
 957 00d3 0B       		.uleb128 0xb
 958 00d4 11       		.uleb128 0x11
 959 00d5 01       		.uleb128 0x1
 960 00d6 12       		.uleb128 0x12
 961 00d7 01       		.uleb128 0x1
 962 00d8 40       		.uleb128 0x40
 963 00d9 06       		.uleb128 0x6
 964 00da 9642     		.uleb128 0x2116
 965 00dc 0C       		.uleb128 0xc
 966 00dd 00       		.byte	0
 967 00de 00       		.byte	0
 968 00df 0D       		.uleb128 0xd
 969 00e0 34       		.uleb128 0x34
 970 00e1 00       		.byte	0
 971 00e2 03       		.uleb128 0x3
 972 00e3 0E       		.uleb128 0xe
 973 00e4 3A       		.uleb128 0x3a
 974 00e5 0B       		.uleb128 0xb
 975 00e6 3B       		.uleb128 0x3b
 976 00e7 0B       		.uleb128 0xb
 977 00e8 49       		.uleb128 0x49
 978 00e9 13       		.uleb128 0x13
 979 00ea 3F       		.uleb128 0x3f
 980 00eb 0C       		.uleb128 0xc
 981 00ec 02       		.uleb128 0x2
 982 00ed 0A       		.uleb128 0xa
 983 00ee 00       		.byte	0
 984 00ef 00       		.byte	0
 985 00f0 0E       		.uleb128 0xe
 986 00f1 01       		.uleb128 0x1
 987 00f2 01       		.byte	0x1
 988 00f3 49       		.uleb128 0x49
 989 00f4 13       		.uleb128 0x13
 990 00f5 01       		.uleb128 0x1
 991 00f6 13       		.uleb128 0x13
 992 00f7 00       		.byte	0
 993 00f8 00       		.byte	0
 994 00f9 0F       		.uleb128 0xf
 995 00fa 21       		.uleb128 0x21
 996 00fb 00       		.byte	0
 997 00fc 49       		.uleb128 0x49
 998 00fd 13       		.uleb128 0x13
 999 00fe 2F       		.uleb128 0x2f
 1000 00ff 0B       		.uleb128 0xb
 1001 0100 00       		.byte	0
 1002 0101 00       		.byte	0
 1003 0102 00       		.byte	0
 1004              		.section	.debug_loc,"",%progbits
 1005              	.Ldebug_loc0:
 1006              	.LLST0:
 1007 0000 00000000 		.4byte	.LFB33
 1008 0004 02000000 		.4byte	.LCFI0
 1009 0008 0200     		.2byte	0x2
 1010 000a 7D       		.byte	0x7d
ARM GAS  C:\Users\Jeppe\AppData\Local\Temp\ccKDN4Hq.s 			page 21


 1011 000b 00       		.sleb128 0
 1012 000c 02000000 		.4byte	.LCFI0
 1013 0010 04000000 		.4byte	.LCFI1
 1014 0014 0200     		.2byte	0x2
 1015 0016 7D       		.byte	0x7d
 1016 0017 08       		.sleb128 8
 1017 0018 04000000 		.4byte	.LCFI1
 1018 001c 10000000 		.4byte	.LFE33
 1019 0020 0200     		.2byte	0x2
 1020 0022 77       		.byte	0x77
 1021 0023 08       		.sleb128 8
 1022 0024 00000000 		.4byte	0
 1023 0028 00000000 		.4byte	0
 1024              	.LLST1:
 1025 002c 00000000 		.4byte	.LFB34
 1026 0030 02000000 		.4byte	.LCFI2
 1027 0034 0200     		.2byte	0x2
 1028 0036 7D       		.byte	0x7d
 1029 0037 00       		.sleb128 0
 1030 0038 02000000 		.4byte	.LCFI2
 1031 003c 04000000 		.4byte	.LCFI3
 1032 0040 0200     		.2byte	0x2
 1033 0042 7D       		.byte	0x7d
 1034 0043 08       		.sleb128 8
 1035 0044 04000000 		.4byte	.LCFI3
 1036 0048 06000000 		.4byte	.LCFI4
 1037 004c 0200     		.2byte	0x2
 1038 004e 7D       		.byte	0x7d
 1039 004f 18       		.sleb128 24
 1040 0050 06000000 		.4byte	.LCFI4
 1041 0054 6C000000 		.4byte	.LFE34
 1042 0058 0200     		.2byte	0x2
 1043 005a 77       		.byte	0x77
 1044 005b 18       		.sleb128 24
 1045 005c 00000000 		.4byte	0
 1046 0060 00000000 		.4byte	0
 1047              	.LLST2:
 1048 0064 00000000 		.4byte	.LFB35
 1049 0068 02000000 		.4byte	.LCFI5
 1050 006c 0200     		.2byte	0x2
 1051 006e 7D       		.byte	0x7d
 1052 006f 00       		.sleb128 0
 1053 0070 02000000 		.4byte	.LCFI5
 1054 0074 04000000 		.4byte	.LCFI6
 1055 0078 0200     		.2byte	0x2
 1056 007a 7D       		.byte	0x7d
 1057 007b 08       		.sleb128 8
 1058 007c 04000000 		.4byte	.LCFI6
 1059 0080 06000000 		.4byte	.LCFI7
 1060 0084 0200     		.2byte	0x2
 1061 0086 7D       		.byte	0x7d
 1062 0087 10       		.sleb128 16
 1063 0088 06000000 		.4byte	.LCFI7
 1064 008c 30000000 		.4byte	.LFE35
 1065 0090 0200     		.2byte	0x2
 1066 0092 77       		.byte	0x77
 1067 0093 10       		.sleb128 16
ARM GAS  C:\Users\Jeppe\AppData\Local\Temp\ccKDN4Hq.s 			page 22


 1068 0094 00000000 		.4byte	0
 1069 0098 00000000 		.4byte	0
 1070              	.LLST3:
 1071 009c 00000000 		.4byte	.LFB36
 1072 00a0 02000000 		.4byte	.LCFI8
 1073 00a4 0200     		.2byte	0x2
 1074 00a6 7D       		.byte	0x7d
 1075 00a7 00       		.sleb128 0
 1076 00a8 02000000 		.4byte	.LCFI8
 1077 00ac 04000000 		.4byte	.LCFI9
 1078 00b0 0200     		.2byte	0x2
 1079 00b2 7D       		.byte	0x7d
 1080 00b3 08       		.sleb128 8
 1081 00b4 04000000 		.4byte	.LCFI9
 1082 00b8 06000000 		.4byte	.LCFI10
 1083 00bc 0200     		.2byte	0x2
 1084 00be 7D       		.byte	0x7d
 1085 00bf 18       		.sleb128 24
 1086 00c0 06000000 		.4byte	.LCFI10
 1087 00c4 E4000000 		.4byte	.LFE36
 1088 00c8 0200     		.2byte	0x2
 1089 00ca 77       		.byte	0x77
 1090 00cb 18       		.sleb128 24
 1091 00cc 00000000 		.4byte	0
 1092 00d0 00000000 		.4byte	0
 1093              	.LLST4:
 1094 00d4 00000000 		.4byte	.LFB37
 1095 00d8 02000000 		.4byte	.LCFI11
 1096 00dc 0200     		.2byte	0x2
 1097 00de 7D       		.byte	0x7d
 1098 00df 00       		.sleb128 0
 1099 00e0 02000000 		.4byte	.LCFI11
 1100 00e4 04000000 		.4byte	.LCFI12
 1101 00e8 0200     		.2byte	0x2
 1102 00ea 7D       		.byte	0x7d
 1103 00eb 08       		.sleb128 8
 1104 00ec 04000000 		.4byte	.LCFI12
 1105 00f0 06000000 		.4byte	.LCFI13
 1106 00f4 0200     		.2byte	0x2
 1107 00f6 7D       		.byte	0x7d
 1108 00f7 18       		.sleb128 24
 1109 00f8 06000000 		.4byte	.LCFI13
 1110 00fc 94000000 		.4byte	.LFE37
 1111 0100 0200     		.2byte	0x2
 1112 0102 77       		.byte	0x77
 1113 0103 18       		.sleb128 24
 1114 0104 00000000 		.4byte	0
 1115 0108 00000000 		.4byte	0
 1116              	.LLST5:
 1117 010c 00000000 		.4byte	.LFB38
 1118 0110 02000000 		.4byte	.LCFI14
 1119 0114 0200     		.2byte	0x2
 1120 0116 7D       		.byte	0x7d
 1121 0117 00       		.sleb128 0
 1122 0118 02000000 		.4byte	.LCFI14
 1123 011c 04000000 		.4byte	.LCFI15
 1124 0120 0200     		.2byte	0x2
ARM GAS  C:\Users\Jeppe\AppData\Local\Temp\ccKDN4Hq.s 			page 23


 1125 0122 7D       		.byte	0x7d
 1126 0123 08       		.sleb128 8
 1127 0124 04000000 		.4byte	.LCFI15
 1128 0128 0C000000 		.4byte	.LFE38
 1129 012c 0200     		.2byte	0x2
 1130 012e 77       		.byte	0x77
 1131 012f 08       		.sleb128 8
 1132 0130 00000000 		.4byte	0
 1133 0134 00000000 		.4byte	0
 1134              		.section	.debug_aranges,"",%progbits
 1135 0000 44000000 		.4byte	0x44
 1136 0004 0200     		.2byte	0x2
 1137 0006 00000000 		.4byte	.Ldebug_info0
 1138 000a 04       		.byte	0x4
 1139 000b 00       		.byte	0
 1140 000c 0000     		.2byte	0
 1141 000e 0000     		.2byte	0
 1142 0010 00000000 		.4byte	.LFB33
 1143 0014 10000000 		.4byte	.LFE33-.LFB33
 1144 0018 00000000 		.4byte	.LFB34
 1145 001c 6C000000 		.4byte	.LFE34-.LFB34
 1146 0020 00000000 		.4byte	.LFB35
 1147 0024 30000000 		.4byte	.LFE35-.LFB35
 1148 0028 00000000 		.4byte	.LFB36
 1149 002c E4000000 		.4byte	.LFE36-.LFB36
 1150 0030 00000000 		.4byte	.LFB37
 1151 0034 94000000 		.4byte	.LFE37-.LFB37
 1152 0038 00000000 		.4byte	.LFB38
 1153 003c 0C000000 		.4byte	.LFE38-.LFB38
 1154 0040 00000000 		.4byte	0
 1155 0044 00000000 		.4byte	0
 1156              		.section	.debug_ranges,"",%progbits
 1157              	.Ldebug_ranges0:
 1158 0000 00000000 		.4byte	.LFB33
 1159 0004 10000000 		.4byte	.LFE33
 1160 0008 00000000 		.4byte	.LFB34
 1161 000c 6C000000 		.4byte	.LFE34
 1162 0010 00000000 		.4byte	.LFB35
 1163 0014 30000000 		.4byte	.LFE35
 1164 0018 00000000 		.4byte	.LFB36
 1165 001c E4000000 		.4byte	.LFE36
 1166 0020 00000000 		.4byte	.LFB37
 1167 0024 94000000 		.4byte	.LFE37
 1168 0028 00000000 		.4byte	.LFB38
 1169 002c 0C000000 		.4byte	.LFE38
 1170 0030 00000000 		.4byte	0
 1171 0034 00000000 		.4byte	0
 1172              		.section	.debug_line,"",%progbits
 1173              	.Ldebug_line0:
 1174 0000 82010000 		.section	.debug_str,"MS",%progbits,1
 1174      0200ED00 
 1174      00000201 
 1174      FB0E0D00 
 1174      01010101 
 1175              	.LASF18:
 1176 0000 64617461 		.ascii	"dataTarget\000"
 1176      54617267 
ARM GAS  C:\Users\Jeppe\AppData\Local\Temp\ccKDN4Hq.s 			page 24


 1176      657400
 1177              	.LASF3:
 1178 000b 73686F72 		.ascii	"short unsigned int\000"
 1178      7420756E 
 1178      7369676E 
 1178      65642069 
 1178      6E7400
 1179              	.LASF28:
 1180 001e 433A5C55 		.ascii	"C:\\Users\\Jeppe\\Documents\\Engineer\\3_Semester\\"
 1180      73657273 
 1180      5C4A6570 
 1180      70655C44 
 1180      6F63756D 
 1181 004b 45335052 		.ascii	"E3PRJ3\\Design og implementering\\Body SW\\Body_mai"
 1181      4A335C44 
 1181      65736967 
 1181      6E206F67 
 1181      20696D70 
 1182 007b 6E5F5665 		.ascii	"n_Version_4\\Body_main\\Body_main.cydsn\000"
 1182      7273696F 
 1182      6E5F345C 
 1182      426F6479 
 1182      5F6D6169 
 1183              	.LASF20:
 1184 00a1 72656164 		.ascii	"readAllSensors\000"
 1184      416C6C53 
 1184      656E736F 
 1184      727300
 1185              	.LASF22:
 1186 00b0 72656164 		.ascii	"readI2C\000"
 1186      49324300 
 1187              	.LASF12:
 1188 00b8 666C6F61 		.ascii	"float\000"
 1188      7400
 1189              	.LASF30:
 1190 00be 636F6E76 		.ascii	"convSensData\000"
 1190      53656E73 
 1190      44617461 
 1190      00
 1191              	.LASF1:
 1192 00cb 756E7369 		.ascii	"unsigned char\000"
 1192      676E6564 
 1192      20636861 
 1192      7200
 1193              	.LASF11:
 1194 00d9 696E7431 		.ascii	"int16\000"
 1194      3600
 1195              	.LASF5:
 1196 00df 6C6F6E67 		.ascii	"long unsigned int\000"
 1196      20756E73 
 1196      69676E65 
 1196      6420696E 
 1196      7400
 1197              	.LASF10:
 1198 00f1 75696E74 		.ascii	"uint8\000"
 1198      3800
 1199              	.LASF13:
ARM GAS  C:\Users\Jeppe\AppData\Local\Temp\ccKDN4Hq.s 			page 25


 1200 00f7 646F7562 		.ascii	"double\000"
 1200      6C6500
 1201              	.LASF31:
 1202 00fe 68616E64 		.ascii	"handleI2CError\000"
 1202      6C654932 
 1202      43457272 
 1202      6F7200
 1203              	.LASF8:
 1204 010d 756E7369 		.ascii	"unsigned int\000"
 1204      676E6564 
 1204      20696E74 
 1204      00
 1205              	.LASF7:
 1206 011a 6C6F6E67 		.ascii	"long long unsigned int\000"
 1206      206C6F6E 
 1206      6720756E 
 1206      7369676E 
 1206      65642069 
 1207              	.LASF16:
 1208 0131 64657669 		.ascii	"deviceAddress\000"
 1208      63654164 
 1208      64726573 
 1208      7300
 1209              	.LASF27:
 1210 013f 2E5C5365 		.ascii	".\\Sensor.c\000"
 1210      6E736F72 
 1210      2E6300
 1211              	.LASF15:
 1212 014a 73697A65 		.ascii	"sizetype\000"
 1212      74797065 
 1212      00
 1213              	.LASF9:
 1214 0153 75696E74 		.ascii	"uint8_t\000"
 1214      385F7400 
 1215              	.LASF6:
 1216 015b 6C6F6E67 		.ascii	"long long int\000"
 1216      206C6F6E 
 1216      6720696E 
 1216      7400
 1217              	.LASF14:
 1218 0169 63686172 		.ascii	"char\000"
 1218      00
 1219              	.LASF19:
 1220 016e 73657453 		.ascii	"setSensArray\000"
 1220      656E7341 
 1220      72726179 
 1220      00
 1221              	.LASF17:
 1222 017b 72656769 		.ascii	"registerToRead\000"
 1222      73746572 
 1222      546F5265 
 1222      616400
 1223              	.LASF2:
 1224 018a 73686F72 		.ascii	"short int\000"
 1224      7420696E 
 1224      7400
 1225              	.LASF24:
ARM GAS  C:\Users\Jeppe\AppData\Local\Temp\ccKDN4Hq.s 			page 26


 1226 0194 6E756D4F 		.ascii	"numOfRegToRead\000"
 1226      66526567 
 1226      546F5265 
 1226      616400
 1227              	.LASF26:
 1228 01a3 474E5520 		.ascii	"GNU C 4.7.3 20130312 (release) [ARM/embedded-4_7-br"
 1228      4320342E 
 1228      372E3320 
 1228      32303133 
 1228      30333132 
 1229 01d6 616E6368 		.ascii	"anch revision 196615]\000"
 1229      20726576 
 1229      6973696F 
 1229      6E203139 
 1229      36363135 
 1230              	.LASF23:
 1231 01ec 72617744 		.ascii	"rawData\000"
 1231      61746100 
 1232              	.LASF4:
 1233 01f4 6C6F6E67 		.ascii	"long int\000"
 1233      20696E74 
 1233      00
 1234              	.LASF29:
 1235 01fd 73657475 		.ascii	"setupI2C\000"
 1235      70493243 
 1235      00
 1236              	.LASF0:
 1237 0206 7369676E 		.ascii	"signed char\000"
 1237      65642063 
 1237      68617200 
 1238              	.LASF21:
 1239 0212 6E756D4F 		.ascii	"numOfReg\000"
 1239      66526567 
 1239      00
 1240              	.LASF25:
 1241 021b 73656E73 		.ascii	"sensArray\000"
 1241      41727261 
 1241      7900
 1242              		.ident	"GCC: (GNU Tools for ARM Embedded Processors) 4.7.3 20130312 (release) [ARM/embedded-4_7-br
