ARM GAS  C:\Users\Jeppe\AppData\Local\Temp\ccKKcpgg.s 			page 1


   1              		.cpu cortex-m0
   2              		.fpu softvfp
   3              		.eabi_attribute 20, 1
   4              		.eabi_attribute 21, 1
   5              		.eabi_attribute 23, 3
   6              		.eabi_attribute 24, 1
   7              		.eabi_attribute 25, 1
   8              		.eabi_attribute 26, 1
   9              		.eabi_attribute 30, 6
  10              		.eabi_attribute 34, 0
  11              		.eabi_attribute 18, 4
  12              		.code	16
  13              		.file	"SerialUnit.c"
  14              		.text
  15              	.Ltext0:
  16              		.cfi_sections	.debug_frame
  17              		.comm	dataArray,16,4
  18              		.section	.text.initUART,"ax",%progbits
  19              		.align	2
  20              		.global	initUART
  21              		.code	16
  22              		.thumb_func
  23              		.type	initUART, %function
  24              	initUART:
  25              	.LFB33:
  26              		.file 1 ".\\SerialUnit.c"
   1:.\SerialUnit.c **** /* ========================================
   2:.\SerialUnit.c ****  *
   3:.\SerialUnit.c ****  * Copyright YOUR COMPANY, THE YEAR
   4:.\SerialUnit.c ****  * All Rights Reserved
   5:.\SerialUnit.c ****  * UNPUBLISHED, LICENSED SOFTWARE.
   6:.\SerialUnit.c ****  *
   7:.\SerialUnit.c ****  * CONFIDENTIAL AND PROPRIETARY INFORMATION
   8:.\SerialUnit.c ****  * WHICH IS THE PROPERTY OF your company.
   9:.\SerialUnit.c ****  *
  10:.\SerialUnit.c ****  * ========================================
  11:.\SerialUnit.c **** */
  12:.\SerialUnit.c **** #include "SerialUnit.h"
  13:.\SerialUnit.c **** #include "Sensor.h"
  14:.\SerialUnit.c **** 
  15:.\SerialUnit.c **** 
  16:.\SerialUnit.c **** // Klasse-lokalt array
  17:.\SerialUnit.c **** char dataArray[MAXSENSDATA];     // Array with id-number and data to send via BT
  18:.\SerialUnit.c **** 
  19:.\SerialUnit.c **** void initUART()
  20:.\SerialUnit.c **** {
  27              		.loc 1 20 0
  28              		.cfi_startproc
  29 0000 80B5     		push	{r7, lr}
  30              	.LCFI0:
  31              		.cfi_def_cfa_offset 8
  32              		.cfi_offset 7, -8
  33              		.cfi_offset 14, -4
  34 0002 00AF     		add	r7, sp, #0
  35              	.LCFI1:
  36              		.cfi_def_cfa_register 7
  21:.\SerialUnit.c ****     // Enable og initier UART komponenten
ARM GAS  C:\Users\Jeppe\AppData\Local\Temp\ccKKcpgg.s 			page 2


  22:.\SerialUnit.c ****     UART_1_Start();
  37              		.loc 1 22 0
  38 0004 FFF7FEFF 		bl	UART_1_Start
  23:.\SerialUnit.c **** }
  39              		.loc 1 23 0
  40 0008 BD46     		mov	sp, r7
  41              		@ sp needed for prologue
  42 000a 80BD     		pop	{r7, pc}
  43              		.cfi_endproc
  44              	.LFE33:
  45              		.size	initUART, .-initUART
  46              		.section	.text.setdataArray,"ax",%progbits
  47              		.align	2
  48              		.global	setdataArray
  49              		.code	16
  50              		.thumb_func
  51              		.type	setdataArray, %function
  52              	setdataArray:
  53              	.LFB34:
  24:.\SerialUnit.c **** 
  25:.\SerialUnit.c **** 
  26:.\SerialUnit.c **** 
  27:.\SerialUnit.c **** void setdataArray(uint8 ID, uint8 x_data, uint8 y_data, uint8 z_data)
  28:.\SerialUnit.c **** {
  54              		.loc 1 28 0
  55              		.cfi_startproc
  56 0000 90B5     		push	{r4, r7, lr}
  57              	.LCFI2:
  58              		.cfi_def_cfa_offset 12
  59              		.cfi_offset 4, -12
  60              		.cfi_offset 7, -8
  61              		.cfi_offset 14, -4
  62 0002 85B0     		sub	sp, sp, #20
  63              	.LCFI3:
  64              		.cfi_def_cfa_offset 32
  65 0004 00AF     		add	r7, sp, #0
  66              	.LCFI4:
  67              		.cfi_def_cfa_register 7
  68 0006 041C     		mov	r4, r0
  69 0008 081C     		mov	r0, r1
  70 000a 111C     		mov	r1, r2
  71 000c 1A1C     		mov	r2, r3
  72 000e FB1D     		add	r3, r7, #7
  73 0010 1C70     		strb	r4, [r3]
  74 0012 BB1D     		add	r3, r7, #6
  75 0014 1870     		strb	r0, [r3]
  76 0016 7B1D     		add	r3, r7, #5
  77 0018 1970     		strb	r1, [r3]
  78 001a 3B1D     		add	r3, r7, #4
  79 001c 1A70     		strb	r2, [r3]
  29:.\SerialUnit.c ****     // // Klasse-lokale dataarray til ID, x_data, y_data, z_data
  30:.\SerialUnit.c ****     dataArray[0] = ID+1; 
  80              		.loc 1 30 0
  81 001e FB1D     		add	r3, r7, #7
  82 0020 1B78     		ldrb	r3, [r3]
  83 0022 0133     		add	r3, r3, #1
  84 0024 DAB2     		uxtb	r2, r3
ARM GAS  C:\Users\Jeppe\AppData\Local\Temp\ccKKcpgg.s 			page 3


  85 0026 124B     		ldr	r3, .L5
  86 0028 1A70     		strb	r2, [r3]
  31:.\SerialUnit.c ****     dataArray[1] = x_data+1;
  87              		.loc 1 31 0
  88 002a BB1D     		add	r3, r7, #6
  89 002c 1B78     		ldrb	r3, [r3]
  90 002e 0133     		add	r3, r3, #1
  91 0030 DAB2     		uxtb	r2, r3
  92 0032 0F4B     		ldr	r3, .L5
  93 0034 5A70     		strb	r2, [r3, #1]
  32:.\SerialUnit.c ****     dataArray[2] = y_data+1;
  94              		.loc 1 32 0
  95 0036 7B1D     		add	r3, r7, #5
  96 0038 1B78     		ldrb	r3, [r3]
  97 003a 0133     		add	r3, r3, #1
  98 003c DAB2     		uxtb	r2, r3
  99 003e 0C4B     		ldr	r3, .L5
 100 0040 9A70     		strb	r2, [r3, #2]
  33:.\SerialUnit.c ****     dataArray[3] = z_data+1;
 101              		.loc 1 33 0
 102 0042 3B1D     		add	r3, r7, #4
 103 0044 1B78     		ldrb	r3, [r3]
 104 0046 0133     		add	r3, r3, #1
 105 0048 DAB2     		uxtb	r2, r3
 106 004a 094B     		ldr	r3, .L5
 107 004c DA70     		strb	r2, [r3, #3]
  34:.\SerialUnit.c ****     
  35:.\SerialUnit.c ****     //Sætter de resterende pladser i array'et til 1.
  36:.\SerialUnit.c ****     int i;
  37:.\SerialUnit.c ****     for(i = 4; i<MAXSENSDATA; i++)  
 108              		.loc 1 37 0
 109 004e 0423     		mov	r3, #4
 110 0050 FB60     		str	r3, [r7, #12]
 111 0052 07E0     		b	.L3
 112              	.L4:
  38:.\SerialUnit.c ****     {
  39:.\SerialUnit.c ****         dataArray[i] = 1; 
 113              		.loc 1 39 0 discriminator 2
 114 0054 064A     		ldr	r2, .L5
 115 0056 FB68     		ldr	r3, [r7, #12]
 116 0058 D318     		add	r3, r2, r3
 117 005a 0122     		mov	r2, #1
 118 005c 1A70     		strb	r2, [r3]
  37:.\SerialUnit.c ****     for(i = 4; i<MAXSENSDATA; i++)  
 119              		.loc 1 37 0 discriminator 2
 120 005e FB68     		ldr	r3, [r7, #12]
 121 0060 0133     		add	r3, r3, #1
 122 0062 FB60     		str	r3, [r7, #12]
 123              	.L3:
  37:.\SerialUnit.c ****     for(i = 4; i<MAXSENSDATA; i++)  
 124              		.loc 1 37 0 is_stmt 0 discriminator 1
 125 0064 FB68     		ldr	r3, [r7, #12]
 126 0066 0F2B     		cmp	r3, #15
 127 0068 F4DD     		ble	.L4
  40:.\SerialUnit.c ****     }
  41:.\SerialUnit.c ****     
  42:.\SerialUnit.c **** }
ARM GAS  C:\Users\Jeppe\AppData\Local\Temp\ccKKcpgg.s 			page 4


 128              		.loc 1 42 0 is_stmt 1
 129 006a BD46     		mov	sp, r7
 130 006c 05B0     		add	sp, sp, #20
 131              		@ sp needed for prologue
 132 006e 90BD     		pop	{r4, r7, pc}
 133              	.L6:
 134              		.align	2
 135              	.L5:
 136 0070 00000000 		.word	dataArray
 137              		.cfi_endproc
 138              	.LFE34:
 139              		.size	setdataArray, .-setdataArray
 140              		.section	.text.sendDataArray,"ax",%progbits
 141              		.align	2
 142              		.global	sendDataArray
 143              		.code	16
 144              		.thumb_func
 145              		.type	sendDataArray, %function
 146              	sendDataArray:
 147              	.LFB35:
  43:.\SerialUnit.c **** 
  44:.\SerialUnit.c **** 
  45:.\SerialUnit.c **** void sendDataArray()
  46:.\SerialUnit.c **** {
 148              		.loc 1 46 0
 149              		.cfi_startproc
 150 0000 80B5     		push	{r7, lr}
 151              	.LCFI5:
 152              		.cfi_def_cfa_offset 8
 153              		.cfi_offset 7, -8
 154              		.cfi_offset 14, -4
 155 0002 8AB0     		sub	sp, sp, #40
 156              	.LCFI6:
 157              		.cfi_def_cfa_offset 48
 158 0004 00AF     		add	r7, sp, #0
 159              	.LCFI7:
 160              		.cfi_def_cfa_register 7
  47:.\SerialUnit.c ****     // Opret et array med seks pladser pr sensor 
  48:.\SerialUnit.c ****     char accelArray[6];
  49:.\SerialUnit.c ****     char gyroArray[6];
  50:.\SerialUnit.c ****     char proxArray[6];
  51:.\SerialUnit.c ****     char flexArray[6];
  52:.\SerialUnit.c ****     
  53:.\SerialUnit.c ****     // Sætter accelerometer array.
  54:.\SerialUnit.c ****     accelArray[0] = START_SENSDATA;
 161              		.loc 1 54 0
 162 0006 3B1C     		mov	r3, r7
 163 0008 1C33     		add	r3, r3, #28
 164 000a 0F22     		mov	r2, #15
 165 000c 1A70     		strb	r2, [r3]
  55:.\SerialUnit.c ****     accelArray[1] = dataArray[0];   // dataArray[0] - ID 0
 166              		.loc 1 55 0
 167 000e 3F4B     		ldr	r3, .L11
 168 0010 1A78     		ldrb	r2, [r3]
 169 0012 3B1C     		mov	r3, r7
 170 0014 1C33     		add	r3, r3, #28
 171 0016 5A70     		strb	r2, [r3, #1]
ARM GAS  C:\Users\Jeppe\AppData\Local\Temp\ccKKcpgg.s 			page 5


  56:.\SerialUnit.c ****     accelArray[2] = dataArray[1];   // dataArray[1] - x
 172              		.loc 1 56 0
 173 0018 3C4B     		ldr	r3, .L11
 174 001a 5A78     		ldrb	r2, [r3, #1]
 175 001c 3B1C     		mov	r3, r7
 176 001e 1C33     		add	r3, r3, #28
 177 0020 9A70     		strb	r2, [r3, #2]
  57:.\SerialUnit.c ****     accelArray[3] = dataArray[2];   // dataArray[2] - y
 178              		.loc 1 57 0
 179 0022 3A4B     		ldr	r3, .L11
 180 0024 9A78     		ldrb	r2, [r3, #2]
 181 0026 3B1C     		mov	r3, r7
 182 0028 1C33     		add	r3, r3, #28
 183 002a DA70     		strb	r2, [r3, #3]
  58:.\SerialUnit.c ****     accelArray[4] = dataArray[3];   // dataArray[3] - z
 184              		.loc 1 58 0
 185 002c 374B     		ldr	r3, .L11
 186 002e DA78     		ldrb	r2, [r3, #3]
 187 0030 3B1C     		mov	r3, r7
 188 0032 1C33     		add	r3, r3, #28
 189 0034 1A71     		strb	r2, [r3, #4]
  59:.\SerialUnit.c ****     accelArray[5] = 0;              // Nul terminering 
 190              		.loc 1 59 0
 191 0036 3B1C     		mov	r3, r7
 192 0038 1C33     		add	r3, r3, #28
 193 003a 0022     		mov	r2, #0
 194 003c 5A71     		strb	r2, [r3, #5]
  60:.\SerialUnit.c ****     
  61:.\SerialUnit.c ****     // Sætter gyroskop array
  62:.\SerialUnit.c ****     gyroArray[0] = START_SENSDATA;
 195              		.loc 1 62 0
 196 003e 3B1C     		mov	r3, r7
 197 0040 1433     		add	r3, r3, #20
 198 0042 0F22     		mov	r2, #15
 199 0044 1A70     		strb	r2, [r3]
  63:.\SerialUnit.c ****     gyroArray[1] = 1+1;             // dataArray[4] - ID 1
 200              		.loc 1 63 0
 201 0046 3B1C     		mov	r3, r7
 202 0048 1433     		add	r3, r3, #20
 203 004a 0222     		mov	r2, #2
 204 004c 5A70     		strb	r2, [r3, #1]
  64:.\SerialUnit.c ****     gyroArray[2] = 1+1;             // dataArray[5] - x
 205              		.loc 1 64 0
 206 004e 3B1C     		mov	r3, r7
 207 0050 1433     		add	r3, r3, #20
 208 0052 0222     		mov	r2, #2
 209 0054 9A70     		strb	r2, [r3, #2]
  65:.\SerialUnit.c ****     gyroArray[3] = 1+1;             // dataArray[6] - y
 210              		.loc 1 65 0
 211 0056 3B1C     		mov	r3, r7
 212 0058 1433     		add	r3, r3, #20
 213 005a 0222     		mov	r2, #2
 214 005c DA70     		strb	r2, [r3, #3]
  66:.\SerialUnit.c ****     gyroArray[4] = 1+1;             // dataArray[7] - z
 215              		.loc 1 66 0
 216 005e 3B1C     		mov	r3, r7
 217 0060 1433     		add	r3, r3, #20
ARM GAS  C:\Users\Jeppe\AppData\Local\Temp\ccKKcpgg.s 			page 6


 218 0062 0222     		mov	r2, #2
 219 0064 1A71     		strb	r2, [r3, #4]
  67:.\SerialUnit.c ****     gyroArray[5] = 0;               // Nul terminering
 220              		.loc 1 67 0
 221 0066 3B1C     		mov	r3, r7
 222 0068 1433     		add	r3, r3, #20
 223 006a 0022     		mov	r2, #0
 224 006c 5A71     		strb	r2, [r3, #5]
  68:.\SerialUnit.c ****     
  69:.\SerialUnit.c ****     // Sætter Proximity array
  70:.\SerialUnit.c ****     proxArray[0] = START_SENSDATA;
 225              		.loc 1 70 0
 226 006e 3B1C     		mov	r3, r7
 227 0070 0C33     		add	r3, r3, #12
 228 0072 0F22     		mov	r2, #15
 229 0074 1A70     		strb	r2, [r3]
  71:.\SerialUnit.c ****     proxArray[1] = 2+1;             // dataArray[8]  - ID 2
 230              		.loc 1 71 0
 231 0076 3B1C     		mov	r3, r7
 232 0078 0C33     		add	r3, r3, #12
 233 007a 0322     		mov	r2, #3
 234 007c 5A70     		strb	r2, [r3, #1]
  72:.\SerialUnit.c ****     proxArray[2] = 1+1;             // dataArray[9]  - x
 235              		.loc 1 72 0
 236 007e 3B1C     		mov	r3, r7
 237 0080 0C33     		add	r3, r3, #12
 238 0082 0222     		mov	r2, #2
 239 0084 9A70     		strb	r2, [r3, #2]
  73:.\SerialUnit.c ****     proxArray[3] = 1+1;             // dataArray[10] - y
 240              		.loc 1 73 0
 241 0086 3B1C     		mov	r3, r7
 242 0088 0C33     		add	r3, r3, #12
 243 008a 0222     		mov	r2, #2
 244 008c DA70     		strb	r2, [r3, #3]
  74:.\SerialUnit.c ****     proxArray[4] = 1+1;             // dataArray[11] - z
 245              		.loc 1 74 0
 246 008e 3B1C     		mov	r3, r7
 247 0090 0C33     		add	r3, r3, #12
 248 0092 0222     		mov	r2, #2
 249 0094 1A71     		strb	r2, [r3, #4]
  75:.\SerialUnit.c ****     proxArray[5] = 0;               // Nul terminering
 250              		.loc 1 75 0
 251 0096 3B1C     		mov	r3, r7
 252 0098 0C33     		add	r3, r3, #12
 253 009a 0022     		mov	r2, #0
 254 009c 5A71     		strb	r2, [r3, #5]
  76:.\SerialUnit.c ****     
  77:.\SerialUnit.c ****     // Sætter flex array
  78:.\SerialUnit.c ****     flexArray[0] = START_SENSDATA;
 255              		.loc 1 78 0
 256 009e 3B1D     		add	r3, r7, #4
 257 00a0 0F22     		mov	r2, #15
 258 00a2 1A70     		strb	r2, [r3]
  79:.\SerialUnit.c ****     flexArray[1] = 3+1;             // dataArray[12] - ID 3
 259              		.loc 1 79 0
 260 00a4 3B1D     		add	r3, r7, #4
 261 00a6 0422     		mov	r2, #4
ARM GAS  C:\Users\Jeppe\AppData\Local\Temp\ccKKcpgg.s 			page 7


 262 00a8 5A70     		strb	r2, [r3, #1]
  80:.\SerialUnit.c ****     flexArray[2] = 1+1;             // dataArray[13] - x
 263              		.loc 1 80 0
 264 00aa 3B1D     		add	r3, r7, #4
 265 00ac 0222     		mov	r2, #2
 266 00ae 9A70     		strb	r2, [r3, #2]
  81:.\SerialUnit.c ****     flexArray[3] = 1+1;             // dataArray[14] - y
 267              		.loc 1 81 0
 268 00b0 3B1D     		add	r3, r7, #4
 269 00b2 0222     		mov	r2, #2
 270 00b4 DA70     		strb	r2, [r3, #3]
  82:.\SerialUnit.c ****     flexArray[4] = 1+1;             // dataArray[15] - z
 271              		.loc 1 82 0
 272 00b6 3B1D     		add	r3, r7, #4
 273 00b8 0222     		mov	r2, #2
 274 00ba 1A71     		strb	r2, [r3, #4]
  83:.\SerialUnit.c ****     flexArray[5] = 0;               // Nul terminering
 275              		.loc 1 83 0
 276 00bc 3B1D     		add	r3, r7, #4
 277 00be 0022     		mov	r2, #0
 278 00c0 5A71     		strb	r2, [r3, #5]
  84:.\SerialUnit.c ****     
  85:.\SerialUnit.c ****     
  86:.\SerialUnit.c ****     
  87:.\SerialUnit.c ****     
  88:.\SerialUnit.c ****     // Send sensordata
  89:.\SerialUnit.c ****     //CyDelay(3);
  90:.\SerialUnit.c ****     UART_1_UartPutString(accelArray);
 279              		.loc 1 90 0
 280 00c2 3B1C     		mov	r3, r7
 281 00c4 1C33     		add	r3, r3, #28
 282 00c6 181C     		mov	r0, r3
 283 00c8 FFF7FEFF 		bl	UART_1_UartPutString
  91:.\SerialUnit.c ****     //CyDelay(3);
  92:.\SerialUnit.c ****     //UART_1_UartPutString(gyroArray);
  93:.\SerialUnit.c ****     //CyDelay(3);
  94:.\SerialUnit.c ****     //UART_1_UartPutString(proxArray);
  95:.\SerialUnit.c ****     //CyDelay(3);
  96:.\SerialUnit.c ****     //UART_1_UartPutString(flexArray);
  97:.\SerialUnit.c ****     
  98:.\SerialUnit.c ****     //Error Check om I2C sensordata er valid
  99:.\SerialUnit.c ****     if((dataArray[1] == 65)&&(dataArray[2] == 65)&&(dataArray[3] == 65))
 284              		.loc 1 99 0
 285 00cc 0F4B     		ldr	r3, .L11
 286 00ce 5B78     		ldrb	r3, [r3, #1]
 287 00d0 412B     		cmp	r3, #65
 288 00d2 0AD1     		bne	.L8
 289              		.loc 1 99 0 is_stmt 0 discriminator 1
 290 00d4 0D4B     		ldr	r3, .L11
 291 00d6 9B78     		ldrb	r3, [r3, #2]
 292 00d8 412B     		cmp	r3, #65
 293 00da 06D1     		bne	.L8
 294 00dc 0B4B     		ldr	r3, .L11
 295 00de DB78     		ldrb	r3, [r3, #3]
 296 00e0 412B     		cmp	r3, #65
 297 00e2 02D1     		bne	.L8
 100:.\SerialUnit.c ****     {
ARM GAS  C:\Users\Jeppe\AppData\Local\Temp\ccKKcpgg.s 			page 8


 101:.\SerialUnit.c ****         ERRORPIN_Write(1);
 298              		.loc 1 101 0 is_stmt 1
 299 00e4 0120     		mov	r0, #1
 300 00e6 FFF7FEFF 		bl	ERRORPIN_Write
 301              	.L8:
 102:.\SerialUnit.c ****     }
 103:.\SerialUnit.c ****     
 104:.\SerialUnit.c ****     //Reset dataArray til kendt acii værdier 48 = '0';
 105:.\SerialUnit.c ****     int i;
 106:.\SerialUnit.c ****     for(i = 0; i < MAXSENSDATA; i++)
 302              		.loc 1 106 0
 303 00ea 0023     		mov	r3, #0
 304 00ec 7B62     		str	r3, [r7, #36]
 305 00ee 07E0     		b	.L9
 306              	.L10:
 107:.\SerialUnit.c ****     {
 108:.\SerialUnit.c ****         dataArray[i] = 48;
 307              		.loc 1 108 0 discriminator 2
 308 00f0 064A     		ldr	r2, .L11
 309 00f2 7B6A     		ldr	r3, [r7, #36]
 310 00f4 D318     		add	r3, r2, r3
 311 00f6 3022     		mov	r2, #48
 312 00f8 1A70     		strb	r2, [r3]
 106:.\SerialUnit.c ****     for(i = 0; i < MAXSENSDATA; i++)
 313              		.loc 1 106 0 discriminator 2
 314 00fa 7B6A     		ldr	r3, [r7, #36]
 315 00fc 0133     		add	r3, r3, #1
 316 00fe 7B62     		str	r3, [r7, #36]
 317              	.L9:
 106:.\SerialUnit.c ****     for(i = 0; i < MAXSENSDATA; i++)
 318              		.loc 1 106 0 is_stmt 0 discriminator 1
 319 0100 7B6A     		ldr	r3, [r7, #36]
 320 0102 0F2B     		cmp	r3, #15
 321 0104 F4DD     		ble	.L10
 109:.\SerialUnit.c ****     }
 110:.\SerialUnit.c ****     
 111:.\SerialUnit.c **** }
 322              		.loc 1 111 0 is_stmt 1
 323 0106 BD46     		mov	sp, r7
 324 0108 0AB0     		add	sp, sp, #40
 325              		@ sp needed for prologue
 326 010a 80BD     		pop	{r7, pc}
 327              	.L12:
 328              		.align	2
 329              	.L11:
 330 010c 00000000 		.word	dataArray
 331              		.cfi_endproc
 332              	.LFE35:
 333              		.size	sendDataArray, .-sendDataArray
 334              		.text
 335              	.Letext0:
 336              		.file 2 "./Generated_Source/PSoC4/cytypes.h"
 337              		.section	.debug_info,"",%progbits
 338              	.Ldebug_info0:
 339 0000 98010000 		.4byte	0x198
 340 0004 0200     		.2byte	0x2
 341 0006 00000000 		.4byte	.Ldebug_abbrev0
ARM GAS  C:\Users\Jeppe\AppData\Local\Temp\ccKKcpgg.s 			page 9


 342 000a 04       		.byte	0x4
 343 000b 01       		.uleb128 0x1
 344 000c 6B010000 		.4byte	.LASF22
 345 0010 01       		.byte	0x1
 346 0011 B4010000 		.4byte	.LASF23
 347 0015 24000000 		.4byte	.LASF24
 348 0019 00000000 		.4byte	.Ldebug_ranges0+0
 349 001d 00000000 		.4byte	0
 350 0021 00000000 		.4byte	0
 351 0025 00000000 		.4byte	.Ldebug_line0
 352 0029 02       		.uleb128 0x2
 353 002a 01       		.byte	0x1
 354 002b 06       		.byte	0x6
 355 002c CC010000 		.4byte	.LASF0
 356 0030 02       		.uleb128 0x2
 357 0031 01       		.byte	0x1
 358 0032 08       		.byte	0x8
 359 0033 C6000000 		.4byte	.LASF1
 360 0037 02       		.uleb128 0x2
 361 0038 02       		.byte	0x2
 362 0039 05       		.byte	0x5
 363 003a 61010000 		.4byte	.LASF2
 364 003e 02       		.uleb128 0x2
 365 003f 02       		.byte	0x2
 366 0040 07       		.byte	0x7
 367 0041 11000000 		.4byte	.LASF3
 368 0045 02       		.uleb128 0x2
 369 0046 04       		.byte	0x4
 370 0047 05       		.byte	0x5
 371 0048 C3010000 		.4byte	.LASF4
 372 004c 02       		.uleb128 0x2
 373 004d 04       		.byte	0x4
 374 004e 07       		.byte	0x7
 375 004f DD000000 		.4byte	.LASF5
 376 0053 02       		.uleb128 0x2
 377 0054 08       		.byte	0x8
 378 0055 05       		.byte	0x5
 379 0056 44010000 		.4byte	.LASF6
 380 005a 02       		.uleb128 0x2
 381 005b 08       		.byte	0x8
 382 005c 07       		.byte	0x7
 383 005d 13010000 		.4byte	.LASF7
 384 0061 03       		.uleb128 0x3
 385 0062 04       		.byte	0x4
 386 0063 05       		.byte	0x5
 387 0064 696E7400 		.ascii	"int\000"
 388 0068 02       		.uleb128 0x2
 389 0069 04       		.byte	0x4
 390 006a 07       		.byte	0x7
 391 006b 06010000 		.4byte	.LASF8
 392 006f 04       		.uleb128 0x4
 393 0070 EF000000 		.4byte	.LASF25
 394 0074 02       		.byte	0x2
 395 0075 5B       		.byte	0x5b
 396 0076 30000000 		.4byte	0x30
 397 007a 02       		.uleb128 0x2
 398 007b 04       		.byte	0x4
ARM GAS  C:\Users\Jeppe\AppData\Local\Temp\ccKKcpgg.s 			page 10


 399 007c 04       		.byte	0x4
 400 007d C0000000 		.4byte	.LASF9
 401 0081 02       		.uleb128 0x2
 402 0082 08       		.byte	0x8
 403 0083 04       		.byte	0x4
 404 0084 FF000000 		.4byte	.LASF10
 405 0088 02       		.uleb128 0x2
 406 0089 01       		.byte	0x1
 407 008a 08       		.byte	0x8
 408 008b 52010000 		.4byte	.LASF11
 409 008f 02       		.uleb128 0x2
 410 0090 04       		.byte	0x4
 411 0091 07       		.byte	0x7
 412 0092 3B010000 		.4byte	.LASF12
 413 0096 05       		.uleb128 0x5
 414 0097 01       		.byte	0x1
 415 0098 D4000000 		.4byte	.LASF26
 416 009c 01       		.byte	0x1
 417 009d 13       		.byte	0x13
 418 009e 01       		.byte	0x1
 419 009f 00000000 		.4byte	.LFB33
 420 00a3 0C000000 		.4byte	.LFE33
 421 00a7 00000000 		.4byte	.LLST0
 422 00ab 01       		.byte	0x1
 423 00ac 06       		.uleb128 0x6
 424 00ad 01       		.byte	0x1
 425 00ae D8010000 		.4byte	.LASF16
 426 00b2 01       		.byte	0x1
 427 00b3 1B       		.byte	0x1b
 428 00b4 01       		.byte	0x1
 429 00b5 00000000 		.4byte	.LFB34
 430 00b9 74000000 		.4byte	.LFE34
 431 00bd 2C000000 		.4byte	.LLST1
 432 00c1 01       		.byte	0x1
 433 00c2 0A010000 		.4byte	0x10a
 434 00c6 07       		.uleb128 0x7
 435 00c7 494400   		.ascii	"ID\000"
 436 00ca 01       		.byte	0x1
 437 00cb 1B       		.byte	0x1b
 438 00cc 6F000000 		.4byte	0x6f
 439 00d0 02       		.byte	0x2
 440 00d1 91       		.byte	0x91
 441 00d2 67       		.sleb128 -25
 442 00d3 08       		.uleb128 0x8
 443 00d4 E5010000 		.4byte	.LASF13
 444 00d8 01       		.byte	0x1
 445 00d9 1B       		.byte	0x1b
 446 00da 6F000000 		.4byte	0x6f
 447 00de 02       		.byte	0x2
 448 00df 91       		.byte	0x91
 449 00e0 66       		.sleb128 -26
 450 00e1 08       		.uleb128 0x8
 451 00e2 00000000 		.4byte	.LASF14
 452 00e6 01       		.byte	0x1
 453 00e7 1B       		.byte	0x1b
 454 00e8 6F000000 		.4byte	0x6f
 455 00ec 02       		.byte	0x2
ARM GAS  C:\Users\Jeppe\AppData\Local\Temp\ccKKcpgg.s 			page 11


 456 00ed 91       		.byte	0x91
 457 00ee 65       		.sleb128 -27
 458 00ef 08       		.uleb128 0x8
 459 00f0 34010000 		.4byte	.LASF15
 460 00f4 01       		.byte	0x1
 461 00f5 1B       		.byte	0x1b
 462 00f6 6F000000 		.4byte	0x6f
 463 00fa 02       		.byte	0x2
 464 00fb 91       		.byte	0x91
 465 00fc 64       		.sleb128 -28
 466 00fd 09       		.uleb128 0x9
 467 00fe 6900     		.ascii	"i\000"
 468 0100 01       		.byte	0x1
 469 0101 24       		.byte	0x24
 470 0102 61000000 		.4byte	0x61
 471 0106 02       		.byte	0x2
 472 0107 91       		.byte	0x91
 473 0108 6C       		.sleb128 -20
 474 0109 00       		.byte	0
 475 010a 0A       		.uleb128 0xa
 476 010b 01       		.byte	0x1
 477 010c B2000000 		.4byte	.LASF17
 478 0110 01       		.byte	0x1
 479 0111 2D       		.byte	0x2d
 480 0112 01       		.byte	0x1
 481 0113 00000000 		.4byte	.LFB35
 482 0117 10010000 		.4byte	.LFE35
 483 011b 64000000 		.4byte	.LLST2
 484 011f 01       		.byte	0x1
 485 0120 69010000 		.4byte	0x169
 486 0124 0B       		.uleb128 0xb
 487 0125 A7000000 		.4byte	.LASF18
 488 0129 01       		.byte	0x1
 489 012a 30       		.byte	0x30
 490 012b 69010000 		.4byte	0x169
 491 012f 02       		.byte	0x2
 492 0130 91       		.byte	0x91
 493 0131 6C       		.sleb128 -20
 494 0132 0B       		.uleb128 0xb
 495 0133 2A010000 		.4byte	.LASF19
 496 0137 01       		.byte	0x1
 497 0138 31       		.byte	0x31
 498 0139 69010000 		.4byte	0x169
 499 013d 02       		.byte	0x2
 500 013e 91       		.byte	0x91
 501 013f 64       		.sleb128 -28
 502 0140 0B       		.uleb128 0xb
 503 0141 07000000 		.4byte	.LASF20
 504 0145 01       		.byte	0x1
 505 0146 32       		.byte	0x32
 506 0147 69010000 		.4byte	0x169
 507 014b 02       		.byte	0x2
 508 014c 91       		.byte	0x91
 509 014d 5C       		.sleb128 -36
 510 014e 0B       		.uleb128 0xb
 511 014f F5000000 		.4byte	.LASF21
 512 0153 01       		.byte	0x1
ARM GAS  C:\Users\Jeppe\AppData\Local\Temp\ccKKcpgg.s 			page 12


 513 0154 33       		.byte	0x33
 514 0155 69010000 		.4byte	0x169
 515 0159 02       		.byte	0x2
 516 015a 91       		.byte	0x91
 517 015b 54       		.sleb128 -44
 518 015c 09       		.uleb128 0x9
 519 015d 6900     		.ascii	"i\000"
 520 015f 01       		.byte	0x1
 521 0160 69       		.byte	0x69
 522 0161 61000000 		.4byte	0x61
 523 0165 02       		.byte	0x2
 524 0166 91       		.byte	0x91
 525 0167 74       		.sleb128 -12
 526 0168 00       		.byte	0
 527 0169 0C       		.uleb128 0xc
 528 016a 88000000 		.4byte	0x88
 529 016e 79010000 		.4byte	0x179
 530 0172 0D       		.uleb128 0xd
 531 0173 8F000000 		.4byte	0x8f
 532 0177 05       		.byte	0x5
 533 0178 00       		.byte	0
 534 0179 0C       		.uleb128 0xc
 535 017a 88000000 		.4byte	0x88
 536 017e 89010000 		.4byte	0x189
 537 0182 0D       		.uleb128 0xd
 538 0183 8F000000 		.4byte	0x8f
 539 0187 0F       		.byte	0xf
 540 0188 00       		.byte	0
 541 0189 0E       		.uleb128 0xe
 542 018a 57010000 		.4byte	.LASF27
 543 018e 01       		.byte	0x1
 544 018f 11       		.byte	0x11
 545 0190 79010000 		.4byte	0x179
 546 0194 01       		.byte	0x1
 547 0195 05       		.byte	0x5
 548 0196 03       		.byte	0x3
 549 0197 00000000 		.4byte	dataArray
 550 019b 00       		.byte	0
 551              		.section	.debug_abbrev,"",%progbits
 552              	.Ldebug_abbrev0:
 553 0000 01       		.uleb128 0x1
 554 0001 11       		.uleb128 0x11
 555 0002 01       		.byte	0x1
 556 0003 25       		.uleb128 0x25
 557 0004 0E       		.uleb128 0xe
 558 0005 13       		.uleb128 0x13
 559 0006 0B       		.uleb128 0xb
 560 0007 03       		.uleb128 0x3
 561 0008 0E       		.uleb128 0xe
 562 0009 1B       		.uleb128 0x1b
 563 000a 0E       		.uleb128 0xe
 564 000b 55       		.uleb128 0x55
 565 000c 06       		.uleb128 0x6
 566 000d 11       		.uleb128 0x11
 567 000e 01       		.uleb128 0x1
 568 000f 52       		.uleb128 0x52
 569 0010 01       		.uleb128 0x1
ARM GAS  C:\Users\Jeppe\AppData\Local\Temp\ccKKcpgg.s 			page 13


 570 0011 10       		.uleb128 0x10
 571 0012 06       		.uleb128 0x6
 572 0013 00       		.byte	0
 573 0014 00       		.byte	0
 574 0015 02       		.uleb128 0x2
 575 0016 24       		.uleb128 0x24
 576 0017 00       		.byte	0
 577 0018 0B       		.uleb128 0xb
 578 0019 0B       		.uleb128 0xb
 579 001a 3E       		.uleb128 0x3e
 580 001b 0B       		.uleb128 0xb
 581 001c 03       		.uleb128 0x3
 582 001d 0E       		.uleb128 0xe
 583 001e 00       		.byte	0
 584 001f 00       		.byte	0
 585 0020 03       		.uleb128 0x3
 586 0021 24       		.uleb128 0x24
 587 0022 00       		.byte	0
 588 0023 0B       		.uleb128 0xb
 589 0024 0B       		.uleb128 0xb
 590 0025 3E       		.uleb128 0x3e
 591 0026 0B       		.uleb128 0xb
 592 0027 03       		.uleb128 0x3
 593 0028 08       		.uleb128 0x8
 594 0029 00       		.byte	0
 595 002a 00       		.byte	0
 596 002b 04       		.uleb128 0x4
 597 002c 16       		.uleb128 0x16
 598 002d 00       		.byte	0
 599 002e 03       		.uleb128 0x3
 600 002f 0E       		.uleb128 0xe
 601 0030 3A       		.uleb128 0x3a
 602 0031 0B       		.uleb128 0xb
 603 0032 3B       		.uleb128 0x3b
 604 0033 0B       		.uleb128 0xb
 605 0034 49       		.uleb128 0x49
 606 0035 13       		.uleb128 0x13
 607 0036 00       		.byte	0
 608 0037 00       		.byte	0
 609 0038 05       		.uleb128 0x5
 610 0039 2E       		.uleb128 0x2e
 611 003a 00       		.byte	0
 612 003b 3F       		.uleb128 0x3f
 613 003c 0C       		.uleb128 0xc
 614 003d 03       		.uleb128 0x3
 615 003e 0E       		.uleb128 0xe
 616 003f 3A       		.uleb128 0x3a
 617 0040 0B       		.uleb128 0xb
 618 0041 3B       		.uleb128 0x3b
 619 0042 0B       		.uleb128 0xb
 620 0043 27       		.uleb128 0x27
 621 0044 0C       		.uleb128 0xc
 622 0045 11       		.uleb128 0x11
 623 0046 01       		.uleb128 0x1
 624 0047 12       		.uleb128 0x12
 625 0048 01       		.uleb128 0x1
 626 0049 40       		.uleb128 0x40
ARM GAS  C:\Users\Jeppe\AppData\Local\Temp\ccKKcpgg.s 			page 14


 627 004a 06       		.uleb128 0x6
 628 004b 9642     		.uleb128 0x2116
 629 004d 0C       		.uleb128 0xc
 630 004e 00       		.byte	0
 631 004f 00       		.byte	0
 632 0050 06       		.uleb128 0x6
 633 0051 2E       		.uleb128 0x2e
 634 0052 01       		.byte	0x1
 635 0053 3F       		.uleb128 0x3f
 636 0054 0C       		.uleb128 0xc
 637 0055 03       		.uleb128 0x3
 638 0056 0E       		.uleb128 0xe
 639 0057 3A       		.uleb128 0x3a
 640 0058 0B       		.uleb128 0xb
 641 0059 3B       		.uleb128 0x3b
 642 005a 0B       		.uleb128 0xb
 643 005b 27       		.uleb128 0x27
 644 005c 0C       		.uleb128 0xc
 645 005d 11       		.uleb128 0x11
 646 005e 01       		.uleb128 0x1
 647 005f 12       		.uleb128 0x12
 648 0060 01       		.uleb128 0x1
 649 0061 40       		.uleb128 0x40
 650 0062 06       		.uleb128 0x6
 651 0063 9742     		.uleb128 0x2117
 652 0065 0C       		.uleb128 0xc
 653 0066 01       		.uleb128 0x1
 654 0067 13       		.uleb128 0x13
 655 0068 00       		.byte	0
 656 0069 00       		.byte	0
 657 006a 07       		.uleb128 0x7
 658 006b 05       		.uleb128 0x5
 659 006c 00       		.byte	0
 660 006d 03       		.uleb128 0x3
 661 006e 08       		.uleb128 0x8
 662 006f 3A       		.uleb128 0x3a
 663 0070 0B       		.uleb128 0xb
 664 0071 3B       		.uleb128 0x3b
 665 0072 0B       		.uleb128 0xb
 666 0073 49       		.uleb128 0x49
 667 0074 13       		.uleb128 0x13
 668 0075 02       		.uleb128 0x2
 669 0076 0A       		.uleb128 0xa
 670 0077 00       		.byte	0
 671 0078 00       		.byte	0
 672 0079 08       		.uleb128 0x8
 673 007a 05       		.uleb128 0x5
 674 007b 00       		.byte	0
 675 007c 03       		.uleb128 0x3
 676 007d 0E       		.uleb128 0xe
 677 007e 3A       		.uleb128 0x3a
 678 007f 0B       		.uleb128 0xb
 679 0080 3B       		.uleb128 0x3b
 680 0081 0B       		.uleb128 0xb
 681 0082 49       		.uleb128 0x49
 682 0083 13       		.uleb128 0x13
 683 0084 02       		.uleb128 0x2
ARM GAS  C:\Users\Jeppe\AppData\Local\Temp\ccKKcpgg.s 			page 15


 684 0085 0A       		.uleb128 0xa
 685 0086 00       		.byte	0
 686 0087 00       		.byte	0
 687 0088 09       		.uleb128 0x9
 688 0089 34       		.uleb128 0x34
 689 008a 00       		.byte	0
 690 008b 03       		.uleb128 0x3
 691 008c 08       		.uleb128 0x8
 692 008d 3A       		.uleb128 0x3a
 693 008e 0B       		.uleb128 0xb
 694 008f 3B       		.uleb128 0x3b
 695 0090 0B       		.uleb128 0xb
 696 0091 49       		.uleb128 0x49
 697 0092 13       		.uleb128 0x13
 698 0093 02       		.uleb128 0x2
 699 0094 0A       		.uleb128 0xa
 700 0095 00       		.byte	0
 701 0096 00       		.byte	0
 702 0097 0A       		.uleb128 0xa
 703 0098 2E       		.uleb128 0x2e
 704 0099 01       		.byte	0x1
 705 009a 3F       		.uleb128 0x3f
 706 009b 0C       		.uleb128 0xc
 707 009c 03       		.uleb128 0x3
 708 009d 0E       		.uleb128 0xe
 709 009e 3A       		.uleb128 0x3a
 710 009f 0B       		.uleb128 0xb
 711 00a0 3B       		.uleb128 0x3b
 712 00a1 0B       		.uleb128 0xb
 713 00a2 27       		.uleb128 0x27
 714 00a3 0C       		.uleb128 0xc
 715 00a4 11       		.uleb128 0x11
 716 00a5 01       		.uleb128 0x1
 717 00a6 12       		.uleb128 0x12
 718 00a7 01       		.uleb128 0x1
 719 00a8 40       		.uleb128 0x40
 720 00a9 06       		.uleb128 0x6
 721 00aa 9642     		.uleb128 0x2116
 722 00ac 0C       		.uleb128 0xc
 723 00ad 01       		.uleb128 0x1
 724 00ae 13       		.uleb128 0x13
 725 00af 00       		.byte	0
 726 00b0 00       		.byte	0
 727 00b1 0B       		.uleb128 0xb
 728 00b2 34       		.uleb128 0x34
 729 00b3 00       		.byte	0
 730 00b4 03       		.uleb128 0x3
 731 00b5 0E       		.uleb128 0xe
 732 00b6 3A       		.uleb128 0x3a
 733 00b7 0B       		.uleb128 0xb
 734 00b8 3B       		.uleb128 0x3b
 735 00b9 0B       		.uleb128 0xb
 736 00ba 49       		.uleb128 0x49
 737 00bb 13       		.uleb128 0x13
 738 00bc 02       		.uleb128 0x2
 739 00bd 0A       		.uleb128 0xa
 740 00be 00       		.byte	0
ARM GAS  C:\Users\Jeppe\AppData\Local\Temp\ccKKcpgg.s 			page 16


 741 00bf 00       		.byte	0
 742 00c0 0C       		.uleb128 0xc
 743 00c1 01       		.uleb128 0x1
 744 00c2 01       		.byte	0x1
 745 00c3 49       		.uleb128 0x49
 746 00c4 13       		.uleb128 0x13
 747 00c5 01       		.uleb128 0x1
 748 00c6 13       		.uleb128 0x13
 749 00c7 00       		.byte	0
 750 00c8 00       		.byte	0
 751 00c9 0D       		.uleb128 0xd
 752 00ca 21       		.uleb128 0x21
 753 00cb 00       		.byte	0
 754 00cc 49       		.uleb128 0x49
 755 00cd 13       		.uleb128 0x13
 756 00ce 2F       		.uleb128 0x2f
 757 00cf 0B       		.uleb128 0xb
 758 00d0 00       		.byte	0
 759 00d1 00       		.byte	0
 760 00d2 0E       		.uleb128 0xe
 761 00d3 34       		.uleb128 0x34
 762 00d4 00       		.byte	0
 763 00d5 03       		.uleb128 0x3
 764 00d6 0E       		.uleb128 0xe
 765 00d7 3A       		.uleb128 0x3a
 766 00d8 0B       		.uleb128 0xb
 767 00d9 3B       		.uleb128 0x3b
 768 00da 0B       		.uleb128 0xb
 769 00db 49       		.uleb128 0x49
 770 00dc 13       		.uleb128 0x13
 771 00dd 3F       		.uleb128 0x3f
 772 00de 0C       		.uleb128 0xc
 773 00df 02       		.uleb128 0x2
 774 00e0 0A       		.uleb128 0xa
 775 00e1 00       		.byte	0
 776 00e2 00       		.byte	0
 777 00e3 00       		.byte	0
 778              		.section	.debug_loc,"",%progbits
 779              	.Ldebug_loc0:
 780              	.LLST0:
 781 0000 00000000 		.4byte	.LFB33
 782 0004 02000000 		.4byte	.LCFI0
 783 0008 0200     		.2byte	0x2
 784 000a 7D       		.byte	0x7d
 785 000b 00       		.sleb128 0
 786 000c 02000000 		.4byte	.LCFI0
 787 0010 04000000 		.4byte	.LCFI1
 788 0014 0200     		.2byte	0x2
 789 0016 7D       		.byte	0x7d
 790 0017 08       		.sleb128 8
 791 0018 04000000 		.4byte	.LCFI1
 792 001c 0C000000 		.4byte	.LFE33
 793 0020 0200     		.2byte	0x2
 794 0022 77       		.byte	0x77
 795 0023 08       		.sleb128 8
 796 0024 00000000 		.4byte	0
 797 0028 00000000 		.4byte	0
ARM GAS  C:\Users\Jeppe\AppData\Local\Temp\ccKKcpgg.s 			page 17


 798              	.LLST1:
 799 002c 00000000 		.4byte	.LFB34
 800 0030 02000000 		.4byte	.LCFI2
 801 0034 0200     		.2byte	0x2
 802 0036 7D       		.byte	0x7d
 803 0037 00       		.sleb128 0
 804 0038 02000000 		.4byte	.LCFI2
 805 003c 04000000 		.4byte	.LCFI3
 806 0040 0200     		.2byte	0x2
 807 0042 7D       		.byte	0x7d
 808 0043 0C       		.sleb128 12
 809 0044 04000000 		.4byte	.LCFI3
 810 0048 06000000 		.4byte	.LCFI4
 811 004c 0200     		.2byte	0x2
 812 004e 7D       		.byte	0x7d
 813 004f 20       		.sleb128 32
 814 0050 06000000 		.4byte	.LCFI4
 815 0054 74000000 		.4byte	.LFE34
 816 0058 0200     		.2byte	0x2
 817 005a 77       		.byte	0x77
 818 005b 20       		.sleb128 32
 819 005c 00000000 		.4byte	0
 820 0060 00000000 		.4byte	0
 821              	.LLST2:
 822 0064 00000000 		.4byte	.LFB35
 823 0068 02000000 		.4byte	.LCFI5
 824 006c 0200     		.2byte	0x2
 825 006e 7D       		.byte	0x7d
 826 006f 00       		.sleb128 0
 827 0070 02000000 		.4byte	.LCFI5
 828 0074 04000000 		.4byte	.LCFI6
 829 0078 0200     		.2byte	0x2
 830 007a 7D       		.byte	0x7d
 831 007b 08       		.sleb128 8
 832 007c 04000000 		.4byte	.LCFI6
 833 0080 06000000 		.4byte	.LCFI7
 834 0084 0200     		.2byte	0x2
 835 0086 7D       		.byte	0x7d
 836 0087 30       		.sleb128 48
 837 0088 06000000 		.4byte	.LCFI7
 838 008c 10010000 		.4byte	.LFE35
 839 0090 0200     		.2byte	0x2
 840 0092 77       		.byte	0x77
 841 0093 30       		.sleb128 48
 842 0094 00000000 		.4byte	0
 843 0098 00000000 		.4byte	0
 844              		.section	.debug_aranges,"",%progbits
 845 0000 2C000000 		.4byte	0x2c
 846 0004 0200     		.2byte	0x2
 847 0006 00000000 		.4byte	.Ldebug_info0
 848 000a 04       		.byte	0x4
 849 000b 00       		.byte	0
 850 000c 0000     		.2byte	0
 851 000e 0000     		.2byte	0
 852 0010 00000000 		.4byte	.LFB33
 853 0014 0C000000 		.4byte	.LFE33-.LFB33
 854 0018 00000000 		.4byte	.LFB34
ARM GAS  C:\Users\Jeppe\AppData\Local\Temp\ccKKcpgg.s 			page 18


 855 001c 74000000 		.4byte	.LFE34-.LFB34
 856 0020 00000000 		.4byte	.LFB35
 857 0024 10010000 		.4byte	.LFE35-.LFB35
 858 0028 00000000 		.4byte	0
 859 002c 00000000 		.4byte	0
 860              		.section	.debug_ranges,"",%progbits
 861              	.Ldebug_ranges0:
 862 0000 00000000 		.4byte	.LFB33
 863 0004 0C000000 		.4byte	.LFE33
 864 0008 00000000 		.4byte	.LFB34
 865 000c 74000000 		.4byte	.LFE34
 866 0010 00000000 		.4byte	.LFB35
 867 0014 10010000 		.4byte	.LFE35
 868 0018 00000000 		.4byte	0
 869 001c 00000000 		.4byte	0
 870              		.section	.debug_line,"",%progbits
 871              	.Ldebug_line0:
 872 0000 CE000000 		.section	.debug_str,"MS",%progbits,1
 872      02004B00 
 872      00000201 
 872      FB0E0D00 
 872      01010101 
 873              	.LASF14:
 874 0000 795F6461 		.ascii	"y_data\000"
 874      746100
 875              	.LASF20:
 876 0007 70726F78 		.ascii	"proxArray\000"
 876      41727261 
 876      7900
 877              	.LASF3:
 878 0011 73686F72 		.ascii	"short unsigned int\000"
 878      7420756E 
 878      7369676E 
 878      65642069 
 878      6E7400
 879              	.LASF24:
 880 0024 433A5C55 		.ascii	"C:\\Users\\Jeppe\\Documents\\Engineer\\3_Semester\\"
 880      73657273 
 880      5C4A6570 
 880      70655C44 
 880      6F63756D 
 881 0051 45335052 		.ascii	"E3PRJ3\\Design og implementering\\Body SW\\Body_mai"
 881      4A335C44 
 881      65736967 
 881      6E206F67 
 881      20696D70 
 882 0081 6E5F5665 		.ascii	"n_Version_4\\Body_main\\Body_main.cydsn\000"
 882      7273696F 
 882      6E5F345C 
 882      426F6479 
 882      5F6D6169 
 883              	.LASF18:
 884 00a7 61636365 		.ascii	"accelArray\000"
 884      6C417272 
 884      617900
 885              	.LASF17:
 886 00b2 73656E64 		.ascii	"sendDataArray\000"
ARM GAS  C:\Users\Jeppe\AppData\Local\Temp\ccKKcpgg.s 			page 19


 886      44617461 
 886      41727261 
 886      7900
 887              	.LASF9:
 888 00c0 666C6F61 		.ascii	"float\000"
 888      7400
 889              	.LASF1:
 890 00c6 756E7369 		.ascii	"unsigned char\000"
 890      676E6564 
 890      20636861 
 890      7200
 891              	.LASF26:
 892 00d4 696E6974 		.ascii	"initUART\000"
 892      55415254 
 892      00
 893              	.LASF5:
 894 00dd 6C6F6E67 		.ascii	"long unsigned int\000"
 894      20756E73 
 894      69676E65 
 894      6420696E 
 894      7400
 895              	.LASF25:
 896 00ef 75696E74 		.ascii	"uint8\000"
 896      3800
 897              	.LASF21:
 898 00f5 666C6578 		.ascii	"flexArray\000"
 898      41727261 
 898      7900
 899              	.LASF10:
 900 00ff 646F7562 		.ascii	"double\000"
 900      6C6500
 901              	.LASF8:
 902 0106 756E7369 		.ascii	"unsigned int\000"
 902      676E6564 
 902      20696E74 
 902      00
 903              	.LASF7:
 904 0113 6C6F6E67 		.ascii	"long long unsigned int\000"
 904      206C6F6E 
 904      6720756E 
 904      7369676E 
 904      65642069 
 905              	.LASF19:
 906 012a 6779726F 		.ascii	"gyroArray\000"
 906      41727261 
 906      7900
 907              	.LASF15:
 908 0134 7A5F6461 		.ascii	"z_data\000"
 908      746100
 909              	.LASF12:
 910 013b 73697A65 		.ascii	"sizetype\000"
 910      74797065 
 910      00
 911              	.LASF6:
 912 0144 6C6F6E67 		.ascii	"long long int\000"
 912      206C6F6E 
 912      6720696E 
ARM GAS  C:\Users\Jeppe\AppData\Local\Temp\ccKKcpgg.s 			page 20


 912      7400
 913              	.LASF11:
 914 0152 63686172 		.ascii	"char\000"
 914      00
 915              	.LASF27:
 916 0157 64617461 		.ascii	"dataArray\000"
 916      41727261 
 916      7900
 917              	.LASF2:
 918 0161 73686F72 		.ascii	"short int\000"
 918      7420696E 
 918      7400
 919              	.LASF22:
 920 016b 474E5520 		.ascii	"GNU C 4.7.3 20130312 (release) [ARM/embedded-4_7-br"
 920      4320342E 
 920      372E3320 
 920      32303133 
 920      30333132 
 921 019e 616E6368 		.ascii	"anch revision 196615]\000"
 921      20726576 
 921      6973696F 
 921      6E203139 
 921      36363135 
 922              	.LASF23:
 923 01b4 2E5C5365 		.ascii	".\\SerialUnit.c\000"
 923      7269616C 
 923      556E6974 
 923      2E6300
 924              	.LASF4:
 925 01c3 6C6F6E67 		.ascii	"long int\000"
 925      20696E74 
 925      00
 926              	.LASF0:
 927 01cc 7369676E 		.ascii	"signed char\000"
 927      65642063 
 927      68617200 
 928              	.LASF16:
 929 01d8 73657464 		.ascii	"setdataArray\000"
 929      61746141 
 929      72726179 
 929      00
 930              	.LASF13:
 931 01e5 785F6461 		.ascii	"x_data\000"
 931      746100
 932              		.ident	"GCC: (GNU Tools for ARM Embedded Processors) 4.7.3 20130312 (release) [ARM/embedded-4_7-br
