--------------- Build Started: 12/08/2014 15:45:35 Project: Body_main, Configuration: ARM GCC 4.7.3 Debug ---------------
The code generation step is up to date.
arm-none-eabi-gcc.exe -I. -I./Generated_Source/PSoC4 -Wno-main -mcpu=cortex-m0 -mthumb -Wall -g -D DEBUG -Wa,-alh=.\CortexM0\ARM_GCC_473\Debug\main.lst -ffunction-sections -c .\main.c -o .\CortexM0\ARM_GCC_473\Debug\main.o
.\main.c: In function 'readI2C':
.\main.c:163:1: warning: control reaches end of non-void function [-Wreturn-type]
.\main.c: In function 'readAllSensors':
.\main.c:142:1: warning: control reaches end of non-void function [-Wreturn-type]
.\main.c: In function 'main':
.\main.c:114:1: warning: control reaches end of non-void function [-Wreturn-type]
arm-none-eabi-gcc.exe -I. -I./Generated_Source/PSoC4 -Wno-main -mcpu=cortex-m0 -mthumb -Wall -g -D DEBUG -Wa,-alh=.\CortexM0\ARM_GCC_473\Debug\cyfitter_cfg.lst -ffunction-sections -c .\Generated_Source\PSoC4\cyfitter_cfg.c -o .\CortexM0\ARM_GCC_473\Debug\cyfitter_cfg.o
arm-none-eabi-gcc.exe -I. -I./Generated_Source/PSoC4 -Wno-main -mcpu=cortex-m0 -mthumb -Wall -g -D DEBUG -Wa,-alh=.\CortexM0\ARM_GCC_473\Debug\cymetadata.lst -ffunction-sections -c .\Generated_Source\PSoC4\cymetadata.c -o .\CortexM0\ARM_GCC_473\Debug\cymetadata.o
arm-none-eabi-gcc.exe -I. -I./Generated_Source/PSoC4 -Wno-main -mcpu=cortex-m0 -mthumb -Wall -g -D DEBUG -Wa,-alh=.\CortexM0\ARM_GCC_473\Debug\I2C_1.lst -ffunction-sections -c .\Generated_Source\PSoC4\I2C_1.c -o .\CortexM0\ARM_GCC_473\Debug\I2C_1.o
arm-none-eabi-gcc.exe -I. -I./Generated_Source/PSoC4 -Wno-main -mcpu=cortex-m0 -mthumb -Wall -g -D DEBUG -Wa,-alh=.\CortexM0\ARM_GCC_473\Debug\I2C_1_I2C_INT.lst -ffunction-sections -c .\Generated_Source\PSoC4\I2C_1_I2C_INT.c -o .\CortexM0\ARM_GCC_473\Debug\I2C_1_I2C_INT.o
arm-none-eabi-gcc.exe -I. -I./Generated_Source/PSoC4 -Wno-main -mcpu=cortex-m0 -mthumb -Wall -g -D DEBUG -Wa,-alh=.\CortexM0\ARM_GCC_473\Debug\I2C_1_I2C.lst -ffunction-sections -c .\Generated_Source\PSoC4\I2C_1_I2C.c -o .\CortexM0\ARM_GCC_473\Debug\I2C_1_I2C.o
arm-none-eabi-gcc.exe -I. -I./Generated_Source/PSoC4 -Wno-main -mcpu=cortex-m0 -mthumb -Wall -g -D DEBUG -Wa,-alh=.\CortexM0\ARM_GCC_473\Debug\I2C_1_I2C_BOOT.lst -ffunction-sections -c .\Generated_Source\PSoC4\I2C_1_I2C_BOOT.c -o .\CortexM0\ARM_GCC_473\Debug\I2C_1_I2C_BOOT.o
arm-none-eabi-gcc.exe -I. -I./Generated_Source/PSoC4 -Wno-main -mcpu=cortex-m0 -mthumb -Wall -g -D DEBUG -Wa,-alh=.\CortexM0\ARM_GCC_473\Debug\I2C_1_I2C_MASTER.lst -ffunction-sections -c .\Generated_Source\PSoC4\I2C_1_I2C_MASTER.c -o .\CortexM0\ARM_GCC_473\Debug\I2C_1_I2C_MASTER.o
arm-none-eabi-gcc.exe -I. -I./Generated_Source/PSoC4 -Wno-main -mcpu=cortex-m0 -mthumb -Wall -g -D DEBUG -Wa,-alh=.\CortexM0\ARM_GCC_473\Debug\I2C_1_PM.lst -ffunction-sections -c .\Generated_Source\PSoC4\I2C_1_PM.c -o .\CortexM0\ARM_GCC_473\Debug\I2C_1_PM.o
arm-none-eabi-gcc.exe -I. -I./Generated_Source/PSoC4 -Wno-main -mcpu=cortex-m0 -mthumb -Wall -g -D DEBUG -Wa,-alh=.\CortexM0\ARM_GCC_473\Debug\I2C_1_BOOT.lst -ffunction-sections -c .\Generated_Source\PSoC4\I2C_1_BOOT.c -o .\CortexM0\ARM_GCC_473\Debug\I2C_1_BOOT.o
arm-none-eabi-gcc.exe -I. -I./Generated_Source/PSoC4 -Wno-main -mcpu=cortex-m0 -mthumb -Wall -g -D DEBUG -Wa,-alh=.\CortexM0\ARM_GCC_473\Debug\UART_1.lst -ffunction-sections -c .\Generated_Source\PSoC4\UART_1.c -o .\CortexM0\ARM_GCC_473\Debug\UART_1.o
arm-none-eabi-gcc.exe -I. -I./Generated_Source/PSoC4 -Wno-main -mcpu=cortex-m0 -mthumb -Wall -g -D DEBUG -Wa,-alh=.\CortexM0\ARM_GCC_473\Debug\UART_1_SPI_UART.lst -ffunction-sections -c .\Generated_Source\PSoC4\UART_1_SPI_UART.c -o .\CortexM0\ARM_GCC_473\Debug\UART_1_SPI_UART.o
arm-none-eabi-gcc.exe -I. -I./Generated_Source/PSoC4 -Wno-main -mcpu=cortex-m0 -mthumb -Wall -g -D DEBUG -Wa,-alh=.\CortexM0\ARM_GCC_473\Debug\UART_1_SPI_UART_INT.lst -ffunction-sections -c .\Generated_Source\PSoC4\UART_1_SPI_UART_INT.c -o .\CortexM0\ARM_GCC_473\Debug\UART_1_SPI_UART_INT.o
arm-none-eabi-gcc.exe -I. -I./Generated_Source/PSoC4 -Wno-main -mcpu=cortex-m0 -mthumb -Wall -g -D DEBUG -Wa,-alh=.\CortexM0\ARM_GCC_473\Debug\UART_1_PM.lst -ffunction-sections -c .\Generated_Source\PSoC4\UART_1_PM.c -o .\CortexM0\ARM_GCC_473\Debug\UART_1_PM.o
arm-none-eabi-gcc.exe -I. -I./Generated_Source/PSoC4 -Wno-main -mcpu=cortex-m0 -mthumb -Wall -g -D DEBUG -Wa,-alh=.\CortexM0\ARM_GCC_473\Debug\UART_1_UART.lst -ffunction-sections -c .\Generated_Source\PSoC4\UART_1_UART.c -o .\CortexM0\ARM_GCC_473\Debug\UART_1_UART.o
arm-none-eabi-gcc.exe -I. -I./Generated_Source/PSoC4 -Wno-main -mcpu=cortex-m0 -mthumb -Wall -g -D DEBUG -Wa,-alh=.\CortexM0\ARM_GCC_473\Debug\UART_1_BOOT.lst -ffunction-sections -c .\Generated_Source\PSoC4\UART_1_BOOT.c -o .\CortexM0\ARM_GCC_473\Debug\UART_1_BOOT.o
arm-none-eabi-gcc.exe -I. -I./Generated_Source/PSoC4 -Wno-main -mcpu=cortex-m0 -mthumb -Wall -g -D DEBUG -Wa,-alh=.\CortexM0\ARM_GCC_473\Debug\UART_1_UART_BOOT.lst -ffunction-sections -c .\Generated_Source\PSoC4\UART_1_UART_BOOT.c -o .\CortexM0\ARM_GCC_473\Debug\UART_1_UART_BOOT.o
arm-none-eabi-gcc.exe -I. -I./Generated_Source/PSoC4 -Wno-main -mcpu=cortex-m0 -mthumb -Wall -g -D DEBUG -Wa,-alh=.\CortexM0\ARM_GCC_473\Debug\I2C_1_sda.lst -ffunction-sections -c .\Generated_Source\PSoC4\I2C_1_sda.c -o .\CortexM0\ARM_GCC_473\Debug\I2C_1_sda.o
arm-none-eabi-gcc.exe -I. -I./Generated_Source/PSoC4 -Wno-main -mcpu=cortex-m0 -mthumb -Wall -g -D DEBUG -Wa,-alh=.\CortexM0\ARM_GCC_473\Debug\I2C_1_scl.lst -ffunction-sections -c .\Generated_Source\PSoC4\I2C_1_scl.c -o .\CortexM0\ARM_GCC_473\Debug\I2C_1_scl.o
arm-none-eabi-gcc.exe -I. -I./Generated_Source/PSoC4 -Wno-main -mcpu=cortex-m0 -mthumb -Wall -g -D DEBUG -Wa,-alh=.\CortexM0\ARM_GCC_473\Debug\UART_1_tx.lst -ffunction-sections -c .\Generated_Source\PSoC4\UART_1_tx.c -o .\CortexM0\ARM_GCC_473\Debug\UART_1_tx.o
arm-none-eabi-gcc.exe -I. -I./Generated_Source/PSoC4 -Wno-main -mcpu=cortex-m0 -mthumb -Wall -g -D DEBUG -Wa,-alh=.\CortexM0\ARM_GCC_473\Debug\UART_1_rx.lst -ffunction-sections -c .\Generated_Source\PSoC4\UART_1_rx.c -o .\CortexM0\ARM_GCC_473\Debug\UART_1_rx.o
arm-none-eabi-gcc.exe -I. -I./Generated_Source/PSoC4 -Wno-main -mcpu=cortex-m0 -mthumb -Wall -g -D DEBUG -Wa,-alh=.\CortexM0\ARM_GCC_473\Debug\Cm0Start.lst -ffunction-sections -c .\Generated_Source\PSoC4\Cm0Start.c -o .\CortexM0\ARM_GCC_473\Debug\Cm0Start.o
arm-none-eabi-as.exe -I. -I./Generated_Source/PSoC4 -mcpu=cortex-m0 -mthumb -g -alh=.\CortexM0\ARM_GCC_473\Debug/CyBootAsmGnu.lst -o .\CortexM0\ARM_GCC_473\Debug\CyBootAsmGnu.o .\Generated_Source\PSoC4\CyBootAsmGnu.s
arm-none-eabi-gcc.exe -I. -I./Generated_Source/PSoC4 -Wno-main -mcpu=cortex-m0 -mthumb -Wall -g -D DEBUG -Wa,-alh=.\CortexM0\ARM_GCC_473\Debug\CyFlash.lst -ffunction-sections -c .\Generated_Source\PSoC4\CyFlash.c -o .\CortexM0\ARM_GCC_473\Debug\CyFlash.o
arm-none-eabi-gcc.exe -I. -I./Generated_Source/PSoC4 -Wno-main -mcpu=cortex-m0 -mthumb -Wall -g -D DEBUG -Wa,-alh=.\CortexM0\ARM_GCC_473\Debug\CyLib.lst -ffunction-sections -c .\Generated_Source\PSoC4\CyLib.c -o .\CortexM0\ARM_GCC_473\Debug\CyLib.o
arm-none-eabi-gcc.exe -I. -I./Generated_Source/PSoC4 -Wno-main -mcpu=cortex-m0 -mthumb -Wall -g -D DEBUG -Wa,-alh=.\CortexM0\ARM_GCC_473\Debug\cyPm.lst -ffunction-sections -c .\Generated_Source\PSoC4\cyPm.c -o .\CortexM0\ARM_GCC_473\Debug\cyPm.o
arm-none-eabi-gcc.exe -I. -I./Generated_Source/PSoC4 -Wno-main -mcpu=cortex-m0 -mthumb -Wall -g -D DEBUG -Wa,-alh=.\CortexM0\ARM_GCC_473\Debug\cyutils.lst -ffunction-sections -c .\Generated_Source\PSoC4\cyutils.c -o .\CortexM0\ARM_GCC_473\Debug\cyutils.o
arm-none-eabi-ar.exe -rs .\CortexM0\ARM_GCC_473\Debug\Body_main.a .\CortexM0\ARM_GCC_473\Debug\cyfitter_cfg.o .\CortexM0\ARM_GCC_473\Debug\I2C_1.o .\CortexM0\ARM_GCC_473\Debug\I2C_1_I2C_INT.o .\CortexM0\ARM_GCC_473\Debug\I2C_1_I2C.o .\CortexM0\ARM_GCC_473\Debug\I2C_1_I2C_BOOT.o .\CortexM0\ARM_GCC_473\Debug\I2C_1_I2C_MASTER.o .\CortexM0\ARM_GCC_473\Debug\I2C_1_PM.o .\CortexM0\ARM_GCC_473\Debug\I2C_1_BOOT.o .\CortexM0\ARM_GCC_473\Debug\UART_1.o .\CortexM0\ARM_GCC_473\Debug\UART_1_SPI_UART.o .\CortexM0\ARM_GCC_473\Debug\UART_1_SPI_UART_INT.o .\CortexM0\ARM_GCC_473\Debug\UART_1_PM.o .\CortexM0\ARM_GCC_473\Debug\UART_1_UART.o .\CortexM0\ARM_GCC_473\Debug\UART_1_BOOT.o .\CortexM0\ARM_GCC_473\Debug\UART_1_UART_BOOT.o .\CortexM0\ARM_GCC_473\Debug\I2C_1_sda.o .\CortexM0\ARM_GCC_473\Debug\I2C_1_scl.o .\CortexM0\ARM_GCC_473\Debug\UART_1_tx.o .\CortexM0\ARM_GCC_473\Debug\UART_1_rx.o .\CortexM0\ARM_GCC_473\Debug\CyBootAsmGnu.o .\CortexM0\ARM_GCC_473\Debug\CyFlash.o .\CortexM0\ARM_GCC_473\Debug\CyLib.o .\CortexM0\ARM_GCC_473\Debug\cyPm.o .\CortexM0\ARM_GCC_473\Debug\cyutils.o
arm-none-eabi-ar.exe: creating .\CortexM0\ARM_GCC_473\Debug\Body_main.a
arm-none-eabi-gcc.exe -mthumb -march=armv6-m -T .\Generated_Source\PSoC4\cm0gcc.ld -g -Wl,-Map,.\CortexM0\ARM_GCC_473\Debug\Body_main.map -specs=nano.specs -Wl,--gc-sections -Wl,--start-group -o .\CortexM0\ARM_GCC_473\Debug\Body_main.elf .\CortexM0\ARM_GCC_473\Debug\main.o .\CortexM0\ARM_GCC_473\Debug\cymetadata.o .\CortexM0\ARM_GCC_473\Debug\Cm0Start.o .\CortexM0\ARM_GCC_473\Debug\Body_main.a "C:\Program Files (x86)\Cypress\PSoC Creator\3.0\PSoC Creator\psoc\content\cycomponentlibrary\CyComponentLibrary.cylib\CortexM0\ARM_GCC_473\Debug\CyComponentLibrary.a" -Wl,--end-group
cyelftool.exe -C "C:\Users\Jeppe\Documents\Engineer\3_Semester\E3PRJ3\Design og implementering\Body SW\Body_main\Body_main.cydsn\CortexM0\ARM_GCC_473\Debug\Body_main.elf" --flash_size 32768 --flash_row_size 128
cyelftool.exe -S "C:\Users\Jeppe\Documents\Engineer\3_Semester\E3PRJ3\Design og implementering\Body SW\Body_main\Body_main.cydsn\CortexM0\ARM_GCC_473\Debug\Body_main.elf"
Flash used: 6150 of 32768 bytes (18,8 %).
SRAM used: 2756 of 4096 bytes (67,3 %).
--------------- Build Succeeded: 12/08/2014 15:45:43 ---------------
