--------------- Rebuild Started: 11/16/2014 15:43:26 Project: BR3K_ButtonMatrix, Configuration: ARM GCC 4.7.3 Debug ---------------
Deleting file ".\BR3K_ButtonMatrix.rpt"
cydsfit.exe "-.appdatapath" "C:\Users\Felix\AppData\Local\Cypress Semiconductor\PSoC Creator\3.0" "-.fdsnotice" "-.fdswarpdepfile=warp_dependencies.txt" "-.fdselabdepfile=elab_dependencies.txt" "-.fdsbldfile=generated_files.txt" "-p" "C:\Users\Felix\Git Repository\PRJ3\Design og implementering\Body SW\BR3K\BR3K_ButtonMatrix.cydsn\BR3K_ButtonMatrix.cyprj" "-d" "CY8C4245AXI-483" "-s" "C:\Users\Felix\Git Repository\PRJ3\Design og implementering\Body SW\BR3K\BR3K_ButtonMatrix.cydsn\Generated_Source\PSoC4" "--" "-yv2" "-v3" "-ygs" "-q10" "-o2" "-.fftcfgtype=LE"
Elaborating Design...
HDL Generation ...
Synthesis ...
Place and Route ...
Tech mapping ...
ADD: pft.M0040: information: The following 7 pin(s) will be assigned a location by the fitter: BM_1(0), BM_2(0), BM_3(0), BM_4(0), BM_A(0), BM_B(0), BM_C(0)
Analog Placement ...
Analog Routing ...
Analog Code Generation ...
Digital Placement ...
Error: plm.M0023: Port "0" can only support one interrupt at a time and cannot include pin component "BM_B(0)" since the port is already assigned an interrupt from "BM_A". (App=cydsfit)
Error: plm.M0004: Fixed location constraints could not be satisfied during placement.  See report file for more information. (App=cydsfit)
Error: plm.M0003: Initial placement failed. (App=cydsfit)
Dependency Generation ...
Clean Temporary Files ...
Error: cdf.M0005: CyDsFit aborted due to errors, please address all errors and rerun CyDsFit. (App=cydsfit)
--------------- Rebuild Failed: 11/16/2014 15:43:37 ---------------
